emcc: warning: LLVM version for clang executable "/usr/local/bin/clang" appears incorrect (seeing "16.0", expected "17") [-Wversion-check]
cil-rdjr4QBV.o:1:9: warning: unknown pragma ignored [-Wunknown-pragmas]
#pragma merger("0","/tmp/cil-6dcU290U.i","")
        ^
cil-aSIa5Wmk.o:1:9: warning: unknown pragma ignored [-Wunknown-pragmas]
#pragma merger("0","/tmp/cil-iFp80B32.i","")
        ^
cil-ZNHET_32.o:1:9: warning: unknown pragma ignored [-Wunknown-pragmas]
#pragma merger("0","/tmp/cil-gQgvDuDf.i","")
        ^
cil-Kq0MnaHp.o:1:9: warning: unknown pragma ignored [-Wunknown-pragmas]
#pragma merger("0","/tmp/cil-Y2GxJHMC.i","")
        ^
cil-uq5UMIXS.o:1:9: warning: unknown pragma ignored [-Wunknown-pragmas]
#pragma merger("0","/tmp/cil-Zx_eWT4C.i","")
        ^
jh_ansi_opt64.c:378:7: warning: variable 'tmp___0' set but not used [-Wunused-but-set-variable]
  int tmp___0 ;
      ^
cil-BPyBfNum.o:1:9: warning: unknown pragma ignored [-Wunknown-pragmas]
#pragma merger("0","/tmp/cil-yYP18nD_.i","")
        ^
cil-NDIyUGH0.o:1:9: warning: unknown pragma ignored [-Wunknown-pragmas]
#pragma merger("0","/tmp/cil-YSLEcmd7.i","")
        ^
cil-Y1VxUFL4.o:1:9: warning: unknown pragma ignored [-Wunknown-pragmas]
#pragma merger("0","/tmp/cil-cABsfsw1.i","")
        ^
std::mt19937_64 seeded with current timestamp: 1679666851872
Initializing Hikari Core with Revision ID:dc9664d3ffbd6539efca6fbc18506fb7f8883093
Running Hikari On /llvm/dataset/cn-1/cn-1.c
Failed To Link PreCompiled AntiHooking IR From:/root/Hikari/PrecompiledAntiHooking-unknown-unknown.bc
wasm32-unknown-emscripten is Not Supported For LLVM AntiClassDump
Probably GNU Step?
Running AntiClassDump On /llvm/dataset/cn-1/cn-1.c
No ObjC Class Found in :/llvm/dataset/cn-1/cn-1.c
Doing Post-Run Cleanup
Hikari Out
Spend Time: 0.0077209s
9 warnings generated.
