emcc: warning: LLVM version for clang executable "/usr/local/bin/clang" appears incorrect (seeing "16.0", expected "17") [-Wversion-check]
cil-kc6_sz7c.o:1:9: warning: unknown pragma ignored [-Wunknown-pragmas]
#pragma merger("0","/tmp/cil-zcDy_7zS.i","")
        ^
cil-NM97Qpre.o:1:9: warning: unknown pragma ignored [-Wunknown-pragmas]
#pragma merger("0","/tmp/cil-o5mkMxr2.i","")
        ^
cil-_bJgDZjN.o:1:9: warning: unknown pragma ignored [-Wunknown-pragmas]
#pragma merger("0","/tmp/cil-OXtdJs7M.i","")
        ^
cil-_qP_8bLk.o:1:9: warning: unknown pragma ignored [-Wunknown-pragmas]
#pragma merger("0","/tmp/cil-46TAMJWp.i","")
        ^
cil-owfmAkk8.o:1:9: warning: unknown pragma ignored [-Wunknown-pragmas]
#pragma merger("0","/tmp/cil-de1EyBD1.i","")
        ^
jh_ansi_opt64.c:378:7: warning: variable 'tmp___0' set but not used [-Wunused-but-set-variable]
  int tmp___0 ;
      ^
cil-NaJp1kcv.o:1:9: warning: unknown pragma ignored [-Wunknown-pragmas]
#pragma merger("0","/tmp/cil-xJgMxrIz.i","")
        ^
cil-Iqubvw_U.o:1:9: warning: unknown pragma ignored [-Wunknown-pragmas]
#pragma merger("0","/tmp/cil-DI7Gp7Sw.i","")
        ^
cil-oe04Wp0K.o:1:9: warning: unknown pragma ignored [-Wunknown-pragmas]
#pragma merger("0","/tmp/cil-6Qt6d4pQ.i","")
        ^
std::mt19937_64 seeded with current timestamp: 1679667183454
Initializing Hikari Core with Revision ID:dc9664d3ffbd6539efca6fbc18506fb7f8883093
Running Hikari On /llvm/dataset/cn-2/cn-2.c
Failed To Link PreCompiled AntiHooking IR From:/root/Hikari/PrecompiledAntiHooking-unknown-unknown.bc
Running FunctionCallObfuscate On blake256_compress
Failed To Load Symbol Configuration From:/root/Hikari/SymbolConfig.json
Unsupported Target Triple: wasm32-unknown-emscripten
Running FunctionCallObfuscate On blake256_init
Unsupported Target Triple: wasm32-unknown-emscripten
Running FunctionCallObfuscate On blake224_init
Unsupported Target Triple: wasm32-unknown-emscripten
Running FunctionCallObfuscate On blake256_update
Unsupported Target Triple: wasm32-unknown-emscripten
Running FunctionCallObfuscate On blake224_update
Unsupported Target Triple: wasm32-unknown-emscripten
Running FunctionCallObfuscate On blake256_final_h
Unsupported Target Triple: wasm32-unknown-emscripten
Running FunctionCallObfuscate On blake256_final
Unsupported Target Triple: wasm32-unknown-emscripten
Running FunctionCallObfuscate On blake224_final
Unsupported Target Triple: wasm32-unknown-emscripten
Running FunctionCallObfuscate On blake256_hash
Unsupported Target Triple: wasm32-unknown-emscripten
Running FunctionCallObfuscate On blake
Unsupported Target Triple: wasm32-unknown-emscripten
Running FunctionCallObfuscate On blake224_hash
Unsupported Target Triple: wasm32-unknown-emscripten
Running FunctionCallObfuscate On hmac_blake256_init
Unsupported Target Triple: wasm32-unknown-emscripten
Running FunctionCallObfuscate On hmac_blake224_init
Unsupported Target Triple: wasm32-unknown-emscripten
Running FunctionCallObfuscate On hmac_blake256_update
Unsupported Target Triple: wasm32-unknown-emscripten
Running FunctionCallObfuscate On hmac_blake224_update
Unsupported Target Triple: wasm32-unknown-emscripten
Running FunctionCallObfuscate On hmac_blake256_final
Unsupported Target Triple: wasm32-unknown-emscripten
Running FunctionCallObfuscate On hmac_blake224_final
Unsupported Target Triple: wasm32-unknown-emscripten
Running FunctionCallObfuscate On hmac_blake256_hash
Unsupported Target Triple: wasm32-unknown-emscripten
Running FunctionCallObfuscate On hmac_blake224_hash
Unsupported Target Triple: wasm32-unknown-emscripten
Running FunctionCallObfuscate On do_blake_hash
Unsupported Target Triple: wasm32-unknown-emscripten
Running FunctionCallObfuscate On do_groestl_hash
Unsupported Target Triple: wasm32-unknown-emscripten
Running FunctionCallObfuscate On groestl
Unsupported Target Triple: wasm32-unknown-emscripten
Running FunctionCallObfuscate On do_jh_hash
Unsupported Target Triple: wasm32-unknown-emscripten
Running FunctionCallObfuscate On jh
Unsupported Target Triple: wasm32-unknown-emscripten
Running FunctionCallObfuscate On do_skein_hash
Unsupported Target Triple: wasm32-unknown-emscripten
Running FunctionCallObfuscate On skein
Unsupported Target Triple: wasm32-unknown-emscripten
Running FunctionCallObfuscate On xor_blocks_dst
Unsupported Target Triple: wasm32-unknown-emscripten
Running FunctionCallObfuscate On mul64to128
Unsupported Target Triple: wasm32-unknown-emscripten
Running FunctionCallObfuscate On sum_xor_dst
Unsupported Target Triple: wasm32-unknown-emscripten
Running FunctionCallObfuscate On xor_blocks
Unsupported Target Triple: wasm32-unknown-emscripten
Running FunctionCallObfuscate On SubAndShiftAndMixAddRound
Unsupported Target Triple: wasm32-unknown-emscripten
Running FunctionCallObfuscate On SubAndShiftAndMixAddRoundInPlace
Unsupported Target Triple: wasm32-unknown-emscripten
Running FunctionCallObfuscate On cryptonight_hash_ctx
Unsupported Target Triple: wasm32-unknown-emscripten
Running FunctionCallObfuscate On oaes_alloc
Unsupported Target Triple: wasm32-unknown-emscripten
Running FunctionCallObfuscate On keccak
Unsupported Target Triple: wasm32-unknown-emscripten
Running FunctionCallObfuscate On v4_random_math_init
Unsupported Target Triple: wasm32-unknown-emscripten
Running FunctionCallObfuscate On oaes_key_import_data
Unsupported Target Triple: wasm32-unknown-emscripten
Running FunctionCallObfuscate On xor64
Unsupported Target Triple: wasm32-unknown-emscripten
Running FunctionCallObfuscate On copy_block
Unsupported Target Triple: wasm32-unknown-emscripten
Running FunctionCallObfuscate On v4_random_math
Unsupported Target Triple: wasm32-unknown-emscripten
Running FunctionCallObfuscate On oaes_free
Unsupported Target Triple: wasm32-unknown-emscripten
Running FunctionCallObfuscate On keccakf
Unsupported Target Triple: wasm32-unknown-emscripten
Running FunctionCallObfuscate On cryptonight
Unsupported Target Triple: wasm32-unknown-emscripten
Running FunctionCallObfuscate On Init
Unsupported Target Triple: wasm32-unknown-emscripten
Running FunctionCallObfuscate On Update
Unsupported Target Triple: wasm32-unknown-emscripten
Running FunctionCallObfuscate On Final
Unsupported Target Triple: wasm32-unknown-emscripten
Running FunctionCallObfuscate On Hash
Unsupported Target Triple: wasm32-unknown-emscripten
Running FunctionCallObfuscate On keccak1600
Unsupported Target Triple: wasm32-unknown-emscripten
Running FunctionCallObfuscate On hash_cn
Unsupported Target Triple: wasm32-unknown-emscripten
Running FunctionCallObfuscate On oaes_sprintf
Unsupported Target Triple: wasm32-unknown-emscripten
Running FunctionCallObfuscate On oaes_key_gen_128
Unsupported Target Triple: wasm32-unknown-emscripten
Running FunctionCallObfuscate On oaes_key_gen
Unsupported Target Triple: wasm32-unknown-emscripten
Running FunctionCallObfuscate On oaes_key_gen_192
Unsupported Target Triple: wasm32-unknown-emscripten
Running FunctionCallObfuscate On oaes_key_gen_256
Unsupported Target Triple: wasm32-unknown-emscripten
Running FunctionCallObfuscate On oaes_key_export
Unsupported Target Triple: wasm32-unknown-emscripten
Running FunctionCallObfuscate On oaes_key_export_data
Unsupported Target Triple: wasm32-unknown-emscripten
Running FunctionCallObfuscate On oaes_key_import
Unsupported Target Triple: wasm32-unknown-emscripten
Running FunctionCallObfuscate On oaes_key_destroy
Unsupported Target Triple: wasm32-unknown-emscripten
Running FunctionCallObfuscate On oaes_key_expand
Unsupported Target Triple: wasm32-unknown-emscripten
Running FunctionCallObfuscate On oaes_get_seed
Unsupported Target Triple: wasm32-unknown-emscripten
Running FunctionCallObfuscate On oaes_set_option
Unsupported Target Triple: wasm32-unknown-emscripten
Running FunctionCallObfuscate On oaes_encrypt
Unsupported Target Triple: wasm32-unknown-emscripten
Running FunctionCallObfuscate On oaes_encrypt_block
Unsupported Target Triple: wasm32-unknown-emscripten
Running FunctionCallObfuscate On oaes_decrypt
Unsupported Target Triple: wasm32-unknown-emscripten
Running FunctionCallObfuscate On oaes_decrypt_block
Unsupported Target Triple: wasm32-unknown-emscripten
Running FunctionCallObfuscate On oaes_encryption_round
Unsupported Target Triple: wasm32-unknown-emscripten
Running FunctionCallObfuscate On oaes_sub_byte
Unsupported Target Triple: wasm32-unknown-emscripten
Running FunctionCallObfuscate On oaes_shift_rows
Unsupported Target Triple: wasm32-unknown-emscripten
Running FunctionCallObfuscate On oaes_mix_cols
Unsupported Target Triple: wasm32-unknown-emscripten
Running FunctionCallObfuscate On oaes_pseudo_encrypt_ecb
Unsupported Target Triple: wasm32-unknown-emscripten
Running FunctionCallObfuscate On Skein_Put64_LSB_First
Unsupported Target Triple: wasm32-unknown-emscripten
Running FunctionCallObfuscate On Skein_Get64_LSB_First
Unsupported Target Triple: wasm32-unknown-emscripten
Running FunctionCallObfuscate On Init___1
Unsupported Target Triple: wasm32-unknown-emscripten
Running FunctionCallObfuscate On Update___1
Unsupported Target Triple: wasm32-unknown-emscripten
Running FunctionCallObfuscate On Final___1
Unsupported Target Triple: wasm32-unknown-emscripten
Running FunctionCallObfuscate On check_data
Unsupported Target Triple: wasm32-unknown-emscripten
Running FunctionCallObfuscate On Transform
Unsupported Target Triple: wasm32-unknown-emscripten
Running FunctionCallObfuscate On F512
Unsupported Target Triple: wasm32-unknown-emscripten
Running FunctionCallObfuscate On RND512Q
Unsupported Target Triple: wasm32-unknown-emscripten
Running FunctionCallObfuscate On RND512P
Unsupported Target Triple: wasm32-unknown-emscripten
Running FunctionCallObfuscate On OutputTransformation
Unsupported Target Triple: wasm32-unknown-emscripten
Running FunctionCallObfuscate On Init___0
Unsupported Target Triple: wasm32-unknown-emscripten
Running FunctionCallObfuscate On Update___0
Unsupported Target Triple: wasm32-unknown-emscripten
Running FunctionCallObfuscate On Final___0
Unsupported Target Triple: wasm32-unknown-emscripten
Running FunctionCallObfuscate On F8
Unsupported Target Triple: wasm32-unknown-emscripten
Running FunctionCallObfuscate On E8
Unsupported Target Triple: wasm32-unknown-emscripten
Running FunctionCallObfuscate On oaes_word_rot_left
Unsupported Target Triple: wasm32-unknown-emscripten
Running FunctionCallObfuscate On oaes_inv_shift_rows
Unsupported Target Triple: wasm32-unknown-emscripten
Running FunctionCallObfuscate On oaes_inv_sub_byte
Unsupported Target Triple: wasm32-unknown-emscripten
Running FunctionCallObfuscate On oaes_inv_mix_cols
Unsupported Target Triple: wasm32-unknown-emscripten
Running FunctionCallObfuscate On oaes_gf_mul
Unsupported Target Triple: wasm32-unknown-emscripten
Running FunctionCallObfuscate On Skein_512_Init
Unsupported Target Triple: wasm32-unknown-emscripten
Running FunctionCallObfuscate On Skein1024_Init
Unsupported Target Triple: wasm32-unknown-emscripten
Running FunctionCallObfuscate On Skein_512_Process_Block
Unsupported Target Triple: wasm32-unknown-emscripten
Running FunctionCallObfuscate On Skein1024_Process_Block
Unsupported Target Triple: wasm32-unknown-emscripten
Running FunctionCallObfuscate On Skein_512_Update
Unsupported Target Triple: wasm32-unknown-emscripten
Running FunctionCallObfuscate On Skein_256_Update
Unsupported Target Triple: wasm32-unknown-emscripten
Running FunctionCallObfuscate On Skein1024_Update
Unsupported Target Triple: wasm32-unknown-emscripten
Running FunctionCallObfuscate On Skein_256_Process_Block
Unsupported Target Triple: wasm32-unknown-emscripten
Running FunctionCallObfuscate On Skein_512_Final
Unsupported Target Triple: wasm32-unknown-emscripten
Running FunctionCallObfuscate On Skein_256_Final
Unsupported Target Triple: wasm32-unknown-emscripten
Running FunctionCallObfuscate On Skein1024_Final
Unsupported Target Triple: wasm32-unknown-emscripten
Doing Post-Run Cleanup
Hikari Out
Spend Time: 0.0095172s
9 warnings generated.
