emcc: warning: LLVM version for clang executable "/usr/local/bin/clang" appears incorrect (seeing "16.0", expected "17") [-Wversion-check]
cil-1j4hmCk_.o:1:9: warning: unknown pragma ignored [-Wunknown-pragmas]
#pragma merger("0","/tmp/cil-mVWkzLkn.i","")
        ^
cil-HAtrTHHZ.o:1:9: warning: unknown pragma ignored [-Wunknown-pragmas]
#pragma merger("0","/tmp/cil-_i32YZL_.i","")
        ^
cil-rjh1yEDH.o:1:9: warning: unknown pragma ignored [-Wunknown-pragmas]
#pragma merger("0","/tmp/cil-yd4fshJs.i","")
        ^
cil-l0jvPgLv.o:1:9: warning: unknown pragma ignored [-Wunknown-pragmas]
#pragma merger("0","/tmp/cil-9E_snuDb.i","")
        ^
cil-KNN8KZFE.o:1:9: warning: unknown pragma ignored [-Wunknown-pragmas]
#pragma merger("0","/tmp/cil-Obbvqagu.i","")
        ^
jh_ansi_opt64.c:378:7: warning: variable 'tmp___0' set but not used [-Wunused-but-set-variable]
  int tmp___0 ;
      ^
cil-PNQpeRHY.o:1:9: warning: unknown pragma ignored [-Wunknown-pragmas]
#pragma merger("0","/tmp/cil-Y_7798l9.i","")
        ^
cil-WmARfr_N.o:1:9: warning: unknown pragma ignored [-Wunknown-pragmas]
#pragma merger("0","/tmp/cil-cENAVfOv.i","")
        ^
cil-81mCLecN.o:1:9: warning: unknown pragma ignored [-Wunknown-pragmas]
#pragma merger("0","/tmp/cil-eOOA6bu9.i","")
        ^
std::mt19937_64 seeded with current timestamp: 1679667211834
Initializing Hikari Core with Revision ID:dc9664d3ffbd6539efca6fbc18506fb7f8883093
Running Hikari On /llvm/dataset/cn-half/cn-half.c
Failed To Link PreCompiled AntiHooking IR From:/root/Hikari/PrecompiledAntiHooking-unknown-unknown.bc
Running StringEncryption On blake256_compress
Running StringEncryption On blake256_init
Running StringEncryption On blake224_init
Running StringEncryption On blake256_update
Running StringEncryption On blake224_update
Running StringEncryption On blake256_final_h
Running StringEncryption On blake256_final
Running StringEncryption On blake224_final
Running StringEncryption On blake256_hash
Running StringEncryption On blake
Running StringEncryption On blake224_hash
Running StringEncryption On hmac_blake256_init
Running StringEncryption On hmac_blake224_init
Running StringEncryption On hmac_blake256_update
Running StringEncryption On hmac_blake224_update
Running StringEncryption On hmac_blake256_final
Running StringEncryption On hmac_blake224_final
Running StringEncryption On hmac_blake256_hash
Running StringEncryption On hmac_blake224_hash
Running StringEncryption On do_blake_hash
Running StringEncryption On do_groestl_hash
Running StringEncryption On groestl
Running StringEncryption On do_jh_hash
Running StringEncryption On jh
Running StringEncryption On do_skein_hash
Running StringEncryption On skein
Running StringEncryption On xor_blocks_dst
Running StringEncryption On mul64to128
Running StringEncryption On sum_xor_dst
Running StringEncryption On xor_blocks
Running StringEncryption On SubAndShiftAndMixAddRound
Running StringEncryption On SubAndShiftAndMixAddRoundInPlace
Running StringEncryption On cryptonight_hash_ctx
Running StringEncryption On oaes_alloc
Running StringEncryption On keccak
Running StringEncryption On v4_random_math_init
Running StringEncryption On oaes_key_import_data
Running StringEncryption On xor64
Running StringEncryption On copy_block
Running StringEncryption On v4_random_math
Running StringEncryption On oaes_free
Running StringEncryption On keccakf
Running StringEncryption On cryptonight
Running StringEncryption On Init
Running StringEncryption On Update
Running StringEncryption On Final
Running StringEncryption On Hash
Running StringEncryption On keccak1600
Running StringEncryption On hash_cn
Running StringEncryption On oaes_sprintf
Running StringEncryption On oaes_key_gen_128
Running StringEncryption On oaes_key_gen
Running StringEncryption On oaes_key_gen_192
Running StringEncryption On oaes_key_gen_256
Running StringEncryption On oaes_key_export
Running StringEncryption On oaes_key_export_data
Running StringEncryption On oaes_key_import
Running StringEncryption On oaes_key_destroy
Running StringEncryption On oaes_key_expand
Running StringEncryption On oaes_get_seed
Running StringEncryption On oaes_set_option
Running StringEncryption On oaes_encrypt
Running StringEncryption On oaes_encrypt_block
Running StringEncryption On oaes_decrypt
Running StringEncryption On oaes_decrypt_block
Running StringEncryption On oaes_encryption_round
Running StringEncryption On oaes_sub_byte
Running StringEncryption On oaes_shift_rows
Running StringEncryption On oaes_mix_cols
Running StringEncryption On oaes_pseudo_encrypt_ecb
Running StringEncryption On Skein_Put64_LSB_First
Running StringEncryption On Skein_Get64_LSB_First
Running StringEncryption On Init___1
Running StringEncryption On Update___1
Running StringEncryption On Final___1
Running StringEncryption On check_data
Running StringEncryption On Transform
Running StringEncryption On F512
Running StringEncryption On RND512Q
Running StringEncryption On RND512P
Running StringEncryption On OutputTransformation
Running StringEncryption On Init___0
Running StringEncryption On Update___0
Running StringEncryption On Final___0
Running StringEncryption On F8
Running StringEncryption On E8
Running StringEncryption On oaes_word_rot_left
Running StringEncryption On oaes_inv_shift_rows
Running StringEncryption On oaes_inv_sub_byte
Running StringEncryption On oaes_inv_mix_cols
Running StringEncryption On oaes_gf_mul
Running StringEncryption On Skein_512_Init
Running StringEncryption On Skein1024_Init
Running StringEncryption On Skein_512_Process_Block
Running StringEncryption On Skein1024_Process_Block
Running StringEncryption On Skein_512_Update
Running StringEncryption On Skein_256_Update
Running StringEncryption On Skein1024_Update
Running StringEncryption On Skein_256_Process_Block
Running StringEncryption On Skein_512_Final
Running StringEncryption On Skein_256_Final
Running StringEncryption On Skein1024_Final
Doing Post-Run Cleanup
Hikari Out
Spend Time: 0.0109208s
9 warnings generated.
