emcc: warning: LLVM version for clang executable "/usr/local/bin/clang" appears incorrect (seeing "16.0", expected "17") [-Wversion-check]
cil-1j4hmCk_.o:1:9: warning: unknown pragma ignored [-Wunknown-pragmas]
#pragma merger("0","/tmp/cil-mVWkzLkn.i","")
        ^
cil-HAtrTHHZ.o:1:9: warning: unknown pragma ignored [-Wunknown-pragmas]
#pragma merger("0","/tmp/cil-_i32YZL_.i","")
        ^
cil-rjh1yEDH.o:1:9: warning: unknown pragma ignored [-Wunknown-pragmas]
#pragma merger("0","/tmp/cil-yd4fshJs.i","")
        ^
cil-l0jvPgLv.o:1:9: warning: unknown pragma ignored [-Wunknown-pragmas]
#pragma merger("0","/tmp/cil-9E_snuDb.i","")
        ^
cil-KNN8KZFE.o:1:9: warning: unknown pragma ignored [-Wunknown-pragmas]
#pragma merger("0","/tmp/cil-Obbvqagu.i","")
        ^
jh_ansi_opt64.c:378:7: warning: variable 'tmp___0' set but not used [-Wunused-but-set-variable]
  int tmp___0 ;
      ^
cil-PNQpeRHY.o:1:9: warning: unknown pragma ignored [-Wunknown-pragmas]
#pragma merger("0","/tmp/cil-Y_7798l9.i","")
        ^
cil-WmARfr_N.o:1:9: warning: unknown pragma ignored [-Wunknown-pragmas]
#pragma merger("0","/tmp/cil-cENAVfOv.i","")
        ^
cil-81mCLecN.o:1:9: warning: unknown pragma ignored [-Wunknown-pragmas]
#pragma merger("0","/tmp/cil-eOOA6bu9.i","")
        ^
std::mt19937_64 seeded with current timestamp: 1679667237032
Initializing Hikari Core with Revision ID:dc9664d3ffbd6539efca6fbc18506fb7f8883093
Running Hikari On /llvm/dataset/cn-half/cn-half.c
Failed To Link PreCompiled AntiHooking IR From:/root/Hikari/PrecompiledAntiHooking-unknown-unknown.bc
Running AntiDebugging On blake256_compress
Failed To Link PreCompiled AntiDebugging IR From:/root/Hikari/PrecompiledAntiDebugging-wasm32-emscripten.bc
Running AntiDebugging On blake256_init
Running AntiDebugging On blake224_init
The ADBCallBack and ADBInit functions were not found
Unsupported Inline Assembly AntiDebugging Target: wasm32-unknown-emscripten
Running AntiDebugging On blake256_update
The ADBCallBack and ADBInit functions were not found
Unsupported Inline Assembly AntiDebugging Target: wasm32-unknown-emscripten
Running AntiDebugging On blake224_update
The ADBCallBack and ADBInit functions were not found
Unsupported Inline Assembly AntiDebugging Target: wasm32-unknown-emscripten
Running AntiDebugging On blake256_final_h
Running AntiDebugging On blake256_final
Running AntiDebugging On blake224_final
The ADBCallBack and ADBInit functions were not found
Unsupported Inline Assembly AntiDebugging Target: wasm32-unknown-emscripten
Running AntiDebugging On blake256_hash
The ADBCallBack and ADBInit functions were not found
Unsupported Inline Assembly AntiDebugging Target: wasm32-unknown-emscripten
Running AntiDebugging On blake
The ADBCallBack and ADBInit functions were not found
Unsupported Inline Assembly AntiDebugging Target: wasm32-unknown-emscripten
Running AntiDebugging On blake224_hash
The ADBCallBack and ADBInit functions were not found
Unsupported Inline Assembly AntiDebugging Target: wasm32-unknown-emscripten
Running AntiDebugging On hmac_blake256_init
Running AntiDebugging On hmac_blake224_init
Running AntiDebugging On hmac_blake256_update
Running AntiDebugging On hmac_blake224_update
The ADBCallBack and ADBInit functions were not found
Unsupported Inline Assembly AntiDebugging Target: wasm32-unknown-emscripten
Running AntiDebugging On hmac_blake256_final
Running AntiDebugging On hmac_blake224_final
Running AntiDebugging On hmac_blake256_hash
The ADBCallBack and ADBInit functions were not found
Unsupported Inline Assembly AntiDebugging Target: wasm32-unknown-emscripten
Running AntiDebugging On hmac_blake224_hash
Running AntiDebugging On do_blake_hash
Running AntiDebugging On do_groestl_hash
The ADBCallBack and ADBInit functions were not found
Unsupported Inline Assembly AntiDebugging Target: wasm32-unknown-emscripten
Running AntiDebugging On groestl
Running AntiDebugging On do_jh_hash
Running AntiDebugging On jh
The ADBCallBack and ADBInit functions were not found
Unsupported Inline Assembly AntiDebugging Target: wasm32-unknown-emscripten
Running AntiDebugging On do_skein_hash
Running AntiDebugging On skein
Running AntiDebugging On xor_blocks_dst
The ADBCallBack and ADBInit functions were not found
Unsupported Inline Assembly AntiDebugging Target: wasm32-unknown-emscripten
Running AntiDebugging On mul64to128
The ADBCallBack and ADBInit functions were not found
Unsupported Inline Assembly AntiDebugging Target: wasm32-unknown-emscripten
Running AntiDebugging On sum_xor_dst
The ADBCallBack and ADBInit functions were not found
Unsupported Inline Assembly AntiDebugging Target: wasm32-unknown-emscripten
Running AntiDebugging On xor_blocks
Running AntiDebugging On SubAndShiftAndMixAddRound
Running AntiDebugging On SubAndShiftAndMixAddRoundInPlace
The ADBCallBack and ADBInit functions were not found
Unsupported Inline Assembly AntiDebugging Target: wasm32-unknown-emscripten
Running AntiDebugging On cryptonight_hash_ctx
Running AntiDebugging On oaes_alloc
Running AntiDebugging On keccak
The ADBCallBack and ADBInit functions were not found
Unsupported Inline Assembly AntiDebugging Target: wasm32-unknown-emscripten
Running AntiDebugging On v4_random_math_init
Running AntiDebugging On oaes_key_import_data
Running AntiDebugging On xor64
The ADBCallBack and ADBInit functions were not found
Unsupported Inline Assembly AntiDebugging Target: wasm32-unknown-emscripten
Running AntiDebugging On copy_block
The ADBCallBack and ADBInit functions were not found
Unsupported Inline Assembly AntiDebugging Target: wasm32-unknown-emscripten
Running AntiDebugging On v4_random_math
The ADBCallBack and ADBInit functions were not found
Unsupported Inline Assembly AntiDebugging Target: wasm32-unknown-emscripten
Running AntiDebugging On oaes_free
The ADBCallBack and ADBInit functions were not found
Running AntiDebugging On keccakf
Running AntiDebugging On cryptonight
Running AntiDebugging On Init
Running AntiDebugging On Update
The ADBCallBack and ADBInit functions were not found
Unsupported Inline Assembly AntiDebugging Target: wasm32-unknown-emscripten
Running AntiDebugging On Final
Running AntiDebugging On Hash
The ADBCallBack and ADBInit functions were not found
Running AntiDebugging On keccak1600
The ADBCallBack and ADBInit functions were not found
Unsupported Inline Assembly AntiDebugging Target: wasm32-unknown-emscripten
Running AntiDebugging On hash_cn
Running AntiDebugging On oaes_sprintf
The ADBCallBack and ADBInit functions were not found
Running AntiDebugging On oaes_key_gen_128
Running AntiDebugging On oaes_key_gen
The ADBCallBack and ADBInit functions were not found
Running AntiDebugging On oaes_key_gen_192
The ADBCallBack and ADBInit functions were not found
Running AntiDebugging On oaes_key_gen_256
Running AntiDebugging On oaes_key_export
The ADBCallBack and ADBInit functions were not found
Running AntiDebugging On oaes_key_export_data
Running AntiDebugging On oaes_key_import
The ADBCallBack and ADBInit functions were not found
Running AntiDebugging On oaes_key_destroy
The ADBCallBack and ADBInit functions were not found
Running AntiDebugging On oaes_key_expand
The ADBCallBack and ADBInit functions were not found
Running AntiDebugging On oaes_get_seed
Running AntiDebugging On oaes_set_option
Running AntiDebugging On oaes_encrypt
Running AntiDebugging On oaes_encrypt_block
The ADBCallBack and ADBInit functions were not found
Running AntiDebugging On oaes_decrypt
The ADBCallBack and ADBInit functions were not found
Running AntiDebugging On oaes_decrypt_block
Running AntiDebugging On oaes_encryption_round
Running AntiDebugging On oaes_sub_byte
The ADBCallBack and ADBInit functions were not found
Running AntiDebugging On oaes_shift_rows
Running AntiDebugging On oaes_mix_cols
Running AntiDebugging On oaes_pseudo_encrypt_ecb
Running AntiDebugging On Skein_Put64_LSB_First
Running AntiDebugging On Skein_Get64_LSB_First
The ADBCallBack and ADBInit functions were not found
Unsupported Inline Assembly AntiDebugging Target: wasm32-unknown-emscripten
Running AntiDebugging On Init___1
Running AntiDebugging On Update___1
Running AntiDebugging On Final___1
The ADBCallBack and ADBInit functions were not found
Running AntiDebugging On check_data
The ADBCallBack and ADBInit functions were not found
Unsupported Inline Assembly AntiDebugging Target: wasm32-unknown-emscripten
Running AntiDebugging On Transform
Running AntiDebugging On F512
Running AntiDebugging On RND512Q
Running AntiDebugging On RND512P
Running AntiDebugging On OutputTransformation
Running AntiDebugging On Init___0
Running AntiDebugging On Update___0
Running AntiDebugging On Final___0
Running AntiDebugging On F8
Running AntiDebugging On E8
Running AntiDebugging On oaes_word_rot_left
The ADBCallBack and ADBInit functions were not found
Running AntiDebugging On oaes_inv_shift_rows
Running AntiDebugging On oaes_inv_sub_byte
Running AntiDebugging On oaes_inv_mix_cols
The ADBCallBack and ADBInit functions were not found
Running AntiDebugging On oaes_gf_mul
Running AntiDebugging On Skein_512_Init
The ADBCallBack and ADBInit functions were not found
Running AntiDebugging On Skein1024_Init
The ADBCallBack and ADBInit functions were not found
Running AntiDebugging On Skein_512_Process_Block
Running AntiDebugging On Skein1024_Process_Block
Running AntiDebugging On Skein_512_Update
The ADBCallBack and ADBInit functions were not found
Running AntiDebugging On Skein_256_Update
The ADBCallBack and ADBInit functions were not found
Running AntiDebugging On Skein1024_Update
Running AntiDebugging On Skein_256_Process_Block
The ADBCallBack and ADBInit functions were not found
Unsupported Inline Assembly AntiDebugging Target: wasm32-unknown-emscripten
Running AntiDebugging On Skein_512_Final
Running AntiDebugging On Skein_256_Final
The ADBCallBack and ADBInit functions were not found
Running AntiDebugging On Skein1024_Final
Doing Post-Run Cleanup
Hikari Out
Spend Time: 0.0096922s
9 warnings generated.
