emcc: warning: LLVM version for clang executable "/usr/local/bin/clang" appears incorrect (seeing "16.0", expected "17") [-Wversion-check]
cil-1j4hmCk_.o:1:9: warning: unknown pragma ignored [-Wunknown-pragmas]
#pragma merger("0","/tmp/cil-mVWkzLkn.i","")
        ^
cil-HAtrTHHZ.o:1:9: warning: unknown pragma ignored [-Wunknown-pragmas]
#pragma merger("0","/tmp/cil-_i32YZL_.i","")
        ^
cil-rjh1yEDH.o:1:9: warning: unknown pragma ignored [-Wunknown-pragmas]
#pragma merger("0","/tmp/cil-yd4fshJs.i","")
        ^
cil-l0jvPgLv.o:1:9: warning: unknown pragma ignored [-Wunknown-pragmas]
#pragma merger("0","/tmp/cil-9E_snuDb.i","")
        ^
cil-KNN8KZFE.o:1:9: warning: unknown pragma ignored [-Wunknown-pragmas]
#pragma merger("0","/tmp/cil-Obbvqagu.i","")
        ^
jh_ansi_opt64.c:378:7: warning: variable 'tmp___0' set but not used [-Wunused-but-set-variable]
  int tmp___0 ;
      ^
cil-PNQpeRHY.o:1:9: warning: unknown pragma ignored [-Wunknown-pragmas]
#pragma merger("0","/tmp/cil-Y_7798l9.i","")
        ^
cil-WmARfr_N.o:1:9: warning: unknown pragma ignored [-Wunknown-pragmas]
#pragma merger("0","/tmp/cil-cENAVfOv.i","")
        ^
cil-81mCLecN.o:1:9: warning: unknown pragma ignored [-Wunknown-pragmas]
#pragma merger("0","/tmp/cil-eOOA6bu9.i","")
        ^
std::mt19937_64 seeded with current timestamp: 1679667230544
Initializing Hikari Core with Revision ID:dc9664d3ffbd6539efca6fbc18506fb7f8883093
Running Hikari On /llvm/dataset/cn-half/cn-half.c
Failed To Link PreCompiled AntiHooking IR From:/root/Hikari/PrecompiledAntiHooking-unknown-unknown.bc
wasm32-unknown-emscripten is Not Supported For LLVM AntiClassDump
Probably GNU Step?
Running AntiClassDump On /llvm/dataset/cn-half/cn-half.c
No ObjC Class Found in :/llvm/dataset/cn-half/cn-half.c
Doing Post-Run Cleanup
Hikari Out
Spend Time: 0.0149925s
9 warnings generated.
