emcc: warning: LLVM version for clang executable "/usr/local/bin/clang" appears incorrect (seeing "16.0", expected "17") [-Wversion-check]
cil-ZwCslC3P.o:1:9: warning: unknown pragma ignored [-Wunknown-pragmas]
#pragma merger("0","/tmp/cil-PsfOtluT.i","")
        ^
cil-9kCkQimM.o:1:9: warning: unknown pragma ignored [-Wunknown-pragmas]
#pragma merger("0","/tmp/cil-Ze90FwFP.i","")
        ^
cryptonight.c:360:11: warning: unused variable 'd' [-Wunused-variable]
  uint8_t d[16] ;
          ^
cryptonight.c:362:11: warning: unused variable 'f' [-Wunused-variable]
  uint8_t f[16] ;
          ^
cryptonight.c:365:10: warning: variable 'rvs' set but not used [-Wunused-but-set-variable]
  size_t rvs ;
         ^
cil-1TIVUfEn.o:1:9: warning: unknown pragma ignored [-Wunknown-pragmas]
#pragma merger("0","/tmp/cil-AZyEj4NU.i","")
        ^
cil-Ux8g28Rc.o:1:9: warning: unknown pragma ignored [-Wunknown-pragmas]
#pragma merger("0","/tmp/cil-K3bWiZQv.i","")
        ^
cil-tojVQhHU.o:1:9: warning: unknown pragma ignored [-Wunknown-pragmas]
#pragma merger("0","/tmp/cil-Lm4RoOHU.i","")
        ^
jh_ansi_opt64.c:601:7: warning: variable 'tmp___0' set but not used [-Wunused-but-set-variable]
  int tmp___0 ;
      ^
cil-y736rvgO.o:1:9: warning: unknown pragma ignored [-Wunknown-pragmas]
#pragma merger("0","/tmp/cil-AGuvDyGi.i","")
        ^
/usr/lib/emsdk/upstream/emscripten/cache/sysroot/include/math.h:108:31: warning: integer literal is too large to be represented in a signed integer type, interpreting as unsigned [-Wimplicitly-unsigned-literal]
      tmp___13 = (tmp___11 & (18446744073709551615 >> 1)) > 2047ULL << 52;
                              ^
/usr/lib/emsdk/upstream/emscripten/cache/sysroot/include/math.h:108:31: warning: integer literal is too large to be represented in a signed integer type, interpreting as unsigned [-Wimplicitly-unsigned-literal]
        tmp___7 = (tmp___5 & (18446744073709551615 >> 1)) > 2047ULL << 52;
                              ^
/usr/lib/emsdk/upstream/emscripten/cache/sysroot/include/math.h:110:16: warning: unused variable 'tmp' [-Wunused-variable]
  unsigned int tmp ;
               ^
/usr/lib/emsdk/upstream/emscripten/cache/sysroot/include/math.h:111:22: warning: unused variable 'tmp___0' [-Wunused-variable]
  unsigned long long tmp___0 ;
                     ^
/usr/lib/emsdk/upstream/emscripten/cache/sysroot/include/math.h:112:7: warning: unused variable 'tmp___1' [-Wunused-variable]
  int tmp___1 ;
      ^
/usr/lib/emsdk/upstream/emscripten/cache/sysroot/include/math.h:113:7: warning: unused variable 'tmp___2' [-Wunused-variable]
  int tmp___2 ;
      ^
/usr/lib/emsdk/upstream/emscripten/cache/sysroot/include/math.h:114:7: warning: unused variable 'tmp___3' [-Wunused-variable]
  int tmp___3 ;
      ^
/usr/lib/emsdk/upstream/emscripten/cache/sysroot/include/math.h:109:31: warning: integer literal is too large to be represented in a signed integer type, interpreting as unsigned [-Wimplicitly-unsigned-literal]
      tmp___13 = (tmp___11 & (18446744073709551615 >> 1)) > 2047ULL << 52;
                              ^
/usr/lib/emsdk/upstream/emscripten/cache/sysroot/include/math.h:109:31: warning: integer literal is too large to be represented in a signed integer type, interpreting as unsigned [-Wimplicitly-unsigned-literal]
        tmp___7 = (tmp___5 & (18446744073709551615 >> 1)) > 2047ULL << 52;
                              ^
/usr/lib/emsdk/upstream/emscripten/cache/sysroot/include/math.h:111:16: warning: unused variable 'tmp' [-Wunused-variable]
  unsigned int tmp ;
               ^
/usr/lib/emsdk/upstream/emscripten/cache/sysroot/include/math.h:112:22: warning: unused variable 'tmp___0' [-Wunused-variable]
  unsigned long long tmp___0 ;
                     ^
/usr/lib/emsdk/upstream/emscripten/cache/sysroot/include/math.h:113:7: warning: unused variable 'tmp___1' [-Wunused-variable]
  int tmp___1 ;
      ^
/usr/lib/emsdk/upstream/emscripten/cache/sysroot/include/math.h:114:7: warning: unused variable 'tmp___2' [-Wunused-variable]
  int tmp___2 ;
      ^
/usr/lib/emsdk/upstream/emscripten/cache/sysroot/include/math.h:115:7: warning: unused variable 'tmp___3' [-Wunused-variable]
  int tmp___3 ;
      ^
/usr/lib/emsdk/upstream/emscripten/cache/sysroot/include/math.h:110:31: warning: integer literal is too large to be represented in a signed integer type, interpreting as unsigned [-Wimplicitly-unsigned-literal]
      tmp___13 = (tmp___11 & (18446744073709551615 >> 1)) > 2047ULL << 52;
                              ^
/usr/lib/emsdk/upstream/emscripten/cache/sysroot/include/math.h:110:31: warning: integer literal is too large to be represented in a signed integer type, interpreting as unsigned [-Wimplicitly-unsigned-literal]
        tmp___7 = (tmp___5 & (18446744073709551615 >> 1)) > 2047ULL << 52;
                              ^
/usr/lib/emsdk/upstream/emscripten/cache/sysroot/include/math.h:112:16: warning: unused variable 'tmp' [-Wunused-variable]
  unsigned int tmp ;
               ^
/usr/lib/emsdk/upstream/emscripten/cache/sysroot/include/math.h:113:22: warning: unused variable 'tmp___0' [-Wunused-variable]
  unsigned long long tmp___0 ;
                     ^
/usr/lib/emsdk/upstream/emscripten/cache/sysroot/include/math.h:114:7: warning: unused variable 'tmp___1' [-Wunused-variable]
  int tmp___1 ;
      ^
/usr/lib/emsdk/upstream/emscripten/cache/sysroot/include/math.h:115:7: warning: unused variable 'tmp___2' [-Wunused-variable]
  int tmp___2 ;
      ^
/usr/lib/emsdk/upstream/emscripten/cache/sysroot/include/math.h:116:7: warning: unused variable 'tmp___3' [-Wunused-variable]
  int tmp___3 ;
      ^
/usr/lib/emsdk/upstream/emscripten/cache/sysroot/include/math.h:111:31: warning: integer literal is too large to be represented in a signed integer type, interpreting as unsigned [-Wimplicitly-unsigned-literal]
      tmp___13 = (tmp___11 & (18446744073709551615 >> 1)) > 2047ULL << 52;
                              ^
/usr/lib/emsdk/upstream/emscripten/cache/sysroot/include/math.h:111:31: warning: integer literal is too large to be represented in a signed integer type, interpreting as unsigned [-Wimplicitly-unsigned-literal]
        tmp___7 = (tmp___5 & (18446744073709551615 >> 1)) > 2047ULL << 52;
                              ^
/usr/lib/emsdk/upstream/emscripten/cache/sysroot/include/math.h:113:16: warning: unused variable 'tmp' [-Wunused-variable]
  unsigned int tmp ;
               ^
/usr/lib/emsdk/upstream/emscripten/cache/sysroot/include/math.h:114:22: warning: unused variable 'tmp___0' [-Wunused-variable]
  unsigned long long tmp___0 ;
                     ^
/usr/lib/emsdk/upstream/emscripten/cache/sysroot/include/math.h:115:7: warning: unused variable 'tmp___1' [-Wunused-variable]
  int tmp___1 ;
      ^
/usr/lib/emsdk/upstream/emscripten/cache/sysroot/include/math.h:116:7: warning: unused variable 'tmp___2' [-Wunused-variable]
  int tmp___2 ;
      ^
/usr/lib/emsdk/upstream/emscripten/cache/sysroot/include/math.h:117:7: warning: unused variable 'tmp___3' [-Wunused-variable]
  int tmp___3 ;
      ^
/usr/lib/emsdk/upstream/emscripten/cache/sysroot/include/math.h:112:31: warning: integer literal is too large to be represented in a signed integer type, interpreting as unsigned [-Wimplicitly-unsigned-literal]
      tmp___13 = (tmp___11 & (18446744073709551615 >> 1)) > 2047ULL << 52;
                              ^
/usr/lib/emsdk/upstream/emscripten/cache/sysroot/include/math.h:112:31: warning: integer literal is too large to be represented in a signed integer type, interpreting as unsigned [-Wimplicitly-unsigned-literal]
        tmp___7 = (tmp___5 & (18446744073709551615 >> 1)) > 2047ULL << 52;
                              ^
/usr/lib/emsdk/upstream/emscripten/cache/sysroot/include/math.h:114:16: warning: unused variable 'tmp' [-Wunused-variable]
  unsigned int tmp ;
               ^
/usr/lib/emsdk/upstream/emscripten/cache/sysroot/include/math.h:115:22: warning: unused variable 'tmp___0' [-Wunused-variable]
  unsigned long long tmp___0 ;
                     ^
/usr/lib/emsdk/upstream/emscripten/cache/sysroot/include/math.h:116:7: warning: unused variable 'tmp___1' [-Wunused-variable]
  int tmp___1 ;
      ^
/usr/lib/emsdk/upstream/emscripten/cache/sysroot/include/math.h:117:7: warning: unused variable 'tmp___2' [-Wunused-variable]
  int tmp___2 ;
      ^
/usr/lib/emsdk/upstream/emscripten/cache/sysroot/include/math.h:118:7: warning: unused variable 'tmp___3' [-Wunused-variable]
  int tmp___3 ;
      ^
/usr/lib/emsdk/upstream/emscripten/cache/sysroot/include/math.h:113:31: warning: integer literal is too large to be represented in a signed integer type, interpreting as unsigned [-Wimplicitly-unsigned-literal]
      tmp___13 = (tmp___11 & (18446744073709551615 >> 1)) > 2047ULL << 52;
                              ^
/usr/lib/emsdk/upstream/emscripten/cache/sysroot/include/math.h:113:31: warning: integer literal is too large to be represented in a signed integer type, interpreting as unsigned [-Wimplicitly-unsigned-literal]
        tmp___7 = (tmp___5 & (18446744073709551615 >> 1)) > 2047ULL << 52;
                              ^
/usr/lib/emsdk/upstream/emscripten/cache/sysroot/include/math.h:115:16: warning: unused variable 'tmp' [-Wunused-variable]
  unsigned int tmp ;
               ^
/usr/lib/emsdk/upstream/emscripten/cache/sysroot/include/math.h:116:22: warning: unused variable 'tmp___0' [-Wunused-variable]
  unsigned long long tmp___0 ;
                     ^
/usr/lib/emsdk/upstream/emscripten/cache/sysroot/include/math.h:117:7: warning: unused variable 'tmp___1' [-Wunused-variable]
  int tmp___1 ;
      ^
/usr/lib/emsdk/upstream/emscripten/cache/sysroot/include/math.h:118:7: warning: unused variable 'tmp___2' [-Wunused-variable]
  int tmp___2 ;
      ^
/usr/lib/emsdk/upstream/emscripten/cache/sysroot/include/math.h:119:7: warning: unused variable 'tmp___3' [-Wunused-variable]
  int tmp___3 ;
      ^
/usr/lib/emsdk/upstream/emscripten/cache/sysroot/include/math.h:114:31: warning: integer literal is too large to be represented in a signed integer type, interpreting as unsigned [-Wimplicitly-unsigned-literal]
      tmp___13 = (tmp___11 & (18446744073709551615 >> 1)) > 2047ULL << 52;
                              ^
/usr/lib/emsdk/upstream/emscripten/cache/sysroot/include/math.h:114:31: warning: integer literal is too large to be represented in a signed integer type, interpreting as unsigned [-Wimplicitly-unsigned-literal]
        tmp___7 = (tmp___5 & (18446744073709551615 >> 1)) > 2047ULL << 52;
                              ^
/usr/lib/emsdk/upstream/emscripten/cache/sysroot/include/math.h:116:16: warning: unused variable 'tmp' [-Wunused-variable]
  unsigned int tmp ;
               ^
/usr/lib/emsdk/upstream/emscripten/cache/sysroot/include/math.h:117:22: warning: unused variable 'tmp___0' [-Wunused-variable]
  unsigned long long tmp___0 ;
                     ^
/usr/lib/emsdk/upstream/emscripten/cache/sysroot/include/math.h:118:7: warning: unused variable 'tmp___1' [-Wunused-variable]
  int tmp___1 ;
      ^
/usr/lib/emsdk/upstream/emscripten/cache/sysroot/include/math.h:119:7: warning: unused variable 'tmp___2' [-Wunused-variable]
  int tmp___2 ;
      ^
/usr/lib/emsdk/upstream/emscripten/cache/sysroot/include/math.h:120:7: warning: unused variable 'tmp___3' [-Wunused-variable]
  int tmp___3 ;
      ^
/usr/lib/emsdk/upstream/emscripten/cache/sysroot/include/math.h:115:31: warning: integer literal is too large to be represented in a signed integer type, interpreting as unsigned [-Wimplicitly-unsigned-literal]
      tmp___13 = (tmp___11 & (18446744073709551615 >> 1)) > 2047ULL << 52;
                              ^
/usr/lib/emsdk/upstream/emscripten/cache/sysroot/include/math.h:115:31: warning: integer literal is too large to be represented in a signed integer type, interpreting as unsigned [-Wimplicitly-unsigned-literal]
        tmp___7 = (tmp___5 & (18446744073709551615 >> 1)) > 2047ULL << 52;
                              ^
/usr/lib/emsdk/upstream/emscripten/cache/sysroot/include/math.h:117:16: warning: unused variable 'tmp' [-Wunused-variable]
  unsigned int tmp ;
               ^
/usr/lib/emsdk/upstream/emscripten/cache/sysroot/include/math.h:118:22: warning: unused variable 'tmp___0' [-Wunused-variable]
  unsigned long long tmp___0 ;
                     ^
/usr/lib/emsdk/upstream/emscripten/cache/sysroot/include/math.h:119:7: warning: unused variable 'tmp___1' [-Wunused-variable]
  int tmp___1 ;
      ^
/usr/lib/emsdk/upstream/emscripten/cache/sysroot/include/math.h:120:7: warning: unused variable 'tmp___2' [-Wunused-variable]
  int tmp___2 ;
      ^
/usr/lib/emsdk/upstream/emscripten/cache/sysroot/include/math.h:121:7: warning: unused variable 'tmp___3' [-Wunused-variable]
  int tmp___3 ;
      ^
/usr/lib/emsdk/upstream/emscripten/cache/sysroot/include/math.h:116:31: warning: integer literal is too large to be represented in a signed integer type, interpreting as unsigned [-Wimplicitly-unsigned-literal]
      tmp___13 = (tmp___11 & (18446744073709551615 >> 1)) > 2047ULL << 52;
                              ^
/usr/lib/emsdk/upstream/emscripten/cache/sysroot/include/math.h:116:31: warning: integer literal is too large to be represented in a signed integer type, interpreting as unsigned [-Wimplicitly-unsigned-literal]
        tmp___7 = (tmp___5 & (18446744073709551615 >> 1)) > 2047ULL << 52;
                              ^
/usr/lib/emsdk/upstream/emscripten/cache/sysroot/include/math.h:118:16: warning: unused variable 'tmp' [-Wunused-variable]
  unsigned int tmp ;
               ^
/usr/lib/emsdk/upstream/emscripten/cache/sysroot/include/math.h:119:22: warning: unused variable 'tmp___0' [-Wunused-variable]
  unsigned long long tmp___0 ;
                     ^
/usr/lib/emsdk/upstream/emscripten/cache/sysroot/include/math.h:120:7: warning: unused variable 'tmp___1' [-Wunused-variable]
  int tmp___1 ;
      ^
/usr/lib/emsdk/upstream/emscripten/cache/sysroot/include/math.h:121:7: warning: unused variable 'tmp___2' [-Wunused-variable]
  int tmp___2 ;
      ^
/usr/lib/emsdk/upstream/emscripten/cache/sysroot/include/math.h:122:7: warning: unused variable 'tmp___3' [-Wunused-variable]
  int tmp___3 ;
      ^
/usr/lib/emsdk/upstream/emscripten/cache/sysroot/include/math.h:117:31: warning: integer literal is too large to be represented in a signed integer type, interpreting as unsigned [-Wimplicitly-unsigned-literal]
      tmp___13 = (tmp___11 & (18446744073709551615 >> 1)) > 2047ULL << 52;
                              ^
/usr/lib/emsdk/upstream/emscripten/cache/sysroot/include/math.h:117:31: warning: integer literal is too large to be represented in a signed integer type, interpreting as unsigned [-Wimplicitly-unsigned-literal]
        tmp___7 = (tmp___5 & (18446744073709551615 >> 1)) > 2047ULL << 52;
                              ^
/usr/lib/emsdk/upstream/emscripten/cache/sysroot/include/math.h:119:16: warning: unused variable 'tmp' [-Wunused-variable]
  unsigned int tmp ;
               ^
/usr/lib/emsdk/upstream/emscripten/cache/sysroot/include/math.h:120:22: warning: unused variable 'tmp___0' [-Wunused-variable]
  unsigned long long tmp___0 ;
                     ^
/usr/lib/emsdk/upstream/emscripten/cache/sysroot/include/math.h:121:7: warning: unused variable 'tmp___1' [-Wunused-variable]
  int tmp___1 ;
      ^
/usr/lib/emsdk/upstream/emscripten/cache/sysroot/include/math.h:122:7: warning: unused variable 'tmp___2' [-Wunused-variable]
  int tmp___2 ;
      ^
/usr/lib/emsdk/upstream/emscripten/cache/sysroot/include/math.h:123:7: warning: unused variable 'tmp___3' [-Wunused-variable]
  int tmp___3 ;
      ^
/usr/lib/emsdk/upstream/emscripten/cache/sysroot/include/math.h:118:31: warning: integer literal is too large to be represented in a signed integer type, interpreting as unsigned [-Wimplicitly-unsigned-literal]
      tmp___13 = (tmp___11 & (18446744073709551615 >> 1)) > 2047ULL << 52;
                              ^
/usr/lib/emsdk/upstream/emscripten/cache/sysroot/include/math.h:118:31: warning: integer literal is too large to be represented in a signed integer type, interpreting as unsigned [-Wimplicitly-unsigned-literal]
        tmp___7 = (tmp___5 & (18446744073709551615 >> 1)) > 2047ULL << 52;
                              ^
/usr/lib/emsdk/upstream/emscripten/cache/sysroot/include/math.h:120:16: warning: unused variable 'tmp' [-Wunused-variable]
  unsigned int tmp ;
               ^
/usr/lib/emsdk/upstream/emscripten/cache/sysroot/include/math.h:121:22: warning: unused variable 'tmp___0' [-Wunused-variable]
  unsigned long long tmp___0 ;
                     ^
/usr/lib/emsdk/upstream/emscripten/cache/sysroot/include/math.h:122:7: warning: unused variable 'tmp___1' [-Wunused-variable]
  int tmp___1 ;
      ^
/usr/lib/emsdk/upstream/emscripten/cache/sysroot/include/math.h:123:7: warning: unused variable 'tmp___2' [-Wunused-variable]
  int tmp___2 ;
      ^
/usr/lib/emsdk/upstream/emscripten/cache/sysroot/include/math.h:124:7: warning: unused variable 'tmp___3' [-Wunused-variable]
  int tmp___3 ;
      ^
/usr/lib/emsdk/upstream/emscripten/cache/sysroot/include/math.h:119:31: warning: integer literal is too large to be represented in a signed integer type, interpreting as unsigned [-Wimplicitly-unsigned-literal]
      tmp___13 = (tmp___11 & (18446744073709551615 >> 1)) > 2047ULL << 52;
                              ^
/usr/lib/emsdk/upstream/emscripten/cache/sysroot/include/math.h:119:31: warning: integer literal is too large to be represented in a signed integer type, interpreting as unsigned [-Wimplicitly-unsigned-literal]
        tmp___7 = (tmp___5 & (18446744073709551615 >> 1)) > 2047ULL << 52;
                              ^
/usr/lib/emsdk/upstream/emscripten/cache/sysroot/include/math.h:121:16: warning: unused variable 'tmp' [-Wunused-variable]
  unsigned int tmp ;
               ^
/usr/lib/emsdk/upstream/emscripten/cache/sysroot/include/math.h:122:22: warning: unused variable 'tmp___0' [-Wunused-variable]
  unsigned long long tmp___0 ;
                     ^
/usr/lib/emsdk/upstream/emscripten/cache/sysroot/include/math.h:123:7: warning: unused variable 'tmp___1' [-Wunused-variable]
  int tmp___1 ;
      ^
/usr/lib/emsdk/upstream/emscripten/cache/sysroot/include/math.h:124:7: warning: unused variable 'tmp___2' [-Wunused-variable]
  int tmp___2 ;
      ^
/usr/lib/emsdk/upstream/emscripten/cache/sysroot/include/math.h:125:7: warning: unused variable 'tmp___3' [-Wunused-variable]
  int tmp___3 ;
      ^
/usr/lib/emsdk/upstream/emscripten/cache/sysroot/include/math.h:120:31: warning: integer literal is too large to be represented in a signed integer type, interpreting as unsigned [-Wimplicitly-unsigned-literal]
      tmp___13 = (tmp___11 & (18446744073709551615 >> 1)) > 2047ULL << 52;
                              ^
/usr/lib/emsdk/upstream/emscripten/cache/sysroot/include/math.h:120:31: warning: integer literal is too large to be represented in a signed integer type, interpreting as unsigned [-Wimplicitly-unsigned-literal]
        tmp___7 = (tmp___5 & (18446744073709551615 >> 1)) > 2047ULL << 52;
                              ^
/usr/lib/emsdk/upstream/emscripten/cache/sysroot/include/math.h:122:16: warning: unused variable 'tmp' [-Wunused-variable]
  unsigned int tmp ;
               ^
/usr/lib/emsdk/upstream/emscripten/cache/sysroot/include/math.h:123:22: warning: unused variable 'tmp___0' [-Wunused-variable]
  unsigned long long tmp___0 ;
                     ^
/usr/lib/emsdk/upstream/emscripten/cache/sysroot/include/math.h:124:7: warning: unused variable 'tmp___1' [-Wunused-variable]
  int tmp___1 ;
      ^
/usr/lib/emsdk/upstream/emscripten/cache/sysroot/include/math.h:125:7: warning: unused variable 'tmp___2' [-Wunused-variable]
  int tmp___2 ;
      ^
/usr/lib/emsdk/upstream/emscripten/cache/sysroot/include/math.h:126:7: warning: unused variable 'tmp___3' [-Wunused-variable]
  int tmp___3 ;
      ^
/usr/lib/emsdk/upstream/emscripten/cache/sysroot/include/math.h:121:31: warning: integer literal is too large to be represented in a signed integer type, interpreting as unsigned [-Wimplicitly-unsigned-literal]
      tmp___13 = (tmp___11 & (18446744073709551615 >> 1)) > 2047ULL << 52;
                              ^
/usr/lib/emsdk/upstream/emscripten/cache/sysroot/include/math.h:121:31: warning: integer literal is too large to be represented in a signed integer type, interpreting as unsigned [-Wimplicitly-unsigned-literal]
        tmp___7 = (tmp___5 & (18446744073709551615 >> 1)) > 2047ULL << 52;
                              ^
/usr/lib/emsdk/upstream/emscripten/cache/sysroot/include/math.h:123:16: warning: unused variable 'tmp' [-Wunused-variable]
  unsigned int tmp ;
               ^
/usr/lib/emsdk/upstream/emscripten/cache/sysroot/include/math.h:124:22: warning: unused variable 'tmp___0' [-Wunused-variable]
  unsigned long long tmp___0 ;
                     ^
/usr/lib/emsdk/upstream/emscripten/cache/sysroot/include/math.h:125:7: warning: unused variable 'tmp___1' [-Wunused-variable]
  int tmp___1 ;
      ^
/usr/lib/emsdk/upstream/emscripten/cache/sysroot/include/math.h:126:7: warning: unused variable 'tmp___2' [-Wunused-variable]
  int tmp___2 ;
      ^
/usr/lib/emsdk/upstream/emscripten/cache/sysroot/include/math.h:127:7: warning: unused variable 'tmp___3' [-Wunused-variable]
  int tmp___3 ;
      ^
/usr/lib/emsdk/upstream/emscripten/cache/sysroot/include/math.h:122:31: warning: integer literal is too large to be represented in a signed integer type, interpreting as unsigned [-Wimplicitly-unsigned-literal]
      tmp___13 = (tmp___11 & (18446744073709551615 >> 1)) > 2047ULL << 52;
                              ^
/usr/lib/emsdk/upstream/emscripten/cache/sysroot/include/math.h:122:31: warning: integer literal is too large to be represented in a signed integer type, interpreting as unsigned [-Wimplicitly-unsigned-literal]
        tmp___7 = (tmp___5 & (18446744073709551615 >> 1)) > 2047ULL << 52;
                              ^
/usr/lib/emsdk/upstream/emscripten/cache/sysroot/include/math.h:124:16: warning: unused variable 'tmp' [-Wunused-variable]
  unsigned int tmp ;
               ^
/usr/lib/emsdk/upstream/emscripten/cache/sysroot/include/math.h:125:22: warning: unused variable 'tmp___0' [-Wunused-variable]
  unsigned long long tmp___0 ;
                     ^
/usr/lib/emsdk/upstream/emscripten/cache/sysroot/include/math.h:126:7: warning: unused variable 'tmp___1' [-Wunused-variable]
  int tmp___1 ;
      ^
/usr/lib/emsdk/upstream/emscripten/cache/sysroot/include/math.h:127:7: warning: unused variable 'tmp___2' [-Wunused-variable]
  int tmp___2 ;
      ^
/usr/lib/emsdk/upstream/emscripten/cache/sysroot/include/math.h:128:7: warning: unused variable 'tmp___3' [-Wunused-variable]
  int tmp___3 ;
      ^
cil-PmDLFxUW.o:1:9: warning: unknown pragma ignored [-Wunknown-pragmas]
#pragma merger("0","/tmp/cil-mb3xwBeW.i","")
        ^
cil-FBKY5_MV.o:1:9: warning: unknown pragma ignored [-Wunknown-pragmas]
#pragma merger("0","/tmp/cil-E2JfgFYV.i","")
        ^
cryptonight.c:44:13: warning: unused function 'copy_block' [-Wunused-function]
static void copy_block(uint8_t *dst , uint8_t const   *src ) 
            ^
/usr/lib/emsdk/upstream/emscripten/cache/sysroot/include/math.h:108:21: warning: unused function '__islessf' [-Wunused-function]
__inline static int __islessf(float_t __x , float_t __y ) 
                    ^
/usr/lib/emsdk/upstream/emscripten/cache/sysroot/include/math.h:109:21: warning: unused function '__isless' [-Wunused-function]
__inline static int __isless(double_t __x , double_t __y ) 
                    ^
/usr/lib/emsdk/upstream/emscripten/cache/sysroot/include/math.h:110:21: warning: unused function '__islessl' [-Wunused-function]
__inline static int __islessl(long double __x , long double __y ) 
                    ^
/usr/lib/emsdk/upstream/emscripten/cache/sysroot/include/math.h:111:21: warning: unused function '__islessequalf' [-Wunused-function]
__inline static int __islessequalf(float_t __x , float_t __y ) 
                    ^
/usr/lib/emsdk/upstream/emscripten/cache/sysroot/include/math.h:112:21: warning: unused function '__islessequal' [-Wunused-function]
__inline static int __islessequal(double_t __x , double_t __y ) 
                    ^
/usr/lib/emsdk/upstream/emscripten/cache/sysroot/include/math.h:113:21: warning: unused function '__islessequall' [-Wunused-function]
__inline static int __islessequall(long double __x , long double __y ) 
                    ^
/usr/lib/emsdk/upstream/emscripten/cache/sysroot/include/math.h:114:21: warning: unused function '__islessgreaterf' [-Wunused-function]
__inline static int __islessgreaterf(float_t __x , float_t __y ) 
                    ^
/usr/lib/emsdk/upstream/emscripten/cache/sysroot/include/math.h:115:21: warning: unused function '__islessgreater' [-Wunused-function]
__inline static int __islessgreater(double_t __x , double_t __y ) 
                    ^
/usr/lib/emsdk/upstream/emscripten/cache/sysroot/include/math.h:116:21: warning: unused function '__islessgreaterl' [-Wunused-function]
__inline static int __islessgreaterl(long double __x , long double __y ) 
                    ^
/usr/lib/emsdk/upstream/emscripten/cache/sysroot/include/math.h:117:21: warning: unused function '__isgreaterf' [-Wunused-function]
__inline static int __isgreaterf(float_t __x , float_t __y ) 
                    ^
/usr/lib/emsdk/upstream/emscripten/cache/sysroot/include/math.h:118:21: warning: unused function '__isgreater' [-Wunused-function]
__inline static int __isgreater(double_t __x , double_t __y ) 
                    ^
/usr/lib/emsdk/upstream/emscripten/cache/sysroot/include/math.h:119:21: warning: unused function '__isgreaterl' [-Wunused-function]
__inline static int __isgreaterl(long double __x , long double __y ) 
                    ^
/usr/lib/emsdk/upstream/emscripten/cache/sysroot/include/math.h:120:21: warning: unused function '__isgreaterequalf' [-Wunused-function]
__inline static int __isgreaterequalf(float_t __x , float_t __y ) 
                    ^
/usr/lib/emsdk/upstream/emscripten/cache/sysroot/include/math.h:121:21: warning: unused function '__isgreaterequal' [-Wunused-function]
__inline static int __isgreaterequal(double_t __x , double_t __y ) 
                    ^
/usr/lib/emsdk/upstream/emscripten/cache/sysroot/include/math.h:122:21: warning: unused function '__isgreaterequall' [-Wunused-function]
__inline static int __isgreaterequall(long double __x , long double __y ) 
                    ^
/usr/lib/emsdk/upstream/emscripten/cache/sysroot/include/endian.h:19:26: warning: unused function '__bswap16' [-Wunused-function]
__inline static uint16_t __bswap16(uint16_t __x ) 
                         ^
/usr/lib/emsdk/upstream/emscripten/cache/sysroot/include/endian.h:29:26: warning: unused function '__bswap64' [-Wunused-function]
__inline static uint64_t __bswap64(uint64_t __x ) 
                         ^
std::mt19937_64 seeded with current timestamp: 1680079635663
Initializing Hikari Core with Revision ID:dc9664d3ffbd6539efca6fbc18506fb7f8883093
Running Hikari On /llvm/dataset/cn-lite-1/cn-lite-1.c
Failed To Link PreCompiled AntiHooking IR From:/root/Hikari/PrecompiledAntiHooking-unknown-unknown.bc
Running StringEncryption On blake256_compress
Running StringEncryption On blake256_init
Running StringEncryption On blake224_init
Running StringEncryption On blake256_update
Running StringEncryption On blake224_update
Running StringEncryption On blake256_final_h
Running StringEncryption On blake256_final
Running StringEncryption On blake224_final
Running StringEncryption On blake256_hash
Running StringEncryption On blake
Running StringEncryption On blake224_hash
Running StringEncryption On hmac_blake256_init
Running StringEncryption On hmac_blake224_init
Running StringEncryption On hmac_blake256_update
Running StringEncryption On hmac_blake224_update
Running StringEncryption On hmac_blake256_final
Running StringEncryption On hmac_blake224_final
Running StringEncryption On hmac_blake256_hash
Running StringEncryption On hmac_blake224_hash
Running StringEncryption On do_blake_hash
Running StringEncryption On do_groestl_hash
Running StringEncryption On groestl
Running StringEncryption On do_jh_hash
Running StringEncryption On jh
Running StringEncryption On do_skein_hash
Running StringEncryption On skein
Running StringEncryption On xor_blocks_dst
Running StringEncryption On mul64to128
Running StringEncryption On sum_xor_dst
Running StringEncryption On xor_blocks
Running StringEncryption On SubAndShiftAndMixAddRound
Running StringEncryption On SubAndShiftAndMixAddRoundInPlace
Running StringEncryption On cryptonight_hash_ctx
Running StringEncryption On oaes_alloc
Running StringEncryption On keccak
Running StringEncryption On oaes_key_import_data
Running StringEncryption On xor64
Running StringEncryption On oaes_free
Running StringEncryption On keccakf
Running StringEncryption On cryptonight
Running StringEncryption On Init
Running StringEncryption On Update
Running StringEncryption On Final
Running StringEncryption On Hash
Running StringEncryption On keccak1600
Running StringEncryption On hash_cn
Running StringEncryption On oaes_sprintf
Running StringEncryption On oaes_key_gen_128
Running StringEncryption On oaes_key_gen
Running StringEncryption On oaes_key_gen_192
Running StringEncryption On oaes_key_gen_256
Running StringEncryption On oaes_key_export
Running StringEncryption On oaes_key_export_data
Running StringEncryption On oaes_key_import
Running StringEncryption On oaes_key_destroy
Running StringEncryption On oaes_key_expand
Running StringEncryption On oaes_get_seed
Running StringEncryption On oaes_set_option
Running StringEncryption On oaes_encrypt
Running StringEncryption On oaes_encrypt_block
Running StringEncryption On oaes_decrypt
Running StringEncryption On oaes_decrypt_block
Running StringEncryption On oaes_encryption_round
Running StringEncryption On oaes_sub_byte
Running StringEncryption On oaes_shift_rows
Running StringEncryption On oaes_mix_cols
Running StringEncryption On oaes_pseudo_encrypt_ecb
Running StringEncryption On Skein_Put64_LSB_First
Running StringEncryption On Skein_Get64_LSB_First
Running StringEncryption On Init___1
Running StringEncryption On Update___1
Running StringEncryption On Final___1
Running StringEncryption On Transform
Running StringEncryption On F512
Running StringEncryption On RND512Q
Running StringEncryption On RND512P
Running StringEncryption On OutputTransformation
Running StringEncryption On Init___0
Running StringEncryption On Update___0
Running StringEncryption On Final___0
Running StringEncryption On F8
Running StringEncryption On E8
Running StringEncryption On oaes_word_rot_left
Running StringEncryption On oaes_inv_shift_rows
Running StringEncryption On oaes_inv_sub_byte
Running StringEncryption On oaes_inv_mix_cols
Running StringEncryption On oaes_gf_mul
Running StringEncryption On Skein_512_Init
Running StringEncryption On Skein1024_Init
Running StringEncryption On Skein_512_Process_Block
Running StringEncryption On Skein1024_Process_Block
Running StringEncryption On Skein_512_Update
Running StringEncryption On Skein_256_Update
Running StringEncryption On Skein1024_Update
Running StringEncryption On Skein_256_Process_Block
Running StringEncryption On Skein_512_Final
Running StringEncryption On Skein_256_Final
Running StringEncryption On Skein1024_Final
Doing Post-Run Cleanup
Hikari Out
Spend Time: 0.0060501s
135 warnings generated.
