emcc: warning: LLVM version for clang executable "/usr/local/bin/clang" appears incorrect (seeing "16.0", expected "17") [-Wversion-check]
cil-cnDsP8vB.o:1:9: warning: unknown pragma ignored [-Wunknown-pragmas]
#pragma merger("0","/tmp/cil-P24gWwbN.i","")
        ^
cil-beN9kuHi.o:1:9: warning: unknown pragma ignored [-Wunknown-pragmas]
#pragma merger("0","/tmp/cil-UtdVjPes.i","")
        ^
cil-JV_JU4OL.o:1:9: warning: unknown pragma ignored [-Wunknown-pragmas]
#pragma merger("0","/tmp/cil-P2g1hT3b.i","")
        ^
cil-Ktdz4z54.o:1:9: warning: unknown pragma ignored [-Wunknown-pragmas]
#pragma merger("0","/tmp/cil-Bp0TBoYo.i","")
        ^
cil-J20R8oZu.o:1:9: warning: unknown pragma ignored [-Wunknown-pragmas]
#pragma merger("0","/tmp/cil-lgS0ug5J.i","")
        ^
jh_ansi_opt64.c:378:7: warning: variable 'tmp___0' set but not used [-Wunused-but-set-variable]
  int tmp___0 ;
      ^
cil-w6aCXZJv.o:1:9: warning: unknown pragma ignored [-Wunknown-pragmas]
#pragma merger("0","/tmp/cil-5xRBDSoD.i","")
        ^
cil-n4gRtBHi.o:1:9: warning: unknown pragma ignored [-Wunknown-pragmas]
#pragma merger("0","/tmp/cil-uKBL51G3.i","")
        ^
cil-RpiBgbN6.o:1:9: warning: unknown pragma ignored [-Wunknown-pragmas]
#pragma merger("0","/tmp/cil-Osq4G_hS.i","")
        ^
std::mt19937_64 seeded with current timestamp: 1679667385628
Initializing Hikari Core with Revision ID:dc9664d3ffbd6539efca6fbc18506fb7f8883093
Running Hikari On /llvm/dataset/cn-lite-2/cn-lite-2.c
Failed To Link PreCompiled AntiHooking IR From:/root/Hikari/PrecompiledAntiHooking-unknown-unknown.bc
wasm32-unknown-emscripten is Not Supported For LLVM AntiClassDump
Probably GNU Step?
Running AntiClassDump On /llvm/dataset/cn-lite-2/cn-lite-2.c
No ObjC Class Found in :/llvm/dataset/cn-lite-2/cn-lite-2.c
Doing Post-Run Cleanup
Hikari Out
Spend Time: 0.0073810s
9 warnings generated.
