emcc: warning: LLVM version for clang executable "/usr/local/bin/clang" appears incorrect (seeing "16.0", expected "17") [-Wversion-check]
cil-Yl4PjTNz.o:1:9: warning: unknown pragma ignored [-Wunknown-pragmas]
#pragma merger("0","/tmp/cil-wsURgQd4.i","")
        ^
cil-DYYaM8PR.o:1:9: warning: unknown pragma ignored [-Wunknown-pragmas]
#pragma merger("0","/tmp/cil-VswPpZdx.i","")
        ^
cil-9HG0tgzK.o:1:9: warning: unknown pragma ignored [-Wunknown-pragmas]
#pragma merger("0","/tmp/cil-t63o8HzS.i","")
        ^
cil-TSpJSHed.o:1:9: warning: unknown pragma ignored [-Wunknown-pragmas]
#pragma merger("0","/tmp/cil-x5KBnxFF.i","")
        ^
cil-r77il7PY.o:1:9: warning: unknown pragma ignored [-Wunknown-pragmas]
#pragma merger("0","/tmp/cil-e1AT2VxR.i","")
        ^
jh_ansi_opt64.c:378:7: warning: variable 'tmp___0' set but not used [-Wunused-but-set-variable]
  int tmp___0 ;
      ^
cil-tWjnUryw.o:1:9: warning: unknown pragma ignored [-Wunknown-pragmas]
#pragma merger("0","/tmp/cil-e8t5GO1o.i","")
        ^
cil-YfOfNMVK.o:1:9: warning: unknown pragma ignored [-Wunknown-pragmas]
#pragma merger("0","/tmp/cil-bYVfXdXR.i","")
        ^
cil-giZWtEfA.o:1:9: warning: unknown pragma ignored [-Wunknown-pragmas]
#pragma merger("0","/tmp/cil-EtHBHYW3.i","")
        ^
std::mt19937_64 seeded with current timestamp: 1679667016510
Initializing Hikari Core with Revision ID:dc9664d3ffbd6539efca6fbc18506fb7f8883093
Running Hikari On /llvm/dataset/cn-lite-0/cn-lite-0.c
Failed To Link PreCompiled AntiHooking IR From:/root/Hikari/PrecompiledAntiHooking-unknown-unknown.bc
wasm32-unknown-emscripten is Not Supported For LLVM AntiClassDump
Probably GNU Step?
Running AntiClassDump On /llvm/dataset/cn-lite-0/cn-lite-0.c
No ObjC Class Found in :/llvm/dataset/cn-lite-0/cn-lite-0.c
Doing Post-Run Cleanup
Hikari Out
Spend Time: 0.0073750s
9 warnings generated.
