emcc: warning: LLVM version for clang executable "/usr/local/bin/clang" appears incorrect (seeing "16.0", expected "17") [-Wversion-check]
cil-pE8l6J0x.o:1:9: warning: unknown pragma ignored [-Wunknown-pragmas]
#pragma merger("0","/tmp/cil-T9HUYH75.i","")
        ^
cil-OM7583v8.o:1:9: warning: unknown pragma ignored [-Wunknown-pragmas]
#pragma merger("0","/tmp/cil-TFc4dfI3.i","")
        ^
cil-9S9ZlB6F.o:1:9: warning: unknown pragma ignored [-Wunknown-pragmas]
#pragma merger("0","/tmp/cil-SXApoTmu.i","")
        ^
cil-PZzZemMy.o:1:9: warning: unknown pragma ignored [-Wunknown-pragmas]
#pragma merger("0","/tmp/cil-9xhr9ljC.i","")
        ^
cil-nrHT6D0Z.o:1:9: warning: unknown pragma ignored [-Wunknown-pragmas]
#pragma merger("0","/tmp/cil-rJE2VB0J.i","")
        ^
jh_ansi_opt64.c:378:7: warning: variable 'tmp___0' set but not used [-Wunused-but-set-variable]
  int tmp___0 ;
      ^
cil-1gZRwMW8.o:1:9: warning: unknown pragma ignored [-Wunknown-pragmas]
#pragma merger("0","/tmp/cil-XGefNaB3.i","")
        ^
cil-tZ8hAYzw.o:1:9: warning: unknown pragma ignored [-Wunknown-pragmas]
#pragma merger("0","/tmp/cil-bYwhcRnq.i","")
        ^
cil-JG8l5iMD.o:1:9: warning: unknown pragma ignored [-Wunknown-pragmas]
#pragma merger("0","/tmp/cil-W_CMvCVX.i","")
        ^
std::mt19937_64 seeded with current timestamp: 1679666961631
Initializing Hikari Core with Revision ID:dc9664d3ffbd6539efca6fbc18506fb7f8883093
Running Hikari On /llvm/dataset/cn-pico-trtl/cn-pico-trtl.c
Failed To Link PreCompiled AntiHooking IR From:/root/Hikari/PrecompiledAntiHooking-unknown-unknown.bc
wasm32-unknown-emscripten is Not Supported For LLVM AntiClassDump
Probably GNU Step?
Running AntiClassDump On /llvm/dataset/cn-pico-trtl/cn-pico-trtl.c
No ObjC Class Found in :/llvm/dataset/cn-pico-trtl/cn-pico-trtl.c
Doing Post-Run Cleanup
Hikari Out
Spend Time: 0.0091965s
9 warnings generated.
