emcc: warning: LLVM version for clang executable "/usr/local/bin/clang" appears incorrect (seeing "16.0", expected "17") [-Wversion-check]
cil-jFBS5Vkk.o:1:9: warning: unknown pragma ignored [-Wunknown-pragmas]
#pragma merger("0","/tmp/cil-GB1Za46F.i","")
        ^
cil-uxxH35OK.o:1:9: warning: unknown pragma ignored [-Wunknown-pragmas]
#pragma merger("0","/tmp/cil-QpDyiVRn.i","")
        ^
/usr/lib/emsdk/upstream/emscripten/cache/sysroot/include/math.h:108:31: warning: integer literal is too large to be represented in a signed integer type, interpreting as unsigned [-Wimplicitly-unsigned-literal]
      tmp___13 = (tmp___11 & (18446744073709551615 >> 1)) > 2047ULL << 52;
                              ^
/usr/lib/emsdk/upstream/emscripten/cache/sysroot/include/math.h:108:31: warning: integer literal is too large to be represented in a signed integer type, interpreting as unsigned [-Wimplicitly-unsigned-literal]
        tmp___7 = (tmp___5 & (18446744073709551615 >> 1)) > 2047ULL << 52;
                              ^
/usr/lib/emsdk/upstream/emscripten/cache/sysroot/include/math.h:110:16: warning: unused variable 'tmp' [-Wunused-variable]
  unsigned int tmp ;
               ^
/usr/lib/emsdk/upstream/emscripten/cache/sysroot/include/math.h:111:22: warning: unused variable 'tmp___0' [-Wunused-variable]
  unsigned long long tmp___0 ;
                     ^
/usr/lib/emsdk/upstream/emscripten/cache/sysroot/include/math.h:112:7: warning: unused variable 'tmp___1' [-Wunused-variable]
  int tmp___1 ;
      ^
/usr/lib/emsdk/upstream/emscripten/cache/sysroot/include/math.h:113:7: warning: unused variable 'tmp___2' [-Wunused-variable]
  int tmp___2 ;
      ^
/usr/lib/emsdk/upstream/emscripten/cache/sysroot/include/math.h:114:7: warning: unused variable 'tmp___3' [-Wunused-variable]
  int tmp___3 ;
      ^
/usr/lib/emsdk/upstream/emscripten/cache/sysroot/include/math.h:109:31: warning: integer literal is too large to be represented in a signed integer type, interpreting as unsigned [-Wimplicitly-unsigned-literal]
      tmp___13 = (tmp___11 & (18446744073709551615 >> 1)) > 2047ULL << 52;
                              ^
/usr/lib/emsdk/upstream/emscripten/cache/sysroot/include/math.h:109:31: warning: integer literal is too large to be represented in a signed integer type, interpreting as unsigned [-Wimplicitly-unsigned-literal]
        tmp___7 = (tmp___5 & (18446744073709551615 >> 1)) > 2047ULL << 52;
                              ^
/usr/lib/emsdk/upstream/emscripten/cache/sysroot/include/math.h:111:16: warning: unused variable 'tmp' [-Wunused-variable]
  unsigned int tmp ;
               ^
/usr/lib/emsdk/upstream/emscripten/cache/sysroot/include/math.h:112:22: warning: unused variable 'tmp___0' [-Wunused-variable]
  unsigned long long tmp___0 ;
                     ^
/usr/lib/emsdk/upstream/emscripten/cache/sysroot/include/math.h:113:7: warning: unused variable 'tmp___1' [-Wunused-variable]
  int tmp___1 ;
      ^
/usr/lib/emsdk/upstream/emscripten/cache/sysroot/include/math.h:114:7: warning: unused variable 'tmp___2' [-Wunused-variable]
  int tmp___2 ;
      ^
/usr/lib/emsdk/upstream/emscripten/cache/sysroot/include/math.h:115:7: warning: unused variable 'tmp___3' [-Wunused-variable]
  int tmp___3 ;
      ^
/usr/lib/emsdk/upstream/emscripten/cache/sysroot/include/math.h:110:31: warning: integer literal is too large to be represented in a signed integer type, interpreting as unsigned [-Wimplicitly-unsigned-literal]
      tmp___13 = (tmp___11 & (18446744073709551615 >> 1)) > 2047ULL << 52;
                              ^
/usr/lib/emsdk/upstream/emscripten/cache/sysroot/include/math.h:110:31: warning: integer literal is too large to be represented in a signed integer type, interpreting as unsigned [-Wimplicitly-unsigned-literal]
        tmp___7 = (tmp___5 & (18446744073709551615 >> 1)) > 2047ULL << 52;
                              ^
/usr/lib/emsdk/upstream/emscripten/cache/sysroot/include/math.h:112:16: warning: unused variable 'tmp' [-Wunused-variable]
  unsigned int tmp ;
               ^
/usr/lib/emsdk/upstream/emscripten/cache/sysroot/include/math.h:113:22: warning: unused variable 'tmp___0' [-Wunused-variable]
  unsigned long long tmp___0 ;
                     ^
/usr/lib/emsdk/upstream/emscripten/cache/sysroot/include/math.h:114:7: warning: unused variable 'tmp___1' [-Wunused-variable]
  int tmp___1 ;
      ^
/usr/lib/emsdk/upstream/emscripten/cache/sysroot/include/math.h:115:7: warning: unused variable 'tmp___2' [-Wunused-variable]
  int tmp___2 ;
      ^
/usr/lib/emsdk/upstream/emscripten/cache/sysroot/include/math.h:116:7: warning: unused variable 'tmp___3' [-Wunused-variable]
  int tmp___3 ;
      ^
/usr/lib/emsdk/upstream/emscripten/cache/sysroot/include/math.h:111:31: warning: integer literal is too large to be represented in a signed integer type, interpreting as unsigned [-Wimplicitly-unsigned-literal]
      tmp___13 = (tmp___11 & (18446744073709551615 >> 1)) > 2047ULL << 52;
                              ^
/usr/lib/emsdk/upstream/emscripten/cache/sysroot/include/math.h:111:31: warning: integer literal is too large to be represented in a signed integer type, interpreting as unsigned [-Wimplicitly-unsigned-literal]
        tmp___7 = (tmp___5 & (18446744073709551615 >> 1)) > 2047ULL << 52;
                              ^
/usr/lib/emsdk/upstream/emscripten/cache/sysroot/include/math.h:113:16: warning: unused variable 'tmp' [-Wunused-variable]
  unsigned int tmp ;
               ^
/usr/lib/emsdk/upstream/emscripten/cache/sysroot/include/math.h:114:22: warning: unused variable 'tmp___0' [-Wunused-variable]
  unsigned long long tmp___0 ;
                     ^
/usr/lib/emsdk/upstream/emscripten/cache/sysroot/include/math.h:115:7: warning: unused variable 'tmp___1' [-Wunused-variable]
  int tmp___1 ;
      ^
/usr/lib/emsdk/upstream/emscripten/cache/sysroot/include/math.h:116:7: warning: unused variable 'tmp___2' [-Wunused-variable]
  int tmp___2 ;
      ^
/usr/lib/emsdk/upstream/emscripten/cache/sysroot/include/math.h:117:7: warning: unused variable 'tmp___3' [-Wunused-variable]
  int tmp___3 ;
      ^
/usr/lib/emsdk/upstream/emscripten/cache/sysroot/include/math.h:112:31: warning: integer literal is too large to be represented in a signed integer type, interpreting as unsigned [-Wimplicitly-unsigned-literal]
      tmp___13 = (tmp___11 & (18446744073709551615 >> 1)) > 2047ULL << 52;
                              ^
/usr/lib/emsdk/upstream/emscripten/cache/sysroot/include/math.h:112:31: warning: integer literal is too large to be represented in a signed integer type, interpreting as unsigned [-Wimplicitly-unsigned-literal]
        tmp___7 = (tmp___5 & (18446744073709551615 >> 1)) > 2047ULL << 52;
                              ^
/usr/lib/emsdk/upstream/emscripten/cache/sysroot/include/math.h:114:16: warning: unused variable 'tmp' [-Wunused-variable]
  unsigned int tmp ;
               ^
/usr/lib/emsdk/upstream/emscripten/cache/sysroot/include/math.h:115:22: warning: unused variable 'tmp___0' [-Wunused-variable]
  unsigned long long tmp___0 ;
                     ^
/usr/lib/emsdk/upstream/emscripten/cache/sysroot/include/math.h:116:7: warning: unused variable 'tmp___1' [-Wunused-variable]
  int tmp___1 ;
      ^
/usr/lib/emsdk/upstream/emscripten/cache/sysroot/include/math.h:117:7: warning: unused variable 'tmp___2' [-Wunused-variable]
  int tmp___2 ;
      ^
/usr/lib/emsdk/upstream/emscripten/cache/sysroot/include/math.h:118:7: warning: unused variable 'tmp___3' [-Wunused-variable]
  int tmp___3 ;
      ^
/usr/lib/emsdk/upstream/emscripten/cache/sysroot/include/math.h:113:31: warning: integer literal is too large to be represented in a signed integer type, interpreting as unsigned [-Wimplicitly-unsigned-literal]
      tmp___13 = (tmp___11 & (18446744073709551615 >> 1)) > 2047ULL << 52;
                              ^
/usr/lib/emsdk/upstream/emscripten/cache/sysroot/include/math.h:113:31: warning: integer literal is too large to be represented in a signed integer type, interpreting as unsigned [-Wimplicitly-unsigned-literal]
        tmp___7 = (tmp___5 & (18446744073709551615 >> 1)) > 2047ULL << 52;
                              ^
/usr/lib/emsdk/upstream/emscripten/cache/sysroot/include/math.h:115:16: warning: unused variable 'tmp' [-Wunused-variable]
  unsigned int tmp ;
               ^
/usr/lib/emsdk/upstream/emscripten/cache/sysroot/include/math.h:116:22: warning: unused variable 'tmp___0' [-Wunused-variable]
  unsigned long long tmp___0 ;
                     ^
/usr/lib/emsdk/upstream/emscripten/cache/sysroot/include/math.h:117:7: warning: unused variable 'tmp___1' [-Wunused-variable]
  int tmp___1 ;
      ^
/usr/lib/emsdk/upstream/emscripten/cache/sysroot/include/math.h:118:7: warning: unused variable 'tmp___2' [-Wunused-variable]
  int tmp___2 ;
      ^
/usr/lib/emsdk/upstream/emscripten/cache/sysroot/include/math.h:119:7: warning: unused variable 'tmp___3' [-Wunused-variable]
  int tmp___3 ;
      ^
/usr/lib/emsdk/upstream/emscripten/cache/sysroot/include/math.h:114:31: warning: integer literal is too large to be represented in a signed integer type, interpreting as unsigned [-Wimplicitly-unsigned-literal]
      tmp___13 = (tmp___11 & (18446744073709551615 >> 1)) > 2047ULL << 52;
                              ^
/usr/lib/emsdk/upstream/emscripten/cache/sysroot/include/math.h:114:31: warning: integer literal is too large to be represented in a signed integer type, interpreting as unsigned [-Wimplicitly-unsigned-literal]
        tmp___7 = (tmp___5 & (18446744073709551615 >> 1)) > 2047ULL << 52;
                              ^
/usr/lib/emsdk/upstream/emscripten/cache/sysroot/include/math.h:116:16: warning: unused variable 'tmp' [-Wunused-variable]
  unsigned int tmp ;
               ^
/usr/lib/emsdk/upstream/emscripten/cache/sysroot/include/math.h:117:22: warning: unused variable 'tmp___0' [-Wunused-variable]
  unsigned long long tmp___0 ;
                     ^
/usr/lib/emsdk/upstream/emscripten/cache/sysroot/include/math.h:118:7: warning: unused variable 'tmp___1' [-Wunused-variable]
  int tmp___1 ;
      ^
/usr/lib/emsdk/upstream/emscripten/cache/sysroot/include/math.h:119:7: warning: unused variable 'tmp___2' [-Wunused-variable]
  int tmp___2 ;
      ^
/usr/lib/emsdk/upstream/emscripten/cache/sysroot/include/math.h:120:7: warning: unused variable 'tmp___3' [-Wunused-variable]
  int tmp___3 ;
      ^
/usr/lib/emsdk/upstream/emscripten/cache/sysroot/include/math.h:115:31: warning: integer literal is too large to be represented in a signed integer type, interpreting as unsigned [-Wimplicitly-unsigned-literal]
      tmp___13 = (tmp___11 & (18446744073709551615 >> 1)) > 2047ULL << 52;
                              ^
/usr/lib/emsdk/upstream/emscripten/cache/sysroot/include/math.h:115:31: warning: integer literal is too large to be represented in a signed integer type, interpreting as unsigned [-Wimplicitly-unsigned-literal]
        tmp___7 = (tmp___5 & (18446744073709551615 >> 1)) > 2047ULL << 52;
                              ^
/usr/lib/emsdk/upstream/emscripten/cache/sysroot/include/math.h:117:16: warning: unused variable 'tmp' [-Wunused-variable]
  unsigned int tmp ;
               ^
/usr/lib/emsdk/upstream/emscripten/cache/sysroot/include/math.h:118:22: warning: unused variable 'tmp___0' [-Wunused-variable]
  unsigned long long tmp___0 ;
                     ^
/usr/lib/emsdk/upstream/emscripten/cache/sysroot/include/math.h:119:7: warning: unused variable 'tmp___1' [-Wunused-variable]
  int tmp___1 ;
      ^
/usr/lib/emsdk/upstream/emscripten/cache/sysroot/include/math.h:120:7: warning: unused variable 'tmp___2' [-Wunused-variable]
  int tmp___2 ;
      ^
/usr/lib/emsdk/upstream/emscripten/cache/sysroot/include/math.h:121:7: warning: unused variable 'tmp___3' [-Wunused-variable]
  int tmp___3 ;
      ^
/usr/lib/emsdk/upstream/emscripten/cache/sysroot/include/math.h:116:31: warning: integer literal is too large to be represented in a signed integer type, interpreting as unsigned [-Wimplicitly-unsigned-literal]
      tmp___13 = (tmp___11 & (18446744073709551615 >> 1)) > 2047ULL << 52;
                              ^
/usr/lib/emsdk/upstream/emscripten/cache/sysroot/include/math.h:116:31: warning: integer literal is too large to be represented in a signed integer type, interpreting as unsigned [-Wimplicitly-unsigned-literal]
        tmp___7 = (tmp___5 & (18446744073709551615 >> 1)) > 2047ULL << 52;
                              ^
/usr/lib/emsdk/upstream/emscripten/cache/sysroot/include/math.h:118:16: warning: unused variable 'tmp' [-Wunused-variable]
  unsigned int tmp ;
               ^
/usr/lib/emsdk/upstream/emscripten/cache/sysroot/include/math.h:119:22: warning: unused variable 'tmp___0' [-Wunused-variable]
  unsigned long long tmp___0 ;
                     ^
/usr/lib/emsdk/upstream/emscripten/cache/sysroot/include/math.h:120:7: warning: unused variable 'tmp___1' [-Wunused-variable]
  int tmp___1 ;
      ^
/usr/lib/emsdk/upstream/emscripten/cache/sysroot/include/math.h:121:7: warning: unused variable 'tmp___2' [-Wunused-variable]
  int tmp___2 ;
      ^
/usr/lib/emsdk/upstream/emscripten/cache/sysroot/include/math.h:122:7: warning: unused variable 'tmp___3' [-Wunused-variable]
  int tmp___3 ;
      ^
/usr/lib/emsdk/upstream/emscripten/cache/sysroot/include/math.h:117:31: warning: integer literal is too large to be represented in a signed integer type, interpreting as unsigned [-Wimplicitly-unsigned-literal]
      tmp___13 = (tmp___11 & (18446744073709551615 >> 1)) > 2047ULL << 52;
                              ^
/usr/lib/emsdk/upstream/emscripten/cache/sysroot/include/math.h:117:31: warning: integer literal is too large to be represented in a signed integer type, interpreting as unsigned [-Wimplicitly-unsigned-literal]
        tmp___7 = (tmp___5 & (18446744073709551615 >> 1)) > 2047ULL << 52;
                              ^
/usr/lib/emsdk/upstream/emscripten/cache/sysroot/include/math.h:119:16: warning: unused variable 'tmp' [-Wunused-variable]
  unsigned int tmp ;
               ^
/usr/lib/emsdk/upstream/emscripten/cache/sysroot/include/math.h:120:22: warning: unused variable 'tmp___0' [-Wunused-variable]
  unsigned long long tmp___0 ;
                     ^
/usr/lib/emsdk/upstream/emscripten/cache/sysroot/include/math.h:121:7: warning: unused variable 'tmp___1' [-Wunused-variable]
  int tmp___1 ;
      ^
/usr/lib/emsdk/upstream/emscripten/cache/sysroot/include/math.h:122:7: warning: unused variable 'tmp___2' [-Wunused-variable]
  int tmp___2 ;
      ^
/usr/lib/emsdk/upstream/emscripten/cache/sysroot/include/math.h:123:7: warning: unused variable 'tmp___3' [-Wunused-variable]
  int tmp___3 ;
      ^
/usr/lib/emsdk/upstream/emscripten/cache/sysroot/include/math.h:118:31: warning: integer literal is too large to be represented in a signed integer type, interpreting as unsigned [-Wimplicitly-unsigned-literal]
      tmp___13 = (tmp___11 & (18446744073709551615 >> 1)) > 2047ULL << 52;
                              ^
/usr/lib/emsdk/upstream/emscripten/cache/sysroot/include/math.h:118:31: warning: integer literal is too large to be represented in a signed integer type, interpreting as unsigned [-Wimplicitly-unsigned-literal]
        tmp___7 = (tmp___5 & (18446744073709551615 >> 1)) > 2047ULL << 52;
                              ^
/usr/lib/emsdk/upstream/emscripten/cache/sysroot/include/math.h:120:16: warning: unused variable 'tmp' [-Wunused-variable]
  unsigned int tmp ;
               ^
/usr/lib/emsdk/upstream/emscripten/cache/sysroot/include/math.h:121:22: warning: unused variable 'tmp___0' [-Wunused-variable]
  unsigned long long tmp___0 ;
                     ^
/usr/lib/emsdk/upstream/emscripten/cache/sysroot/include/math.h:122:7: warning: unused variable 'tmp___1' [-Wunused-variable]
  int tmp___1 ;
      ^
/usr/lib/emsdk/upstream/emscripten/cache/sysroot/include/math.h:123:7: warning: unused variable 'tmp___2' [-Wunused-variable]
  int tmp___2 ;
      ^
/usr/lib/emsdk/upstream/emscripten/cache/sysroot/include/math.h:124:7: warning: unused variable 'tmp___3' [-Wunused-variable]
  int tmp___3 ;
      ^
/usr/lib/emsdk/upstream/emscripten/cache/sysroot/include/math.h:119:31: warning: integer literal is too large to be represented in a signed integer type, interpreting as unsigned [-Wimplicitly-unsigned-literal]
      tmp___13 = (tmp___11 & (18446744073709551615 >> 1)) > 2047ULL << 52;
                              ^
/usr/lib/emsdk/upstream/emscripten/cache/sysroot/include/math.h:119:31: warning: integer literal is too large to be represented in a signed integer type, interpreting as unsigned [-Wimplicitly-unsigned-literal]
        tmp___7 = (tmp___5 & (18446744073709551615 >> 1)) > 2047ULL << 52;
                              ^
/usr/lib/emsdk/upstream/emscripten/cache/sysroot/include/math.h:121:16: warning: unused variable 'tmp' [-Wunused-variable]
  unsigned int tmp ;
               ^
/usr/lib/emsdk/upstream/emscripten/cache/sysroot/include/math.h:122:22: warning: unused variable 'tmp___0' [-Wunused-variable]
  unsigned long long tmp___0 ;
                     ^
/usr/lib/emsdk/upstream/emscripten/cache/sysroot/include/math.h:123:7: warning: unused variable 'tmp___1' [-Wunused-variable]
  int tmp___1 ;
      ^
/usr/lib/emsdk/upstream/emscripten/cache/sysroot/include/math.h:124:7: warning: unused variable 'tmp___2' [-Wunused-variable]
  int tmp___2 ;
      ^
/usr/lib/emsdk/upstream/emscripten/cache/sysroot/include/math.h:125:7: warning: unused variable 'tmp___3' [-Wunused-variable]
  int tmp___3 ;
      ^
/usr/lib/emsdk/upstream/emscripten/cache/sysroot/include/math.h:120:31: warning: integer literal is too large to be represented in a signed integer type, interpreting as unsigned [-Wimplicitly-unsigned-literal]
      tmp___13 = (tmp___11 & (18446744073709551615 >> 1)) > 2047ULL << 52;
                              ^
/usr/lib/emsdk/upstream/emscripten/cache/sysroot/include/math.h:120:31: warning: integer literal is too large to be represented in a signed integer type, interpreting as unsigned [-Wimplicitly-unsigned-literal]
        tmp___7 = (tmp___5 & (18446744073709551615 >> 1)) > 2047ULL << 52;
                              ^
/usr/lib/emsdk/upstream/emscripten/cache/sysroot/include/math.h:122:16: warning: unused variable 'tmp' [-Wunused-variable]
  unsigned int tmp ;
               ^
/usr/lib/emsdk/upstream/emscripten/cache/sysroot/include/math.h:123:22: warning: unused variable 'tmp___0' [-Wunused-variable]
  unsigned long long tmp___0 ;
                     ^
/usr/lib/emsdk/upstream/emscripten/cache/sysroot/include/math.h:124:7: warning: unused variable 'tmp___1' [-Wunused-variable]
  int tmp___1 ;
      ^
/usr/lib/emsdk/upstream/emscripten/cache/sysroot/include/math.h:125:7: warning: unused variable 'tmp___2' [-Wunused-variable]
  int tmp___2 ;
      ^
/usr/lib/emsdk/upstream/emscripten/cache/sysroot/include/math.h:126:7: warning: unused variable 'tmp___3' [-Wunused-variable]
  int tmp___3 ;
      ^
/usr/lib/emsdk/upstream/emscripten/cache/sysroot/include/math.h:121:31: warning: integer literal is too large to be represented in a signed integer type, interpreting as unsigned [-Wimplicitly-unsigned-literal]
      tmp___13 = (tmp___11 & (18446744073709551615 >> 1)) > 2047ULL << 52;
                              ^
/usr/lib/emsdk/upstream/emscripten/cache/sysroot/include/math.h:121:31: warning: integer literal is too large to be represented in a signed integer type, interpreting as unsigned [-Wimplicitly-unsigned-literal]
        tmp___7 = (tmp___5 & (18446744073709551615 >> 1)) > 2047ULL << 52;
                              ^
/usr/lib/emsdk/upstream/emscripten/cache/sysroot/include/math.h:123:16: warning: unused variable 'tmp' [-Wunused-variable]
  unsigned int tmp ;
               ^
/usr/lib/emsdk/upstream/emscripten/cache/sysroot/include/math.h:124:22: warning: unused variable 'tmp___0' [-Wunused-variable]
  unsigned long long tmp___0 ;
                     ^
/usr/lib/emsdk/upstream/emscripten/cache/sysroot/include/math.h:125:7: warning: unused variable 'tmp___1' [-Wunused-variable]
  int tmp___1 ;
      ^
/usr/lib/emsdk/upstream/emscripten/cache/sysroot/include/math.h:126:7: warning: unused variable 'tmp___2' [-Wunused-variable]
  int tmp___2 ;
      ^
/usr/lib/emsdk/upstream/emscripten/cache/sysroot/include/math.h:127:7: warning: unused variable 'tmp___3' [-Wunused-variable]
  int tmp___3 ;
      ^
/usr/lib/emsdk/upstream/emscripten/cache/sysroot/include/math.h:122:31: warning: integer literal is too large to be represented in a signed integer type, interpreting as unsigned [-Wimplicitly-unsigned-literal]
      tmp___13 = (tmp___11 & (18446744073709551615 >> 1)) > 2047ULL << 52;
                              ^
/usr/lib/emsdk/upstream/emscripten/cache/sysroot/include/math.h:122:31: warning: integer literal is too large to be represented in a signed integer type, interpreting as unsigned [-Wimplicitly-unsigned-literal]
        tmp___7 = (tmp___5 & (18446744073709551615 >> 1)) > 2047ULL << 52;
                              ^
/usr/lib/emsdk/upstream/emscripten/cache/sysroot/include/math.h:124:16: warning: unused variable 'tmp' [-Wunused-variable]
  unsigned int tmp ;
               ^
/usr/lib/emsdk/upstream/emscripten/cache/sysroot/include/math.h:125:22: warning: unused variable 'tmp___0' [-Wunused-variable]
  unsigned long long tmp___0 ;
                     ^
/usr/lib/emsdk/upstream/emscripten/cache/sysroot/include/math.h:126:7: warning: unused variable 'tmp___1' [-Wunused-variable]
  int tmp___1 ;
      ^
/usr/lib/emsdk/upstream/emscripten/cache/sysroot/include/math.h:127:7: warning: unused variable 'tmp___2' [-Wunused-variable]
  int tmp___2 ;
      ^
/usr/lib/emsdk/upstream/emscripten/cache/sysroot/include/math.h:128:7: warning: unused variable 'tmp___3' [-Wunused-variable]
  int tmp___3 ;
      ^
./variant2_int_sqrt.h:64:9: warning: explicitly assigning value of variable of type 'uint64_t' (aka 'unsigned long long') to itself [-Wself-assign]
      n = n;
      ~ ^ ~
./variant2_int_sqrt.h:65:9: warning: explicitly assigning value of variable of type 'uint64_t' (aka 'unsigned long long') to itself [-Wself-assign]
      r = r;
      ~ ^ ~
cil-eVyADiQw.o:1:9: warning: unknown pragma ignored [-Wunknown-pragmas]
#pragma merger("0","/tmp/cil-TtB_zgQ5.i","")
        ^
cil-RCdlDA_C.o:1:9: warning: unknown pragma ignored [-Wunknown-pragmas]
#pragma merger("0","/tmp/cil-cZcfJigP.i","")
        ^
cil-7XjdNM6Q.o:1:9: warning: unknown pragma ignored [-Wunknown-pragmas]
#pragma merger("0","/tmp/cil-XHek3Bss.i","")
        ^
jh_ansi_opt64.c:601:7: warning: variable 'tmp___0' set but not used [-Wunused-but-set-variable]
  int tmp___0 ;
      ^
cil-6ha8nV2m.o:1:9: warning: unknown pragma ignored [-Wunknown-pragmas]
#pragma merger("0","/tmp/cil-XjXKyx8G.i","")
        ^
/usr/lib/emsdk/upstream/emscripten/cache/sysroot/include/math.h:108:31: warning: integer literal is too large to be represented in a signed integer type, interpreting as unsigned [-Wimplicitly-unsigned-literal]
      tmp___13 = (tmp___11 & (18446744073709551615 >> 1)) > 2047ULL << 52;
                              ^
/usr/lib/emsdk/upstream/emscripten/cache/sysroot/include/math.h:108:31: warning: integer literal is too large to be represented in a signed integer type, interpreting as unsigned [-Wimplicitly-unsigned-literal]
        tmp___7 = (tmp___5 & (18446744073709551615 >> 1)) > 2047ULL << 52;
                              ^
/usr/lib/emsdk/upstream/emscripten/cache/sysroot/include/math.h:110:16: warning: unused variable 'tmp' [-Wunused-variable]
  unsigned int tmp ;
               ^
/usr/lib/emsdk/upstream/emscripten/cache/sysroot/include/math.h:111:22: warning: unused variable 'tmp___0' [-Wunused-variable]
  unsigned long long tmp___0 ;
                     ^
/usr/lib/emsdk/upstream/emscripten/cache/sysroot/include/math.h:112:7: warning: unused variable 'tmp___1' [-Wunused-variable]
  int tmp___1 ;
      ^
/usr/lib/emsdk/upstream/emscripten/cache/sysroot/include/math.h:113:7: warning: unused variable 'tmp___2' [-Wunused-variable]
  int tmp___2 ;
      ^
/usr/lib/emsdk/upstream/emscripten/cache/sysroot/include/math.h:114:7: warning: unused variable 'tmp___3' [-Wunused-variable]
  int tmp___3 ;
      ^
/usr/lib/emsdk/upstream/emscripten/cache/sysroot/include/math.h:109:31: warning: integer literal is too large to be represented in a signed integer type, interpreting as unsigned [-Wimplicitly-unsigned-literal]
      tmp___13 = (tmp___11 & (18446744073709551615 >> 1)) > 2047ULL << 52;
                              ^
/usr/lib/emsdk/upstream/emscripten/cache/sysroot/include/math.h:109:31: warning: integer literal is too large to be represented in a signed integer type, interpreting as unsigned [-Wimplicitly-unsigned-literal]
        tmp___7 = (tmp___5 & (18446744073709551615 >> 1)) > 2047ULL << 52;
                              ^
/usr/lib/emsdk/upstream/emscripten/cache/sysroot/include/math.h:111:16: warning: unused variable 'tmp' [-Wunused-variable]
  unsigned int tmp ;
               ^
/usr/lib/emsdk/upstream/emscripten/cache/sysroot/include/math.h:112:22: warning: unused variable 'tmp___0' [-Wunused-variable]
  unsigned long long tmp___0 ;
                     ^
/usr/lib/emsdk/upstream/emscripten/cache/sysroot/include/math.h:113:7: warning: unused variable 'tmp___1' [-Wunused-variable]
  int tmp___1 ;
      ^
/usr/lib/emsdk/upstream/emscripten/cache/sysroot/include/math.h:114:7: warning: unused variable 'tmp___2' [-Wunused-variable]
  int tmp___2 ;
      ^
/usr/lib/emsdk/upstream/emscripten/cache/sysroot/include/math.h:115:7: warning: unused variable 'tmp___3' [-Wunused-variable]
  int tmp___3 ;
      ^
/usr/lib/emsdk/upstream/emscripten/cache/sysroot/include/math.h:110:31: warning: integer literal is too large to be represented in a signed integer type, interpreting as unsigned [-Wimplicitly-unsigned-literal]
      tmp___13 = (tmp___11 & (18446744073709551615 >> 1)) > 2047ULL << 52;
                              ^
/usr/lib/emsdk/upstream/emscripten/cache/sysroot/include/math.h:110:31: warning: integer literal is too large to be represented in a signed integer type, interpreting as unsigned [-Wimplicitly-unsigned-literal]
        tmp___7 = (tmp___5 & (18446744073709551615 >> 1)) > 2047ULL << 52;
                              ^
/usr/lib/emsdk/upstream/emscripten/cache/sysroot/include/math.h:112:16: warning: unused variable 'tmp' [-Wunused-variable]
  unsigned int tmp ;
               ^
/usr/lib/emsdk/upstream/emscripten/cache/sysroot/include/math.h:113:22: warning: unused variable 'tmp___0' [-Wunused-variable]
  unsigned long long tmp___0 ;
                     ^
/usr/lib/emsdk/upstream/emscripten/cache/sysroot/include/math.h:114:7: warning: unused variable 'tmp___1' [-Wunused-variable]
  int tmp___1 ;
      ^
/usr/lib/emsdk/upstream/emscripten/cache/sysroot/include/math.h:115:7: warning: unused variable 'tmp___2' [-Wunused-variable]
  int tmp___2 ;
      ^
/usr/lib/emsdk/upstream/emscripten/cache/sysroot/include/math.h:116:7: warning: unused variable 'tmp___3' [-Wunused-variable]
  int tmp___3 ;
      ^
/usr/lib/emsdk/upstream/emscripten/cache/sysroot/include/math.h:111:31: warning: integer literal is too large to be represented in a signed integer type, interpreting as unsigned [-Wimplicitly-unsigned-literal]
      tmp___13 = (tmp___11 & (18446744073709551615 >> 1)) > 2047ULL << 52;
                              ^
/usr/lib/emsdk/upstream/emscripten/cache/sysroot/include/math.h:111:31: warning: integer literal is too large to be represented in a signed integer type, interpreting as unsigned [-Wimplicitly-unsigned-literal]
        tmp___7 = (tmp___5 & (18446744073709551615 >> 1)) > 2047ULL << 52;
                              ^
/usr/lib/emsdk/upstream/emscripten/cache/sysroot/include/math.h:113:16: warning: unused variable 'tmp' [-Wunused-variable]
  unsigned int tmp ;
               ^
/usr/lib/emsdk/upstream/emscripten/cache/sysroot/include/math.h:114:22: warning: unused variable 'tmp___0' [-Wunused-variable]
  unsigned long long tmp___0 ;
                     ^
/usr/lib/emsdk/upstream/emscripten/cache/sysroot/include/math.h:115:7: warning: unused variable 'tmp___1' [-Wunused-variable]
  int tmp___1 ;
      ^
/usr/lib/emsdk/upstream/emscripten/cache/sysroot/include/math.h:116:7: warning: unused variable 'tmp___2' [-Wunused-variable]
  int tmp___2 ;
      ^
/usr/lib/emsdk/upstream/emscripten/cache/sysroot/include/math.h:117:7: warning: unused variable 'tmp___3' [-Wunused-variable]
  int tmp___3 ;
      ^
/usr/lib/emsdk/upstream/emscripten/cache/sysroot/include/math.h:112:31: warning: integer literal is too large to be represented in a signed integer type, interpreting as unsigned [-Wimplicitly-unsigned-literal]
      tmp___13 = (tmp___11 & (18446744073709551615 >> 1)) > 2047ULL << 52;
                              ^
/usr/lib/emsdk/upstream/emscripten/cache/sysroot/include/math.h:112:31: warning: integer literal is too large to be represented in a signed integer type, interpreting as unsigned [-Wimplicitly-unsigned-literal]
        tmp___7 = (tmp___5 & (18446744073709551615 >> 1)) > 2047ULL << 52;
                              ^
/usr/lib/emsdk/upstream/emscripten/cache/sysroot/include/math.h:114:16: warning: unused variable 'tmp' [-Wunused-variable]
  unsigned int tmp ;
               ^
/usr/lib/emsdk/upstream/emscripten/cache/sysroot/include/math.h:115:22: warning: unused variable 'tmp___0' [-Wunused-variable]
  unsigned long long tmp___0 ;
                     ^
/usr/lib/emsdk/upstream/emscripten/cache/sysroot/include/math.h:116:7: warning: unused variable 'tmp___1' [-Wunused-variable]
  int tmp___1 ;
      ^
/usr/lib/emsdk/upstream/emscripten/cache/sysroot/include/math.h:117:7: warning: unused variable 'tmp___2' [-Wunused-variable]
  int tmp___2 ;
      ^
/usr/lib/emsdk/upstream/emscripten/cache/sysroot/include/math.h:118:7: warning: unused variable 'tmp___3' [-Wunused-variable]
  int tmp___3 ;
      ^
/usr/lib/emsdk/upstream/emscripten/cache/sysroot/include/math.h:113:31: warning: integer literal is too large to be represented in a signed integer type, interpreting as unsigned [-Wimplicitly-unsigned-literal]
      tmp___13 = (tmp___11 & (18446744073709551615 >> 1)) > 2047ULL << 52;
                              ^
/usr/lib/emsdk/upstream/emscripten/cache/sysroot/include/math.h:113:31: warning: integer literal is too large to be represented in a signed integer type, interpreting as unsigned [-Wimplicitly-unsigned-literal]
        tmp___7 = (tmp___5 & (18446744073709551615 >> 1)) > 2047ULL << 52;
                              ^
/usr/lib/emsdk/upstream/emscripten/cache/sysroot/include/math.h:115:16: warning: unused variable 'tmp' [-Wunused-variable]
  unsigned int tmp ;
               ^
/usr/lib/emsdk/upstream/emscripten/cache/sysroot/include/math.h:116:22: warning: unused variable 'tmp___0' [-Wunused-variable]
  unsigned long long tmp___0 ;
                     ^
/usr/lib/emsdk/upstream/emscripten/cache/sysroot/include/math.h:117:7: warning: unused variable 'tmp___1' [-Wunused-variable]
  int tmp___1 ;
      ^
/usr/lib/emsdk/upstream/emscripten/cache/sysroot/include/math.h:118:7: warning: unused variable 'tmp___2' [-Wunused-variable]
  int tmp___2 ;
      ^
/usr/lib/emsdk/upstream/emscripten/cache/sysroot/include/math.h:119:7: warning: unused variable 'tmp___3' [-Wunused-variable]
  int tmp___3 ;
      ^
/usr/lib/emsdk/upstream/emscripten/cache/sysroot/include/math.h:114:31: warning: integer literal is too large to be represented in a signed integer type, interpreting as unsigned [-Wimplicitly-unsigned-literal]
      tmp___13 = (tmp___11 & (18446744073709551615 >> 1)) > 2047ULL << 52;
                              ^
/usr/lib/emsdk/upstream/emscripten/cache/sysroot/include/math.h:114:31: warning: integer literal is too large to be represented in a signed integer type, interpreting as unsigned [-Wimplicitly-unsigned-literal]
        tmp___7 = (tmp___5 & (18446744073709551615 >> 1)) > 2047ULL << 52;
                              ^
/usr/lib/emsdk/upstream/emscripten/cache/sysroot/include/math.h:116:16: warning: unused variable 'tmp' [-Wunused-variable]
  unsigned int tmp ;
               ^
/usr/lib/emsdk/upstream/emscripten/cache/sysroot/include/math.h:117:22: warning: unused variable 'tmp___0' [-Wunused-variable]
  unsigned long long tmp___0 ;
                     ^
/usr/lib/emsdk/upstream/emscripten/cache/sysroot/include/math.h:118:7: warning: unused variable 'tmp___1' [-Wunused-variable]
  int tmp___1 ;
      ^
/usr/lib/emsdk/upstream/emscripten/cache/sysroot/include/math.h:119:7: warning: unused variable 'tmp___2' [-Wunused-variable]
  int tmp___2 ;
      ^
/usr/lib/emsdk/upstream/emscripten/cache/sysroot/include/math.h:120:7: warning: unused variable 'tmp___3' [-Wunused-variable]
  int tmp___3 ;
      ^
/usr/lib/emsdk/upstream/emscripten/cache/sysroot/include/math.h:115:31: warning: integer literal is too large to be represented in a signed integer type, interpreting as unsigned [-Wimplicitly-unsigned-literal]
      tmp___13 = (tmp___11 & (18446744073709551615 >> 1)) > 2047ULL << 52;
                              ^
/usr/lib/emsdk/upstream/emscripten/cache/sysroot/include/math.h:115:31: warning: integer literal is too large to be represented in a signed integer type, interpreting as unsigned [-Wimplicitly-unsigned-literal]
        tmp___7 = (tmp___5 & (18446744073709551615 >> 1)) > 2047ULL << 52;
                              ^
/usr/lib/emsdk/upstream/emscripten/cache/sysroot/include/math.h:117:16: warning: unused variable 'tmp' [-Wunused-variable]
  unsigned int tmp ;
               ^
/usr/lib/emsdk/upstream/emscripten/cache/sysroot/include/math.h:118:22: warning: unused variable 'tmp___0' [-Wunused-variable]
  unsigned long long tmp___0 ;
                     ^
/usr/lib/emsdk/upstream/emscripten/cache/sysroot/include/math.h:119:7: warning: unused variable 'tmp___1' [-Wunused-variable]
  int tmp___1 ;
      ^
/usr/lib/emsdk/upstream/emscripten/cache/sysroot/include/math.h:120:7: warning: unused variable 'tmp___2' [-Wunused-variable]
  int tmp___2 ;
      ^
/usr/lib/emsdk/upstream/emscripten/cache/sysroot/include/math.h:121:7: warning: unused variable 'tmp___3' [-Wunused-variable]
  int tmp___3 ;
      ^
/usr/lib/emsdk/upstream/emscripten/cache/sysroot/include/math.h:116:31: warning: integer literal is too large to be represented in a signed integer type, interpreting as unsigned [-Wimplicitly-unsigned-literal]
      tmp___13 = (tmp___11 & (18446744073709551615 >> 1)) > 2047ULL << 52;
                              ^
/usr/lib/emsdk/upstream/emscripten/cache/sysroot/include/math.h:116:31: warning: integer literal is too large to be represented in a signed integer type, interpreting as unsigned [-Wimplicitly-unsigned-literal]
        tmp___7 = (tmp___5 & (18446744073709551615 >> 1)) > 2047ULL << 52;
                              ^
/usr/lib/emsdk/upstream/emscripten/cache/sysroot/include/math.h:118:16: warning: unused variable 'tmp' [-Wunused-variable]
  unsigned int tmp ;
               ^
/usr/lib/emsdk/upstream/emscripten/cache/sysroot/include/math.h:119:22: warning: unused variable 'tmp___0' [-Wunused-variable]
  unsigned long long tmp___0 ;
                     ^
/usr/lib/emsdk/upstream/emscripten/cache/sysroot/include/math.h:120:7: warning: unused variable 'tmp___1' [-Wunused-variable]
  int tmp___1 ;
      ^
/usr/lib/emsdk/upstream/emscripten/cache/sysroot/include/math.h:121:7: warning: unused variable 'tmp___2' [-Wunused-variable]
  int tmp___2 ;
      ^
/usr/lib/emsdk/upstream/emscripten/cache/sysroot/include/math.h:122:7: warning: unused variable 'tmp___3' [-Wunused-variable]
  int tmp___3 ;
      ^
/usr/lib/emsdk/upstream/emscripten/cache/sysroot/include/math.h:117:31: warning: integer literal is too large to be represented in a signed integer type, interpreting as unsigned [-Wimplicitly-unsigned-literal]
      tmp___13 = (tmp___11 & (18446744073709551615 >> 1)) > 2047ULL << 52;
                              ^
/usr/lib/emsdk/upstream/emscripten/cache/sysroot/include/math.h:117:31: warning: integer literal is too large to be represented in a signed integer type, interpreting as unsigned [-Wimplicitly-unsigned-literal]
        tmp___7 = (tmp___5 & (18446744073709551615 >> 1)) > 2047ULL << 52;
                              ^
/usr/lib/emsdk/upstream/emscripten/cache/sysroot/include/math.h:119:16: warning: unused variable 'tmp' [-Wunused-variable]
  unsigned int tmp ;
               ^
/usr/lib/emsdk/upstream/emscripten/cache/sysroot/include/math.h:120:22: warning: unused variable 'tmp___0' [-Wunused-variable]
  unsigned long long tmp___0 ;
                     ^
/usr/lib/emsdk/upstream/emscripten/cache/sysroot/include/math.h:121:7: warning: unused variable 'tmp___1' [-Wunused-variable]
  int tmp___1 ;
      ^
/usr/lib/emsdk/upstream/emscripten/cache/sysroot/include/math.h:122:7: warning: unused variable 'tmp___2' [-Wunused-variable]
  int tmp___2 ;
      ^
/usr/lib/emsdk/upstream/emscripten/cache/sysroot/include/math.h:123:7: warning: unused variable 'tmp___3' [-Wunused-variable]
  int tmp___3 ;
      ^
/usr/lib/emsdk/upstream/emscripten/cache/sysroot/include/math.h:118:31: warning: integer literal is too large to be represented in a signed integer type, interpreting as unsigned [-Wimplicitly-unsigned-literal]
      tmp___13 = (tmp___11 & (18446744073709551615 >> 1)) > 2047ULL << 52;
                              ^
/usr/lib/emsdk/upstream/emscripten/cache/sysroot/include/math.h:118:31: warning: integer literal is too large to be represented in a signed integer type, interpreting as unsigned [-Wimplicitly-unsigned-literal]
        tmp___7 = (tmp___5 & (18446744073709551615 >> 1)) > 2047ULL << 52;
                              ^
/usr/lib/emsdk/upstream/emscripten/cache/sysroot/include/math.h:120:16: warning: unused variable 'tmp' [-Wunused-variable]
  unsigned int tmp ;
               ^
/usr/lib/emsdk/upstream/emscripten/cache/sysroot/include/math.h:121:22: warning: unused variable 'tmp___0' [-Wunused-variable]
  unsigned long long tmp___0 ;
                     ^
/usr/lib/emsdk/upstream/emscripten/cache/sysroot/include/math.h:122:7: warning: unused variable 'tmp___1' [-Wunused-variable]
  int tmp___1 ;
      ^
/usr/lib/emsdk/upstream/emscripten/cache/sysroot/include/math.h:123:7: warning: unused variable 'tmp___2' [-Wunused-variable]
  int tmp___2 ;
      ^
/usr/lib/emsdk/upstream/emscripten/cache/sysroot/include/math.h:124:7: warning: unused variable 'tmp___3' [-Wunused-variable]
  int tmp___3 ;
      ^
/usr/lib/emsdk/upstream/emscripten/cache/sysroot/include/math.h:119:31: warning: integer literal is too large to be represented in a signed integer type, interpreting as unsigned [-Wimplicitly-unsigned-literal]
      tmp___13 = (tmp___11 & (18446744073709551615 >> 1)) > 2047ULL << 52;
                              ^
/usr/lib/emsdk/upstream/emscripten/cache/sysroot/include/math.h:119:31: warning: integer literal is too large to be represented in a signed integer type, interpreting as unsigned [-Wimplicitly-unsigned-literal]
        tmp___7 = (tmp___5 & (18446744073709551615 >> 1)) > 2047ULL << 52;
                              ^
/usr/lib/emsdk/upstream/emscripten/cache/sysroot/include/math.h:121:16: warning: unused variable 'tmp' [-Wunused-variable]
  unsigned int tmp ;
               ^
/usr/lib/emsdk/upstream/emscripten/cache/sysroot/include/math.h:122:22: warning: unused variable 'tmp___0' [-Wunused-variable]
  unsigned long long tmp___0 ;
                     ^
/usr/lib/emsdk/upstream/emscripten/cache/sysroot/include/math.h:123:7: warning: unused variable 'tmp___1' [-Wunused-variable]
  int tmp___1 ;
      ^
/usr/lib/emsdk/upstream/emscripten/cache/sysroot/include/math.h:124:7: warning: unused variable 'tmp___2' [-Wunused-variable]
  int tmp___2 ;
      ^
/usr/lib/emsdk/upstream/emscripten/cache/sysroot/include/math.h:125:7: warning: unused variable 'tmp___3' [-Wunused-variable]
  int tmp___3 ;
      ^
/usr/lib/emsdk/upstream/emscripten/cache/sysroot/include/math.h:120:31: warning: integer literal is too large to be represented in a signed integer type, interpreting as unsigned [-Wimplicitly-unsigned-literal]
      tmp___13 = (tmp___11 & (18446744073709551615 >> 1)) > 2047ULL << 52;
                              ^
/usr/lib/emsdk/upstream/emscripten/cache/sysroot/include/math.h:120:31: warning: integer literal is too large to be represented in a signed integer type, interpreting as unsigned [-Wimplicitly-unsigned-literal]
        tmp___7 = (tmp___5 & (18446744073709551615 >> 1)) > 2047ULL << 52;
                              ^
/usr/lib/emsdk/upstream/emscripten/cache/sysroot/include/math.h:122:16: warning: unused variable 'tmp' [-Wunused-variable]
  unsigned int tmp ;
               ^
/usr/lib/emsdk/upstream/emscripten/cache/sysroot/include/math.h:123:22: warning: unused variable 'tmp___0' [-Wunused-variable]
  unsigned long long tmp___0 ;
                     ^
/usr/lib/emsdk/upstream/emscripten/cache/sysroot/include/math.h:124:7: warning: unused variable 'tmp___1' [-Wunused-variable]
  int tmp___1 ;
      ^
/usr/lib/emsdk/upstream/emscripten/cache/sysroot/include/math.h:125:7: warning: unused variable 'tmp___2' [-Wunused-variable]
  int tmp___2 ;
      ^
/usr/lib/emsdk/upstream/emscripten/cache/sysroot/include/math.h:126:7: warning: unused variable 'tmp___3' [-Wunused-variable]
  int tmp___3 ;
      ^
/usr/lib/emsdk/upstream/emscripten/cache/sysroot/include/math.h:121:31: warning: integer literal is too large to be represented in a signed integer type, interpreting as unsigned [-Wimplicitly-unsigned-literal]
      tmp___13 = (tmp___11 & (18446744073709551615 >> 1)) > 2047ULL << 52;
                              ^
/usr/lib/emsdk/upstream/emscripten/cache/sysroot/include/math.h:121:31: warning: integer literal is too large to be represented in a signed integer type, interpreting as unsigned [-Wimplicitly-unsigned-literal]
        tmp___7 = (tmp___5 & (18446744073709551615 >> 1)) > 2047ULL << 52;
                              ^
/usr/lib/emsdk/upstream/emscripten/cache/sysroot/include/math.h:123:16: warning: unused variable 'tmp' [-Wunused-variable]
  unsigned int tmp ;
               ^
/usr/lib/emsdk/upstream/emscripten/cache/sysroot/include/math.h:124:22: warning: unused variable 'tmp___0' [-Wunused-variable]
  unsigned long long tmp___0 ;
                     ^
/usr/lib/emsdk/upstream/emscripten/cache/sysroot/include/math.h:125:7: warning: unused variable 'tmp___1' [-Wunused-variable]
  int tmp___1 ;
      ^
/usr/lib/emsdk/upstream/emscripten/cache/sysroot/include/math.h:126:7: warning: unused variable 'tmp___2' [-Wunused-variable]
  int tmp___2 ;
      ^
/usr/lib/emsdk/upstream/emscripten/cache/sysroot/include/math.h:127:7: warning: unused variable 'tmp___3' [-Wunused-variable]
  int tmp___3 ;
      ^
/usr/lib/emsdk/upstream/emscripten/cache/sysroot/include/math.h:122:31: warning: integer literal is too large to be represented in a signed integer type, interpreting as unsigned [-Wimplicitly-unsigned-literal]
      tmp___13 = (tmp___11 & (18446744073709551615 >> 1)) > 2047ULL << 52;
                              ^
/usr/lib/emsdk/upstream/emscripten/cache/sysroot/include/math.h:122:31: warning: integer literal is too large to be represented in a signed integer type, interpreting as unsigned [-Wimplicitly-unsigned-literal]
        tmp___7 = (tmp___5 & (18446744073709551615 >> 1)) > 2047ULL << 52;
                              ^
/usr/lib/emsdk/upstream/emscripten/cache/sysroot/include/math.h:124:16: warning: unused variable 'tmp' [-Wunused-variable]
  unsigned int tmp ;
               ^
/usr/lib/emsdk/upstream/emscripten/cache/sysroot/include/math.h:125:22: warning: unused variable 'tmp___0' [-Wunused-variable]
  unsigned long long tmp___0 ;
                     ^
/usr/lib/emsdk/upstream/emscripten/cache/sysroot/include/math.h:126:7: warning: unused variable 'tmp___1' [-Wunused-variable]
  int tmp___1 ;
      ^
/usr/lib/emsdk/upstream/emscripten/cache/sysroot/include/math.h:127:7: warning: unused variable 'tmp___2' [-Wunused-variable]
  int tmp___2 ;
      ^
/usr/lib/emsdk/upstream/emscripten/cache/sysroot/include/math.h:128:7: warning: unused variable 'tmp___3' [-Wunused-variable]
  int tmp___3 ;
      ^
cil-ZdF3AdUz.o:1:9: warning: unknown pragma ignored [-Wunknown-pragmas]
#pragma merger("0","/tmp/cil-jXEPQrHZ.i","")
        ^
cil-kUw0HmXN.o:1:9: warning: unknown pragma ignored [-Wunknown-pragmas]
#pragma merger("0","/tmp/cil-ncgvuHap.i","")
        ^
/usr/lib/emsdk/upstream/emscripten/cache/sysroot/include/math.h:108:21: warning: unused function '__islessf' [-Wunused-function]
__inline static int __islessf(float_t __x , float_t __y ) 
                    ^
/usr/lib/emsdk/upstream/emscripten/cache/sysroot/include/math.h:109:21: warning: unused function '__isless' [-Wunused-function]
__inline static int __isless(double_t __x , double_t __y ) 
                    ^
/usr/lib/emsdk/upstream/emscripten/cache/sysroot/include/math.h:110:21: warning: unused function '__islessl' [-Wunused-function]
__inline static int __islessl(long double __x , long double __y ) 
                    ^
/usr/lib/emsdk/upstream/emscripten/cache/sysroot/include/math.h:111:21: warning: unused function '__islessequalf' [-Wunused-function]
__inline static int __islessequalf(float_t __x , float_t __y ) 
                    ^
/usr/lib/emsdk/upstream/emscripten/cache/sysroot/include/math.h:112:21: warning: unused function '__islessequal' [-Wunused-function]
__inline static int __islessequal(double_t __x , double_t __y ) 
                    ^
/usr/lib/emsdk/upstream/emscripten/cache/sysroot/include/math.h:113:21: warning: unused function '__islessequall' [-Wunused-function]
__inline static int __islessequall(long double __x , long double __y ) 
                    ^
/usr/lib/emsdk/upstream/emscripten/cache/sysroot/include/math.h:114:21: warning: unused function '__islessgreaterf' [-Wunused-function]
__inline static int __islessgreaterf(float_t __x , float_t __y ) 
                    ^
/usr/lib/emsdk/upstream/emscripten/cache/sysroot/include/math.h:115:21: warning: unused function '__islessgreater' [-Wunused-function]
__inline static int __islessgreater(double_t __x , double_t __y ) 
                    ^
/usr/lib/emsdk/upstream/emscripten/cache/sysroot/include/math.h:116:21: warning: unused function '__islessgreaterl' [-Wunused-function]
__inline static int __islessgreaterl(long double __x , long double __y ) 
                    ^
/usr/lib/emsdk/upstream/emscripten/cache/sysroot/include/math.h:117:21: warning: unused function '__isgreaterf' [-Wunused-function]
__inline static int __isgreaterf(float_t __x , float_t __y ) 
                    ^
/usr/lib/emsdk/upstream/emscripten/cache/sysroot/include/math.h:118:21: warning: unused function '__isgreater' [-Wunused-function]
__inline static int __isgreater(double_t __x , double_t __y ) 
                    ^
/usr/lib/emsdk/upstream/emscripten/cache/sysroot/include/math.h:119:21: warning: unused function '__isgreaterl' [-Wunused-function]
__inline static int __isgreaterl(long double __x , long double __y ) 
                    ^
/usr/lib/emsdk/upstream/emscripten/cache/sysroot/include/math.h:120:21: warning: unused function '__isgreaterequalf' [-Wunused-function]
__inline static int __isgreaterequalf(float_t __x , float_t __y ) 
                    ^
/usr/lib/emsdk/upstream/emscripten/cache/sysroot/include/math.h:121:21: warning: unused function '__isgreaterequal' [-Wunused-function]
__inline static int __isgreaterequal(double_t __x , double_t __y ) 
                    ^
/usr/lib/emsdk/upstream/emscripten/cache/sysroot/include/math.h:122:21: warning: unused function '__isgreaterequall' [-Wunused-function]
__inline static int __isgreaterequall(long double __x , long double __y ) 
                    ^
./variant2_int_sqrt.h:57:26: warning: unused function 'integer_square_root_v2' [-Wunused-function]
__inline static uint32_t integer_square_root_v2(uint64_t n ) 
                         ^
/usr/lib/emsdk/upstream/emscripten/cache/sysroot/include/math.h:108:21: warning: unused function '__islessf___0' [-Wunused-function]
__inline static int __islessf___0(float_t __x , float_t __y ) 
                    ^
/usr/lib/emsdk/upstream/emscripten/cache/sysroot/include/math.h:109:21: warning: unused function '__isless___0' [-Wunused-function]
__inline static int __isless___0(double_t __x , double_t __y ) 
                    ^
/usr/lib/emsdk/upstream/emscripten/cache/sysroot/include/math.h:110:21: warning: unused function '__islessl___0' [-Wunused-function]
__inline static int __islessl___0(long double __x , long double __y ) 
                    ^
/usr/lib/emsdk/upstream/emscripten/cache/sysroot/include/math.h:111:21: warning: unused function '__islessequalf___0' [-Wunused-function]
__inline static int __islessequalf___0(float_t __x , float_t __y ) 
                    ^
/usr/lib/emsdk/upstream/emscripten/cache/sysroot/include/math.h:112:21: warning: unused function '__islessequal___0' [-Wunused-function]
__inline static int __islessequal___0(double_t __x , double_t __y ) 
                    ^
/usr/lib/emsdk/upstream/emscripten/cache/sysroot/include/math.h:113:21: warning: unused function '__islessequall___0' [-Wunused-function]
__inline static int __islessequall___0(long double __x , long double __y ) 
                    ^
/usr/lib/emsdk/upstream/emscripten/cache/sysroot/include/math.h:114:21: warning: unused function '__islessgreaterf___0' [-Wunused-function]
__inline static int __islessgreaterf___0(float_t __x , float_t __y ) 
                    ^
/usr/lib/emsdk/upstream/emscripten/cache/sysroot/include/math.h:115:21: warning: unused function '__islessgreater___0' [-Wunused-function]
__inline static int __islessgreater___0(double_t __x , double_t __y ) 
                    ^
/usr/lib/emsdk/upstream/emscripten/cache/sysroot/include/math.h:116:21: warning: unused function '__islessgreaterl___0' [-Wunused-function]
__inline static int __islessgreaterl___0(long double __x , long double __y ) 
                    ^
/usr/lib/emsdk/upstream/emscripten/cache/sysroot/include/math.h:117:21: warning: unused function '__isgreaterf___0' [-Wunused-function]
__inline static int __isgreaterf___0(float_t __x , float_t __y ) 
                    ^
/usr/lib/emsdk/upstream/emscripten/cache/sysroot/include/math.h:118:21: warning: unused function '__isgreater___0' [-Wunused-function]
__inline static int __isgreater___0(double_t __x , double_t __y ) 
                    ^
/usr/lib/emsdk/upstream/emscripten/cache/sysroot/include/math.h:119:21: warning: unused function '__isgreaterl___0' [-Wunused-function]
__inline static int __isgreaterl___0(long double __x , long double __y ) 
                    ^
/usr/lib/emsdk/upstream/emscripten/cache/sysroot/include/math.h:120:21: warning: unused function '__isgreaterequalf___0' [-Wunused-function]
__inline static int __isgreaterequalf___0(float_t __x , float_t __y ) 
                    ^
/usr/lib/emsdk/upstream/emscripten/cache/sysroot/include/math.h:121:21: warning: unused function '__isgreaterequal___0' [-Wunused-function]
__inline static int __isgreaterequal___0(double_t __x , double_t __y ) 
                    ^
/usr/lib/emsdk/upstream/emscripten/cache/sysroot/include/math.h:122:21: warning: unused function '__isgreaterequall___0' [-Wunused-function]
__inline static int __isgreaterequall___0(long double __x , long double __y ) 
                    ^
/usr/lib/emsdk/upstream/emscripten/cache/sysroot/include/endian.h:19:26: warning: unused function '__bswap16' [-Wunused-function]
__inline static uint16_t __bswap16(uint16_t __x ) 
                         ^
/usr/lib/emsdk/upstream/emscripten/cache/sysroot/include/endian.h:29:26: warning: unused function '__bswap64' [-Wunused-function]
__inline static uint64_t __bswap64(uint64_t __x ) 
                         ^
std::mt19937_64 seeded with current timestamp: 1680079418770
Initializing Hikari Core with Revision ID:dc9664d3ffbd6539efca6fbc18506fb7f8883093
Running Hikari On /llvm/dataset/cn-pico-trtl/cn-pico-trtl.c
Failed To Link PreCompiled AntiHooking IR From:/root/Hikari/PrecompiledAntiHooking-unknown-unknown.bc
Running ControlFlowFlattening On blake256_compress
Fixing Stack
Fixed Stack
Running ControlFlowFlattening On blake256_init
Running ControlFlowFlattening On blake224_init
Running ControlFlowFlattening On blake256_update
Fixing Stack
Fixed Stack
Running ControlFlowFlattening On blake224_update
Running ControlFlowFlattening On blake256_final_h
Fixing Stack
Fixed Stack
Running ControlFlowFlattening On blake256_final
Running ControlFlowFlattening On blake224_final
Running ControlFlowFlattening On blake256_hash
Running ControlFlowFlattening On blake
Running ControlFlowFlattening On blake224_hash
Running ControlFlowFlattening On hmac_blake256_init
Fixing Stack
Fixed Stack
Running ControlFlowFlattening On hmac_blake224_init
Fixing Stack
Fixed Stack
Running ControlFlowFlattening On hmac_blake256_update
Running ControlFlowFlattening On hmac_blake224_update
Running ControlFlowFlattening On hmac_blake256_final
Running ControlFlowFlattening On hmac_blake224_final
Running ControlFlowFlattening On hmac_blake256_hash
Running ControlFlowFlattening On hmac_blake224_hash
Running ControlFlowFlattening On do_blake_hash
Running ControlFlowFlattening On do_groestl_hash
Running ControlFlowFlattening On groestl
Running ControlFlowFlattening On do_jh_hash
Running ControlFlowFlattening On jh
Fixing Stack
Fixed Stack
Running ControlFlowFlattening On do_skein_hash
Running ControlFlowFlattening On skein
Fixing Stack
Fixed Stack
Running ControlFlowFlattening On xor_blocks_dst
Running ControlFlowFlattening On mul64to128
Running ControlFlowFlattening On sum_xor_dst
Running ControlFlowFlattening On xor_blocks
Running ControlFlowFlattening On SubAndShiftAndMixAddRound
Running ControlFlowFlattening On SubAndShiftAndMixAddRoundInPlace
Running ControlFlowFlattening On cryptonight_hash_ctx
Fixing Stack
Fixed Stack
Running ControlFlowFlattening On oaes_alloc
Fixing Stack
Fixed Stack
Running ControlFlowFlattening On keccak
Fixing Stack
Fixed Stack
Running ControlFlowFlattening On oaes_key_import_data
Running ControlFlowFlattening On copy_block
Running ControlFlowFlattening On oaes_free
Fixing Stack
Fixed Stack
Running ControlFlowFlattening On keccakf
Fixing Stack
Fixed Stack
Running ControlFlowFlattening On cryptonight
Running ControlFlowFlattening On Init
Fixing Stack
Fixed Stack
Running ControlFlowFlattening On Update
Fixing Stack
Fixed Stack
Running ControlFlowFlattening On Final
Fixing Stack
Fixed Stack
Running ControlFlowFlattening On Hash
Fixing Stack
Fixed Stack
Running ControlFlowFlattening On keccak1600
Running ControlFlowFlattening On hash_cn
Fixing Stack
Fixed Stack
Running ControlFlowFlattening On oaes_sprintf
Fixing Stack
Fixed Stack
Running ControlFlowFlattening On oaes_key_gen_128
Running ControlFlowFlattening On oaes_key_gen
Fixing Stack
Fixed Stack
Running ControlFlowFlattening On oaes_key_gen_192
Running ControlFlowFlattening On oaes_key_gen_256
Running ControlFlowFlattening On oaes_key_export
Fixing Stack
Fixed Stack
Running ControlFlowFlattening On oaes_key_export_data
Fixing Stack
Fixed Stack
Running ControlFlowFlattening On oaes_key_import
Fixing Stack
Fixed Stack
Running ControlFlowFlattening On oaes_key_destroy
Fixing Stack
Fixed Stack
Running ControlFlowFlattening On oaes_key_expand
Fixing Stack
Fixed Stack
Running ControlFlowFlattening On oaes_get_seed
Fixing Stack
Fixed Stack
Running ControlFlowFlattening On oaes_set_option
Fixing Stack
Fixed Stack
Running ControlFlowFlattening On oaes_encrypt
Fixing Stack
Fixed Stack
Running ControlFlowFlattening On oaes_encrypt_block
Fixing Stack
Fixed Stack
Running ControlFlowFlattening On oaes_decrypt
Fixing Stack
Fixed Stack
Running ControlFlowFlattening On oaes_decrypt_block
Fixing Stack
Fixed Stack
Running ControlFlowFlattening On oaes_encryption_round
Fixing Stack
Fixed Stack
Running ControlFlowFlattening On oaes_sub_byte
Fixing Stack
Fixed Stack
Running ControlFlowFlattening On oaes_shift_rows
Fixing Stack
Fixed Stack
Running ControlFlowFlattening On oaes_mix_cols
Fixing Stack
Fixed Stack
Running ControlFlowFlattening On oaes_pseudo_encrypt_ecb
Fixing Stack
Fixed Stack
Running ControlFlowFlattening On Skein_Put64_LSB_First
Fixing Stack
Fixed Stack
Running ControlFlowFlattening On Skein_Get64_LSB_First
Fixing Stack
Fixed Stack
Running ControlFlowFlattening On Init___1
Fixing Stack
Fixed Stack
Running ControlFlowFlattening On Update___1
Fixing Stack
Fixed Stack
Running ControlFlowFlattening On Final___1
Fixing Stack
Fixed Stack
Running ControlFlowFlattening On Transform
Fixing Stack
Fixed Stack
Running ControlFlowFlattening On F512
Fixing Stack
Fixed Stack
Running ControlFlowFlattening On RND512Q
Running ControlFlowFlattening On RND512P
Running ControlFlowFlattening On OutputTransformation
Fixing Stack
Fixed Stack
Running ControlFlowFlattening On Init___0
Fixing Stack
Fixed Stack
Running ControlFlowFlattening On Update___0
Fixing Stack
Fixed Stack
Running ControlFlowFlattening On Final___0
Fixing Stack
Fixed Stack
Running ControlFlowFlattening On F8
Fixing Stack
Fixed Stack
Running ControlFlowFlattening On E8
Fixing Stack
Fixed Stack
Running ControlFlowFlattening On oaes_word_rot_left
Fixing Stack
Fixed Stack
Running ControlFlowFlattening On oaes_inv_shift_rows
Fixing Stack
Fixed Stack
Running ControlFlowFlattening On oaes_inv_sub_byte
Fixing Stack
Fixed Stack
Running ControlFlowFlattening On oaes_inv_mix_cols
Fixing Stack
Fixed Stack
Running ControlFlowFlattening On oaes_gf_mul
Fixing Stack
Fixed Stack
Running ControlFlowFlattening On Skein_512_Init
Fixing Stack
Fixed Stack
Running ControlFlowFlattening On Skein1024_Init
Fixing Stack
Fixed Stack
Running ControlFlowFlattening On Skein_512_Process_Block
Fixing Stack
Fixed Stack
Running ControlFlowFlattening On Skein1024_Process_Block
Fixing Stack
Fixed Stack
Running ControlFlowFlattening On Skein_512_Update
Fixing Stack
Fixed Stack
Running ControlFlowFlattening On Skein_256_Update
Fixing Stack
Fixed Stack
Running ControlFlowFlattening On Skein1024_Update
Fixing Stack
Fixed Stack
Running ControlFlowFlattening On Skein_256_Process_Block
Fixing Stack
Fixed Stack
Running ControlFlowFlattening On Skein_512_Final
Fixing Stack
Fixed Stack
Running ControlFlowFlattening On Skein_256_Final
Fixing Stack
Fixed Stack
Running ControlFlowFlattening On Skein1024_Final
Fixing Stack
Fixed Stack
Doing Post-Run Cleanup
Hikari Out
Spend Time: 0.0051119s
254 warnings generated.
[parse exception: attempted pop from empty stack / beyond block start boundary at 28964 (at 0:28964)]
Fatal: error in parsing input
emcc: error: '/usr/local/bin/wasm-emscripten-finalize --dyncalls-i64 --pass-arg=legalize-js-interface-exported-helpers /llvm/binaries/llvm/cn-pico-trtl-llvm-enable-cffobf.wasm -o /llvm/binaries/llvm/cn-pico-trtl-llvm-enable-cffobf.wasm --detect-features' failed (returned 1)
