emcc: warning: LLVM version for clang executable "/usr/local/bin/clang" appears incorrect (seeing "16.0", expected "17") [-Wversion-check]
cil-Cx09IQNc.o:1:9: warning: unknown pragma ignored [-Wunknown-pragmas]
#pragma merger("0","/tmp/cil-9VlxUhPv.i","")
        ^
cil-y75ppg3x.o:1:9: warning: unknown pragma ignored [-Wunknown-pragmas]
#pragma merger("0","/tmp/cil-o4D6208K.i","")
        ^
cil-nnEP56GS.o:1:9: warning: unknown pragma ignored [-Wunknown-pragmas]
#pragma merger("0","/tmp/cil-N_sQoMKj.i","")
        ^
cil-7HlpMnd2.o:1:9: warning: unknown pragma ignored [-Wunknown-pragmas]
#pragma merger("0","/tmp/cil-G9TCSX4R.i","")
        ^
cil-DD76pTk8.o:1:9: warning: unknown pragma ignored [-Wunknown-pragmas]
#pragma merger("0","/tmp/cil-3K1CJtKD.i","")
        ^
jh_ansi_opt64.c:378:7: warning: variable 'tmp___0' set but not used [-Wunused-but-set-variable]
  int tmp___0 ;
      ^
cil-wIJSmtYL.o:1:9: warning: unknown pragma ignored [-Wunknown-pragmas]
#pragma merger("0","/tmp/cil-tNmvjJnP.i","")
        ^
cil-tfMGpW4O.o:1:9: warning: unknown pragma ignored [-Wunknown-pragmas]
#pragma merger("0","/tmp/cil-z9_BKLFa.i","")
        ^
cil-3UrcY5ND.o:1:9: warning: unknown pragma ignored [-Wunknown-pragmas]
#pragma merger("0","/tmp/cil-bE5Nvsdq.i","")
        ^
std::mt19937_64 seeded with current timestamp: 1679667316146
Initializing Hikari Core with Revision ID:dc9664d3ffbd6539efca6fbc18506fb7f8883093
Running Hikari On /llvm/dataset/cn-rwz/cn-rwz.c
Failed To Link PreCompiled AntiHooking IR From:/root/Hikari/PrecompiledAntiHooking-unknown-unknown.bc
Running Instruction Substitution On blake256_compress
Running Instruction Substitution On blake256_init
Running Instruction Substitution On blake224_init
Running Instruction Substitution On blake256_update
Running Instruction Substitution On blake224_update
Running Instruction Substitution On blake256_final_h
Running Instruction Substitution On blake256_final
Running Instruction Substitution On blake224_final
Running Instruction Substitution On blake256_hash
Running Instruction Substitution On blake
Running Instruction Substitution On blake224_hash
Running Instruction Substitution On hmac_blake256_init
Running Instruction Substitution On hmac_blake224_init
Running Instruction Substitution On hmac_blake256_update
Running Instruction Substitution On hmac_blake224_update
Running Instruction Substitution On hmac_blake256_final
Running Instruction Substitution On hmac_blake224_final
Running Instruction Substitution On hmac_blake256_hash
Running Instruction Substitution On hmac_blake224_hash
Running Instruction Substitution On do_blake_hash
Running Instruction Substitution On do_groestl_hash
Running Instruction Substitution On groestl
Running Instruction Substitution On do_jh_hash
Running Instruction Substitution On jh
Running Instruction Substitution On do_skein_hash
Running Instruction Substitution On skein
Running Instruction Substitution On xor_blocks_dst
Running Instruction Substitution On mul64to128
Running Instruction Substitution On sum_xor_dst
Running Instruction Substitution On xor_blocks
Running Instruction Substitution On SubAndShiftAndMixAddRound
Running Instruction Substitution On SubAndShiftAndMixAddRoundInPlace
Running Instruction Substitution On cryptonight_hash_ctx
Running Instruction Substitution On oaes_alloc
Running Instruction Substitution On keccak
Running Instruction Substitution On v4_random_math_init
Running Instruction Substitution On oaes_key_import_data
Running Instruction Substitution On xor64
Running Instruction Substitution On copy_block
Running Instruction Substitution On v4_random_math
Running Instruction Substitution On oaes_free
Running Instruction Substitution On keccakf
Running Instruction Substitution On cryptonight
Running Instruction Substitution On Init
Running Instruction Substitution On Update
Running Instruction Substitution On Final
Running Instruction Substitution On Hash
Running Instruction Substitution On keccak1600
Running Instruction Substitution On hash_cn
Running Instruction Substitution On oaes_sprintf
Running Instruction Substitution On oaes_key_gen_128
Running Instruction Substitution On oaes_key_gen
Running Instruction Substitution On oaes_key_gen_192
Running Instruction Substitution On oaes_key_gen_256
Running Instruction Substitution On oaes_key_export
Running Instruction Substitution On oaes_key_export_data
Running Instruction Substitution On oaes_key_import
Running Instruction Substitution On oaes_key_destroy
Running Instruction Substitution On oaes_key_expand
Running Instruction Substitution On oaes_get_seed
Running Instruction Substitution On oaes_set_option
Running Instruction Substitution On oaes_encrypt
Running Instruction Substitution On oaes_encrypt_block
Running Instruction Substitution On oaes_decrypt
Running Instruction Substitution On oaes_decrypt_block
Running Instruction Substitution On oaes_encryption_round
Running Instruction Substitution On oaes_sub_byte
Running Instruction Substitution On oaes_shift_rows
Running Instruction Substitution On oaes_mix_cols
Running Instruction Substitution On oaes_pseudo_encrypt_ecb
Running Instruction Substitution On Skein_Put64_LSB_First
Running Instruction Substitution On Skein_Get64_LSB_First
Running Instruction Substitution On Init___1
Running Instruction Substitution On Update___1
Running Instruction Substitution On Final___1
Running Instruction Substitution On check_data
Running Instruction Substitution On Transform
Running Instruction Substitution On F512
Running Instruction Substitution On RND512Q
Running Instruction Substitution On RND512P
Running Instruction Substitution On OutputTransformation
Running Instruction Substitution On Init___0
Running Instruction Substitution On Update___0
Running Instruction Substitution On Final___0
Running Instruction Substitution On F8
Running Instruction Substitution On E8
Running Instruction Substitution On oaes_word_rot_left
Running Instruction Substitution On oaes_inv_shift_rows
Running Instruction Substitution On oaes_inv_sub_byte
Running Instruction Substitution On oaes_inv_mix_cols
Running Instruction Substitution On oaes_gf_mul
Running Instruction Substitution On Skein_512_Init
Running Instruction Substitution On Skein1024_Init
Running Instruction Substitution On Skein_512_Process_Block
Running Instruction Substitution On Skein1024_Process_Block
Running Instruction Substitution On Skein_512_Update
Running Instruction Substitution On Skein_256_Update
Running Instruction Substitution On Skein1024_Update
Running Instruction Substitution On Skein_256_Process_Block
Running Instruction Substitution On Skein_512_Final
Running Instruction Substitution On Skein_256_Final
Running Instruction Substitution On Skein1024_Final
Doing Post-Run Cleanup
Hikari Out
Spend Time: 0.0096357s
9 warnings generated.
