emcc: warning: LLVM version for clang executable "/usr/local/bin/clang" appears incorrect (seeing "16.0", expected "17") [-Wversion-check]
cil-Cx09IQNc.o:1:9: warning: unknown pragma ignored [-Wunknown-pragmas]
#pragma merger("0","/tmp/cil-9VlxUhPv.i","")
        ^
cil-y75ppg3x.o:1:9: warning: unknown pragma ignored [-Wunknown-pragmas]
#pragma merger("0","/tmp/cil-o4D6208K.i","")
        ^
cil-nnEP56GS.o:1:9: warning: unknown pragma ignored [-Wunknown-pragmas]
#pragma merger("0","/tmp/cil-N_sQoMKj.i","")
        ^
cil-7HlpMnd2.o:1:9: warning: unknown pragma ignored [-Wunknown-pragmas]
#pragma merger("0","/tmp/cil-G9TCSX4R.i","")
        ^
cil-DD76pTk8.o:1:9: warning: unknown pragma ignored [-Wunknown-pragmas]
#pragma merger("0","/tmp/cil-3K1CJtKD.i","")
        ^
jh_ansi_opt64.c:378:7: warning: variable 'tmp___0' set but not used [-Wunused-but-set-variable]
  int tmp___0 ;
      ^
cil-wIJSmtYL.o:1:9: warning: unknown pragma ignored [-Wunknown-pragmas]
#pragma merger("0","/tmp/cil-tNmvjJnP.i","")
        ^
cil-tfMGpW4O.o:1:9: warning: unknown pragma ignored [-Wunknown-pragmas]
#pragma merger("0","/tmp/cil-z9_BKLFa.i","")
        ^
cil-3UrcY5ND.o:1:9: warning: unknown pragma ignored [-Wunknown-pragmas]
#pragma merger("0","/tmp/cil-bE5Nvsdq.i","")
        ^
std::mt19937_64 seeded with current timestamp: 1679667301151
Initializing Hikari Core with Revision ID:dc9664d3ffbd6539efca6fbc18506fb7f8883093
Running Hikari On /llvm/dataset/cn-rwz/cn-rwz.c
Failed To Link PreCompiled AntiHooking IR From:/root/Hikari/PrecompiledAntiHooking-unknown-unknown.bc
Running BasicBlockSplit On blake256_compress
Running BasicBlockSplit On blake256_init
Running BasicBlockSplit On blake224_init
Running BasicBlockSplit On blake256_update
Running BasicBlockSplit On blake224_update
Running BasicBlockSplit On blake256_final_h
Running BasicBlockSplit On blake256_final
Running BasicBlockSplit On blake224_final
Running BasicBlockSplit On blake256_hash
Running BasicBlockSplit On blake
Running BasicBlockSplit On blake224_hash
Running BasicBlockSplit On hmac_blake256_init
Running BasicBlockSplit On hmac_blake224_init
Running BasicBlockSplit On hmac_blake256_update
Running BasicBlockSplit On hmac_blake224_update
Running BasicBlockSplit On hmac_blake256_final
Running BasicBlockSplit On hmac_blake224_final
Running BasicBlockSplit On hmac_blake256_hash
Running BasicBlockSplit On hmac_blake224_hash
Running BasicBlockSplit On do_blake_hash
Running BasicBlockSplit On do_groestl_hash
Running BasicBlockSplit On groestl
Running BasicBlockSplit On do_jh_hash
Running BasicBlockSplit On jh
Running BasicBlockSplit On do_skein_hash
Running BasicBlockSplit On skein
Running BasicBlockSplit On xor_blocks_dst
Running BasicBlockSplit On mul64to128
Running BasicBlockSplit On sum_xor_dst
Running BasicBlockSplit On xor_blocks
Running BasicBlockSplit On SubAndShiftAndMixAddRound
Running BasicBlockSplit On SubAndShiftAndMixAddRoundInPlace
Running BasicBlockSplit On cryptonight_hash_ctx
Running BasicBlockSplit On oaes_alloc
Running BasicBlockSplit On keccak
Running BasicBlockSplit On v4_random_math_init
Running BasicBlockSplit On oaes_key_import_data
Running BasicBlockSplit On xor64
Running BasicBlockSplit On copy_block
Running BasicBlockSplit On v4_random_math
Running BasicBlockSplit On oaes_free
Running BasicBlockSplit On keccakf
Running BasicBlockSplit On cryptonight
Running BasicBlockSplit On Init
Running BasicBlockSplit On Update
Running BasicBlockSplit On Final
Running BasicBlockSplit On Hash
Running BasicBlockSplit On keccak1600
Running BasicBlockSplit On hash_cn
Running BasicBlockSplit On oaes_sprintf
Running BasicBlockSplit On oaes_key_gen_128
Running BasicBlockSplit On oaes_key_gen
Running BasicBlockSplit On oaes_key_gen_192
Running BasicBlockSplit On oaes_key_gen_256
Running BasicBlockSplit On oaes_key_export
Running BasicBlockSplit On oaes_key_export_data
Running BasicBlockSplit On oaes_key_import
Running BasicBlockSplit On oaes_key_destroy
Running BasicBlockSplit On oaes_key_expand
Running BasicBlockSplit On oaes_get_seed
Running BasicBlockSplit On oaes_set_option
Running BasicBlockSplit On oaes_encrypt
Running BasicBlockSplit On oaes_encrypt_block
Running BasicBlockSplit On oaes_decrypt
Running BasicBlockSplit On oaes_decrypt_block
Running BasicBlockSplit On oaes_encryption_round
Running BasicBlockSplit On oaes_sub_byte
Running BasicBlockSplit On oaes_shift_rows
Running BasicBlockSplit On oaes_mix_cols
Running BasicBlockSplit On oaes_pseudo_encrypt_ecb
Running BasicBlockSplit On Skein_Put64_LSB_First
Running BasicBlockSplit On Skein_Get64_LSB_First
Running BasicBlockSplit On Init___1
Running BasicBlockSplit On Update___1
Running BasicBlockSplit On Final___1
Running BasicBlockSplit On check_data
Running BasicBlockSplit On Transform
Running BasicBlockSplit On F512
Running BasicBlockSplit On RND512Q
Running BasicBlockSplit On RND512P
Running BasicBlockSplit On OutputTransformation
Running BasicBlockSplit On Init___0
Running BasicBlockSplit On Update___0
Running BasicBlockSplit On Final___0
Running BasicBlockSplit On F8
Running BasicBlockSplit On E8
Running BasicBlockSplit On oaes_word_rot_left
Running BasicBlockSplit On oaes_inv_shift_rows
Running BasicBlockSplit On oaes_inv_sub_byte
Running BasicBlockSplit On oaes_inv_mix_cols
Running BasicBlockSplit On oaes_gf_mul
Running BasicBlockSplit On Skein_512_Init
Running BasicBlockSplit On Skein1024_Init
Running BasicBlockSplit On Skein_512_Process_Block
Running BasicBlockSplit On Skein1024_Process_Block
Running BasicBlockSplit On Skein_512_Update
Running BasicBlockSplit On Skein_256_Update
Running BasicBlockSplit On Skein1024_Update
Running BasicBlockSplit On Skein_256_Process_Block
Running BasicBlockSplit On Skein_512_Final
Running BasicBlockSplit On Skein_256_Final
Running BasicBlockSplit On Skein1024_Final
Doing Post-Run Cleanup
Hikari Out
Spend Time: 0.2071552s
9 warnings generated.
