emcc: warning: LLVM version for clang executable "/usr/local/bin/clang" appears incorrect (seeing "16.0", expected "17") [-Wversion-check]
cil-Cx09IQNc.o:1:9: warning: unknown pragma ignored [-Wunknown-pragmas]
#pragma merger("0","/tmp/cil-9VlxUhPv.i","")
        ^
cil-y75ppg3x.o:1:9: warning: unknown pragma ignored [-Wunknown-pragmas]
#pragma merger("0","/tmp/cil-o4D6208K.i","")
        ^
cil-nnEP56GS.o:1:9: warning: unknown pragma ignored [-Wunknown-pragmas]
#pragma merger("0","/tmp/cil-N_sQoMKj.i","")
        ^
cil-7HlpMnd2.o:1:9: warning: unknown pragma ignored [-Wunknown-pragmas]
#pragma merger("0","/tmp/cil-G9TCSX4R.i","")
        ^
cil-DD76pTk8.o:1:9: warning: unknown pragma ignored [-Wunknown-pragmas]
#pragma merger("0","/tmp/cil-3K1CJtKD.i","")
        ^
jh_ansi_opt64.c:378:7: warning: variable 'tmp___0' set but not used [-Wunused-but-set-variable]
  int tmp___0 ;
      ^
cil-wIJSmtYL.o:1:9: warning: unknown pragma ignored [-Wunknown-pragmas]
#pragma merger("0","/tmp/cil-tNmvjJnP.i","")
        ^
cil-tfMGpW4O.o:1:9: warning: unknown pragma ignored [-Wunknown-pragmas]
#pragma merger("0","/tmp/cil-z9_BKLFa.i","")
        ^
cil-3UrcY5ND.o:1:9: warning: unknown pragma ignored [-Wunknown-pragmas]
#pragma merger("0","/tmp/cil-bE5Nvsdq.i","")
        ^
std::mt19937_64 seeded with current timestamp: 1679667333363
Initializing Hikari Core with Revision ID:dc9664d3ffbd6539efca6fbc18506fb7f8883093
Running Hikari On /llvm/dataset/cn-rwz/cn-rwz.c
Failed To Link PreCompiled AntiHooking IR From:/root/Hikari/PrecompiledAntiHooking-unknown-unknown.bc
wasm32-unknown-emscripten is Not Supported For LLVM AntiClassDump
Probably GNU Step?
Running AntiClassDump On /llvm/dataset/cn-rwz/cn-rwz.c
No ObjC Class Found in :/llvm/dataset/cn-rwz/cn-rwz.c
Doing Post-Run Cleanup
Hikari Out
Spend Time: 0.0071304s
9 warnings generated.
