emcc: warning: LLVM version for clang executable "/usr/local/bin/clang" appears incorrect (seeing "16.0", expected "17") [-Wversion-check]
../asteroids/main.c:196:37: warning: '__visibility__' attribute ignored when parsing type [-Wignored-attributes]
  if (tmp___0 < (int __attribute__((__visibility__("default")))  )0) {
                                    ^~~~~~~~~~~~~~~~~~~~~~~~~
std::mt19937_64 seeded with current timestamp: 1680079033019
Initializing Hikari Core with Revision ID:dc9664d3ffbd6539efca6fbc18506fb7f8883093
Running Hikari On /llvm/dataset/wasm-asteroids/wasm-asteroids.c
Failed To Link PreCompiled AntiHooking IR From:/root/Hikari/PrecompiledAntiHooking-unknown-unknown.bc
Running FunctionCallObfuscate On init_asteroids
Failed To Load Symbol Configuration From:/root/Hikari/SymbolConfig.json
Unsupported Target Triple: wasm32-unknown-emscripten
Running FunctionCallObfuscate On multiply_vector
Unsupported Target Triple: wasm32-unknown-emscripten
Running FunctionCallObfuscate On add_vector
Unsupported Target Triple: wasm32-unknown-emscripten
Running FunctionCallObfuscate On update_asteroids
Unsupported Target Triple: wasm32-unknown-emscripten
Running FunctionCallObfuscate On add_vector_new
Unsupported Target Triple: wasm32-unknown-emscripten
Running FunctionCallObfuscate On rotate_vector
Unsupported Target Triple: wasm32-unknown-emscripten
Running FunctionCallObfuscate On draw_asteroids
Unsupported Target Triple: wasm32-unknown-emscripten
Running FunctionCallObfuscate On draw_line
Unsupported Target Triple: wasm32-unknown-emscripten
Running FunctionCallObfuscate On shrink_asteroid
Unsupported Target Triple: wasm32-unknown-emscripten
Running FunctionCallObfuscate On divide_vector
Unsupported Target Triple: wasm32-unknown-emscripten
Running FunctionCallObfuscate On spawn_asteroids
Unsupported Target Triple: wasm32-unknown-emscripten
Running FunctionCallObfuscate On bounds_asteroids
Unsupported Target Triple: wasm32-unknown-emscripten
Running FunctionCallObfuscate On collision_asteroids
Unsupported Target Triple: wasm32-unknown-emscripten
Running FunctionCallObfuscate On mainloop
Unsupported Target Triple: wasm32-unknown-emscripten
Running FunctionCallObfuscate On get_direction
Unsupported Target Triple: wasm32-unknown-emscripten
Running FunctionCallObfuscate On apply_force
Unsupported Target Triple: wasm32-unknown-emscripten
Running FunctionCallObfuscate On rotate_player
Unsupported Target Triple: wasm32-unknown-emscripten
Running FunctionCallObfuscate On shoot_bullet
Unsupported Target Triple: wasm32-unknown-emscripten
Running FunctionCallObfuscate On clear_pixels
Unsupported Target Triple: wasm32-unknown-emscripten
Running FunctionCallObfuscate On update_player
Unsupported Target Triple: wasm32-unknown-emscripten
Running FunctionCallObfuscate On bounds_player
Unsupported Target Triple: wasm32-unknown-emscripten
Running FunctionCallObfuscate On draw_player
Unsupported Target Triple: wasm32-unknown-emscripten
Running FunctionCallObfuscate On __main_argc_argv
Unsupported Target Triple: wasm32-unknown-emscripten
Running FunctionCallObfuscate On init
Unsupported Target Triple: wasm32-unknown-emscripten
Running FunctionCallObfuscate On init_player
Unsupported Target Triple: wasm32-unknown-emscripten
Running FunctionCallObfuscate On normalise_vector
Unsupported Target Triple: wasm32-unknown-emscripten
Running FunctionCallObfuscate On draw_pixel
Unsupported Target Triple: wasm32-unknown-emscripten
Running FunctionCallObfuscate On limit_vector
Unsupported Target Triple: wasm32-unknown-emscripten
Running FunctionCallObfuscate On print_vector
Unsupported Target Triple: wasm32-unknown-emscripten
Running FunctionCallObfuscate On magnitude_vector
Unsupported Target Triple: wasm32-unknown-emscripten
Doing Post-Run Cleanup
Hikari Out
Spend Time: 0.0006351s
1 warning generated.
