emcc: warning: LLVM version for clang executable "/usr/local/bin/clang" appears incorrect (seeing "16.0", expected "17") [-Wversion-check]
../asteroids/main.c:196:37: warning: '__visibility__' attribute ignored when parsing type [-Wignored-attributes]
  if (tmp___0 < (int __attribute__((__visibility__("default")))  )0) {
                                    ^~~~~~~~~~~~~~~~~~~~~~~~~
std::mt19937_64 seeded with current timestamp: 1679666792579
Initializing Hikari Core with Revision ID:dc9664d3ffbd6539efca6fbc18506fb7f8883093
Running Hikari On /llvm/dataset/wasm-asteroids/wasm-asteroids.c
Failed To Link PreCompiled AntiHooking IR From:/root/Hikari/PrecompiledAntiHooking-unknown-unknown.bc
Running StringEncryption On init_asteroids
Running StringEncryption On multiply_vector
Running StringEncryption On add_vector
Running StringEncryption On update_asteroids
Running StringEncryption On add_vector_new
Running StringEncryption On rotate_vector
Running StringEncryption On draw_asteroids
Running StringEncryption On draw_line
Running StringEncryption On shrink_asteroid
Running StringEncryption On divide_vector
Running StringEncryption On spawn_asteroids
Running StringEncryption On bounds_asteroids
Running StringEncryption On collision_asteroids
Running StringEncryption On mainloop
Running StringEncryption On get_direction
Running StringEncryption On apply_force
Running StringEncryption On rotate_player
Running StringEncryption On shoot_bullet
Running StringEncryption On clear_pixels
Running StringEncryption On update_player
Running StringEncryption On bounds_player
Running StringEncryption On draw_player
Running StringEncryption On __main_argc_argv
Running StringEncryption On init
Running StringEncryption On init_player
Running StringEncryption On normalise_vector
Running StringEncryption On draw_pixel
Running StringEncryption On limit_vector
Running StringEncryption On print_vector
Running StringEncryption On magnitude_vector
Doing Post-Run Cleanup
Hikari Out
Spend Time: 0.0014169s
1 warning generated.
