emcc: warning: LLVM version for clang executable "/usr/local/bin/clang" appears incorrect (seeing "16.0", expected "17") [-Wversion-check]
../asteroids/main.c:196:37: warning: '__visibility__' attribute ignored when parsing type [-Wignored-attributes]
  if (tmp___0 < (int __attribute__((__visibility__("default")))  )0) {
                                    ^~~~~~~~~~~~~~~~~~~~~~~~~
std::mt19937_64 seeded with current timestamp: 1679666790299
Initializing Hikari Core with Revision ID:dc9664d3ffbd6539efca6fbc18506fb7f8883093
Running Hikari On /llvm/dataset/wasm-asteroids/wasm-asteroids.c
Failed To Link PreCompiled AntiHooking IR From:/root/Hikari/PrecompiledAntiHooking-unknown-unknown.bc
Running BasicBlockSplit On init_asteroids
Running BasicBlockSplit On multiply_vector
Running BasicBlockSplit On add_vector
Running BasicBlockSplit On update_asteroids
Running BasicBlockSplit On add_vector_new
Running BasicBlockSplit On rotate_vector
Running BasicBlockSplit On draw_asteroids
Running BasicBlockSplit On draw_line
Running BasicBlockSplit On shrink_asteroid
Running BasicBlockSplit On divide_vector
Running BasicBlockSplit On spawn_asteroids
Running BasicBlockSplit On bounds_asteroids
Running BasicBlockSplit On collision_asteroids
Running BasicBlockSplit On mainloop
Running BasicBlockSplit On get_direction
Running BasicBlockSplit On apply_force
Running BasicBlockSplit On rotate_player
Running BasicBlockSplit On shoot_bullet
Running BasicBlockSplit On clear_pixels
Running BasicBlockSplit On update_player
Running BasicBlockSplit On bounds_player
Running BasicBlockSplit On draw_player
Running BasicBlockSplit On __main_argc_argv
Running BasicBlockSplit On init
Running BasicBlockSplit On init_player
Running BasicBlockSplit On normalise_vector
Running BasicBlockSplit On draw_pixel
Running BasicBlockSplit On limit_vector
Running BasicBlockSplit On print_vector
Running BasicBlockSplit On magnitude_vector
Doing Post-Run Cleanup
Hikari Out
Spend Time: 0.0013759s
1 warning generated.
