emcc: warning: LLVM version for clang executable "/usr/local/bin/clang" appears incorrect (seeing "16.0", expected "17") [-Wversion-check]
cil-oJZVD0rr.o:1:9: warning: unknown pragma ignored [-Wunknown-pragmas]
#pragma merger("0","/tmp/cil-iw84lniB.i","")
        ^
cil-RU9FtlLc.o:1:9: warning: unknown pragma ignored [-Wunknown-pragmas]
#pragma merger("0","/tmp/cil-OolMWjDb.i","")
        ^
./variant4_random_math.h:206:10: warning: unused variable 'tmp___1' [-Wunused-variable]
  size_t tmp___1 ;
         ^
cryptonight.c:436:10: warning: variable 'rvs' set but not used [-Wunused-but-set-variable]
  size_t rvs ;
         ^
cil-VSmtolUv.o:1:9: warning: unknown pragma ignored [-Wunknown-pragmas]
#pragma merger("0","/tmp/cil-M7ZsEBOa.i","")
        ^
cil-D1uZ7UjU.o:1:9: warning: unknown pragma ignored [-Wunknown-pragmas]
#pragma merger("0","/tmp/cil-KS_AFdui.i","")
        ^
cil-X8VES2th.o:1:9: warning: unknown pragma ignored [-Wunknown-pragmas]
#pragma merger("0","/tmp/cil-hqeq5wRi.i","")
        ^
jh_ansi_opt64.c:601:7: warning: variable 'tmp___0' set but not used [-Wunused-but-set-variable]
  int tmp___0 ;
      ^
cil-Ev_6sBzY.o:1:9: warning: unknown pragma ignored [-Wunknown-pragmas]
#pragma merger("0","/tmp/cil-bXCyAt27.i","")
        ^
/usr/lib/emsdk/upstream/emscripten/cache/sysroot/include/math.h:108:31: warning: integer literal is too large to be represented in a signed integer type, interpreting as unsigned [-Wimplicitly-unsigned-literal]
      tmp___13 = (tmp___11 & (18446744073709551615 >> 1)) > 2047ULL << 52;
                              ^
/usr/lib/emsdk/upstream/emscripten/cache/sysroot/include/math.h:108:31: warning: integer literal is too large to be represented in a signed integer type, interpreting as unsigned [-Wimplicitly-unsigned-literal]
        tmp___7 = (tmp___5 & (18446744073709551615 >> 1)) > 2047ULL << 52;
                              ^
/usr/lib/emsdk/upstream/emscripten/cache/sysroot/include/math.h:110:16: warning: unused variable 'tmp' [-Wunused-variable]
  unsigned int tmp ;
               ^
/usr/lib/emsdk/upstream/emscripten/cache/sysroot/include/math.h:111:22: warning: unused variable 'tmp___0' [-Wunused-variable]
  unsigned long long tmp___0 ;
                     ^
/usr/lib/emsdk/upstream/emscripten/cache/sysroot/include/math.h:112:7: warning: unused variable 'tmp___1' [-Wunused-variable]
  int tmp___1 ;
      ^
/usr/lib/emsdk/upstream/emscripten/cache/sysroot/include/math.h:113:7: warning: unused variable 'tmp___2' [-Wunused-variable]
  int tmp___2 ;
      ^
/usr/lib/emsdk/upstream/emscripten/cache/sysroot/include/math.h:114:7: warning: unused variable 'tmp___3' [-Wunused-variable]
  int tmp___3 ;
      ^
/usr/lib/emsdk/upstream/emscripten/cache/sysroot/include/math.h:109:31: warning: integer literal is too large to be represented in a signed integer type, interpreting as unsigned [-Wimplicitly-unsigned-literal]
      tmp___13 = (tmp___11 & (18446744073709551615 >> 1)) > 2047ULL << 52;
                              ^
/usr/lib/emsdk/upstream/emscripten/cache/sysroot/include/math.h:109:31: warning: integer literal is too large to be represented in a signed integer type, interpreting as unsigned [-Wimplicitly-unsigned-literal]
        tmp___7 = (tmp___5 & (18446744073709551615 >> 1)) > 2047ULL << 52;
                              ^
/usr/lib/emsdk/upstream/emscripten/cache/sysroot/include/math.h:111:16: warning: unused variable 'tmp' [-Wunused-variable]
  unsigned int tmp ;
               ^
/usr/lib/emsdk/upstream/emscripten/cache/sysroot/include/math.h:112:22: warning: unused variable 'tmp___0' [-Wunused-variable]
  unsigned long long tmp___0 ;
                     ^
/usr/lib/emsdk/upstream/emscripten/cache/sysroot/include/math.h:113:7: warning: unused variable 'tmp___1' [-Wunused-variable]
  int tmp___1 ;
      ^
/usr/lib/emsdk/upstream/emscripten/cache/sysroot/include/math.h:114:7: warning: unused variable 'tmp___2' [-Wunused-variable]
  int tmp___2 ;
      ^
/usr/lib/emsdk/upstream/emscripten/cache/sysroot/include/math.h:115:7: warning: unused variable 'tmp___3' [-Wunused-variable]
  int tmp___3 ;
      ^
/usr/lib/emsdk/upstream/emscripten/cache/sysroot/include/math.h:110:31: warning: integer literal is too large to be represented in a signed integer type, interpreting as unsigned [-Wimplicitly-unsigned-literal]
      tmp___13 = (tmp___11 & (18446744073709551615 >> 1)) > 2047ULL << 52;
                              ^
/usr/lib/emsdk/upstream/emscripten/cache/sysroot/include/math.h:110:31: warning: integer literal is too large to be represented in a signed integer type, interpreting as unsigned [-Wimplicitly-unsigned-literal]
        tmp___7 = (tmp___5 & (18446744073709551615 >> 1)) > 2047ULL << 52;
                              ^
/usr/lib/emsdk/upstream/emscripten/cache/sysroot/include/math.h:112:16: warning: unused variable 'tmp' [-Wunused-variable]
  unsigned int tmp ;
               ^
/usr/lib/emsdk/upstream/emscripten/cache/sysroot/include/math.h:113:22: warning: unused variable 'tmp___0' [-Wunused-variable]
  unsigned long long tmp___0 ;
                     ^
/usr/lib/emsdk/upstream/emscripten/cache/sysroot/include/math.h:114:7: warning: unused variable 'tmp___1' [-Wunused-variable]
  int tmp___1 ;
      ^
/usr/lib/emsdk/upstream/emscripten/cache/sysroot/include/math.h:115:7: warning: unused variable 'tmp___2' [-Wunused-variable]
  int tmp___2 ;
      ^
/usr/lib/emsdk/upstream/emscripten/cache/sysroot/include/math.h:116:7: warning: unused variable 'tmp___3' [-Wunused-variable]
  int tmp___3 ;
      ^
/usr/lib/emsdk/upstream/emscripten/cache/sysroot/include/math.h:111:31: warning: integer literal is too large to be represented in a signed integer type, interpreting as unsigned [-Wimplicitly-unsigned-literal]
      tmp___13 = (tmp___11 & (18446744073709551615 >> 1)) > 2047ULL << 52;
                              ^
/usr/lib/emsdk/upstream/emscripten/cache/sysroot/include/math.h:111:31: warning: integer literal is too large to be represented in a signed integer type, interpreting as unsigned [-Wimplicitly-unsigned-literal]
        tmp___7 = (tmp___5 & (18446744073709551615 >> 1)) > 2047ULL << 52;
                              ^
/usr/lib/emsdk/upstream/emscripten/cache/sysroot/include/math.h:113:16: warning: unused variable 'tmp' [-Wunused-variable]
  unsigned int tmp ;
               ^
/usr/lib/emsdk/upstream/emscripten/cache/sysroot/include/math.h:114:22: warning: unused variable 'tmp___0' [-Wunused-variable]
  unsigned long long tmp___0 ;
                     ^
/usr/lib/emsdk/upstream/emscripten/cache/sysroot/include/math.h:115:7: warning: unused variable 'tmp___1' [-Wunused-variable]
  int tmp___1 ;
      ^
/usr/lib/emsdk/upstream/emscripten/cache/sysroot/include/math.h:116:7: warning: unused variable 'tmp___2' [-Wunused-variable]
  int tmp___2 ;
      ^
/usr/lib/emsdk/upstream/emscripten/cache/sysroot/include/math.h:117:7: warning: unused variable 'tmp___3' [-Wunused-variable]
  int tmp___3 ;
      ^
/usr/lib/emsdk/upstream/emscripten/cache/sysroot/include/math.h:112:31: warning: integer literal is too large to be represented in a signed integer type, interpreting as unsigned [-Wimplicitly-unsigned-literal]
      tmp___13 = (tmp___11 & (18446744073709551615 >> 1)) > 2047ULL << 52;
                              ^
/usr/lib/emsdk/upstream/emscripten/cache/sysroot/include/math.h:112:31: warning: integer literal is too large to be represented in a signed integer type, interpreting as unsigned [-Wimplicitly-unsigned-literal]
        tmp___7 = (tmp___5 & (18446744073709551615 >> 1)) > 2047ULL << 52;
                              ^
/usr/lib/emsdk/upstream/emscripten/cache/sysroot/include/math.h:114:16: warning: unused variable 'tmp' [-Wunused-variable]
  unsigned int tmp ;
               ^
/usr/lib/emsdk/upstream/emscripten/cache/sysroot/include/math.h:115:22: warning: unused variable 'tmp___0' [-Wunused-variable]
  unsigned long long tmp___0 ;
                     ^
/usr/lib/emsdk/upstream/emscripten/cache/sysroot/include/math.h:116:7: warning: unused variable 'tmp___1' [-Wunused-variable]
  int tmp___1 ;
      ^
/usr/lib/emsdk/upstream/emscripten/cache/sysroot/include/math.h:117:7: warning: unused variable 'tmp___2' [-Wunused-variable]
  int tmp___2 ;
      ^
/usr/lib/emsdk/upstream/emscripten/cache/sysroot/include/math.h:118:7: warning: unused variable 'tmp___3' [-Wunused-variable]
  int tmp___3 ;
      ^
/usr/lib/emsdk/upstream/emscripten/cache/sysroot/include/math.h:113:31: warning: integer literal is too large to be represented in a signed integer type, interpreting as unsigned [-Wimplicitly-unsigned-literal]
      tmp___13 = (tmp___11 & (18446744073709551615 >> 1)) > 2047ULL << 52;
                              ^
/usr/lib/emsdk/upstream/emscripten/cache/sysroot/include/math.h:113:31: warning: integer literal is too large to be represented in a signed integer type, interpreting as unsigned [-Wimplicitly-unsigned-literal]
        tmp___7 = (tmp___5 & (18446744073709551615 >> 1)) > 2047ULL << 52;
                              ^
/usr/lib/emsdk/upstream/emscripten/cache/sysroot/include/math.h:115:16: warning: unused variable 'tmp' [-Wunused-variable]
  unsigned int tmp ;
               ^
/usr/lib/emsdk/upstream/emscripten/cache/sysroot/include/math.h:116:22: warning: unused variable 'tmp___0' [-Wunused-variable]
  unsigned long long tmp___0 ;
                     ^
/usr/lib/emsdk/upstream/emscripten/cache/sysroot/include/math.h:117:7: warning: unused variable 'tmp___1' [-Wunused-variable]
  int tmp___1 ;
      ^
/usr/lib/emsdk/upstream/emscripten/cache/sysroot/include/math.h:118:7: warning: unused variable 'tmp___2' [-Wunused-variable]
  int tmp___2 ;
      ^
/usr/lib/emsdk/upstream/emscripten/cache/sysroot/include/math.h:119:7: warning: unused variable 'tmp___3' [-Wunused-variable]
  int tmp___3 ;
      ^
/usr/lib/emsdk/upstream/emscripten/cache/sysroot/include/math.h:114:31: warning: integer literal is too large to be represented in a signed integer type, interpreting as unsigned [-Wimplicitly-unsigned-literal]
      tmp___13 = (tmp___11 & (18446744073709551615 >> 1)) > 2047ULL << 52;
                              ^
/usr/lib/emsdk/upstream/emscripten/cache/sysroot/include/math.h:114:31: warning: integer literal is too large to be represented in a signed integer type, interpreting as unsigned [-Wimplicitly-unsigned-literal]
        tmp___7 = (tmp___5 & (18446744073709551615 >> 1)) > 2047ULL << 52;
                              ^
/usr/lib/emsdk/upstream/emscripten/cache/sysroot/include/math.h:116:16: warning: unused variable 'tmp' [-Wunused-variable]
  unsigned int tmp ;
               ^
/usr/lib/emsdk/upstream/emscripten/cache/sysroot/include/math.h:117:22: warning: unused variable 'tmp___0' [-Wunused-variable]
  unsigned long long tmp___0 ;
                     ^
/usr/lib/emsdk/upstream/emscripten/cache/sysroot/include/math.h:118:7: warning: unused variable 'tmp___1' [-Wunused-variable]
  int tmp___1 ;
      ^
/usr/lib/emsdk/upstream/emscripten/cache/sysroot/include/math.h:119:7: warning: unused variable 'tmp___2' [-Wunused-variable]
  int tmp___2 ;
      ^
/usr/lib/emsdk/upstream/emscripten/cache/sysroot/include/math.h:120:7: warning: unused variable 'tmp___3' [-Wunused-variable]
  int tmp___3 ;
      ^
/usr/lib/emsdk/upstream/emscripten/cache/sysroot/include/math.h:115:31: warning: integer literal is too large to be represented in a signed integer type, interpreting as unsigned [-Wimplicitly-unsigned-literal]
      tmp___13 = (tmp___11 & (18446744073709551615 >> 1)) > 2047ULL << 52;
                              ^
/usr/lib/emsdk/upstream/emscripten/cache/sysroot/include/math.h:115:31: warning: integer literal is too large to be represented in a signed integer type, interpreting as unsigned [-Wimplicitly-unsigned-literal]
        tmp___7 = (tmp___5 & (18446744073709551615 >> 1)) > 2047ULL << 52;
                              ^
/usr/lib/emsdk/upstream/emscripten/cache/sysroot/include/math.h:117:16: warning: unused variable 'tmp' [-Wunused-variable]
  unsigned int tmp ;
               ^
/usr/lib/emsdk/upstream/emscripten/cache/sysroot/include/math.h:118:22: warning: unused variable 'tmp___0' [-Wunused-variable]
  unsigned long long tmp___0 ;
                     ^
/usr/lib/emsdk/upstream/emscripten/cache/sysroot/include/math.h:119:7: warning: unused variable 'tmp___1' [-Wunused-variable]
  int tmp___1 ;
      ^
/usr/lib/emsdk/upstream/emscripten/cache/sysroot/include/math.h:120:7: warning: unused variable 'tmp___2' [-Wunused-variable]
  int tmp___2 ;
      ^
/usr/lib/emsdk/upstream/emscripten/cache/sysroot/include/math.h:121:7: warning: unused variable 'tmp___3' [-Wunused-variable]
  int tmp___3 ;
      ^
/usr/lib/emsdk/upstream/emscripten/cache/sysroot/include/math.h:116:31: warning: integer literal is too large to be represented in a signed integer type, interpreting as unsigned [-Wimplicitly-unsigned-literal]
      tmp___13 = (tmp___11 & (18446744073709551615 >> 1)) > 2047ULL << 52;
                              ^
/usr/lib/emsdk/upstream/emscripten/cache/sysroot/include/math.h:116:31: warning: integer literal is too large to be represented in a signed integer type, interpreting as unsigned [-Wimplicitly-unsigned-literal]
        tmp___7 = (tmp___5 & (18446744073709551615 >> 1)) > 2047ULL << 52;
                              ^
/usr/lib/emsdk/upstream/emscripten/cache/sysroot/include/math.h:118:16: warning: unused variable 'tmp' [-Wunused-variable]
  unsigned int tmp ;
               ^
/usr/lib/emsdk/upstream/emscripten/cache/sysroot/include/math.h:119:22: warning: unused variable 'tmp___0' [-Wunused-variable]
  unsigned long long tmp___0 ;
                     ^
/usr/lib/emsdk/upstream/emscripten/cache/sysroot/include/math.h:120:7: warning: unused variable 'tmp___1' [-Wunused-variable]
  int tmp___1 ;
      ^
/usr/lib/emsdk/upstream/emscripten/cache/sysroot/include/math.h:121:7: warning: unused variable 'tmp___2' [-Wunused-variable]
  int tmp___2 ;
      ^
/usr/lib/emsdk/upstream/emscripten/cache/sysroot/include/math.h:122:7: warning: unused variable 'tmp___3' [-Wunused-variable]
  int tmp___3 ;
      ^
/usr/lib/emsdk/upstream/emscripten/cache/sysroot/include/math.h:117:31: warning: integer literal is too large to be represented in a signed integer type, interpreting as unsigned [-Wimplicitly-unsigned-literal]
      tmp___13 = (tmp___11 & (18446744073709551615 >> 1)) > 2047ULL << 52;
                              ^
/usr/lib/emsdk/upstream/emscripten/cache/sysroot/include/math.h:117:31: warning: integer literal is too large to be represented in a signed integer type, interpreting as unsigned [-Wimplicitly-unsigned-literal]
        tmp___7 = (tmp___5 & (18446744073709551615 >> 1)) > 2047ULL << 52;
                              ^
/usr/lib/emsdk/upstream/emscripten/cache/sysroot/include/math.h:119:16: warning: unused variable 'tmp' [-Wunused-variable]
  unsigned int tmp ;
               ^
/usr/lib/emsdk/upstream/emscripten/cache/sysroot/include/math.h:120:22: warning: unused variable 'tmp___0' [-Wunused-variable]
  unsigned long long tmp___0 ;
                     ^
/usr/lib/emsdk/upstream/emscripten/cache/sysroot/include/math.h:121:7: warning: unused variable 'tmp___1' [-Wunused-variable]
  int tmp___1 ;
      ^
/usr/lib/emsdk/upstream/emscripten/cache/sysroot/include/math.h:122:7: warning: unused variable 'tmp___2' [-Wunused-variable]
  int tmp___2 ;
      ^
/usr/lib/emsdk/upstream/emscripten/cache/sysroot/include/math.h:123:7: warning: unused variable 'tmp___3' [-Wunused-variable]
  int tmp___3 ;
      ^
/usr/lib/emsdk/upstream/emscripten/cache/sysroot/include/math.h:118:31: warning: integer literal is too large to be represented in a signed integer type, interpreting as unsigned [-Wimplicitly-unsigned-literal]
      tmp___13 = (tmp___11 & (18446744073709551615 >> 1)) > 2047ULL << 52;
                              ^
/usr/lib/emsdk/upstream/emscripten/cache/sysroot/include/math.h:118:31: warning: integer literal is too large to be represented in a signed integer type, interpreting as unsigned [-Wimplicitly-unsigned-literal]
        tmp___7 = (tmp___5 & (18446744073709551615 >> 1)) > 2047ULL << 52;
                              ^
/usr/lib/emsdk/upstream/emscripten/cache/sysroot/include/math.h:120:16: warning: unused variable 'tmp' [-Wunused-variable]
  unsigned int tmp ;
               ^
/usr/lib/emsdk/upstream/emscripten/cache/sysroot/include/math.h:121:22: warning: unused variable 'tmp___0' [-Wunused-variable]
  unsigned long long tmp___0 ;
                     ^
/usr/lib/emsdk/upstream/emscripten/cache/sysroot/include/math.h:122:7: warning: unused variable 'tmp___1' [-Wunused-variable]
  int tmp___1 ;
      ^
/usr/lib/emsdk/upstream/emscripten/cache/sysroot/include/math.h:123:7: warning: unused variable 'tmp___2' [-Wunused-variable]
  int tmp___2 ;
      ^
/usr/lib/emsdk/upstream/emscripten/cache/sysroot/include/math.h:124:7: warning: unused variable 'tmp___3' [-Wunused-variable]
  int tmp___3 ;
      ^
/usr/lib/emsdk/upstream/emscripten/cache/sysroot/include/math.h:119:31: warning: integer literal is too large to be represented in a signed integer type, interpreting as unsigned [-Wimplicitly-unsigned-literal]
      tmp___13 = (tmp___11 & (18446744073709551615 >> 1)) > 2047ULL << 52;
                              ^
/usr/lib/emsdk/upstream/emscripten/cache/sysroot/include/math.h:119:31: warning: integer literal is too large to be represented in a signed integer type, interpreting as unsigned [-Wimplicitly-unsigned-literal]
        tmp___7 = (tmp___5 & (18446744073709551615 >> 1)) > 2047ULL << 52;
                              ^
/usr/lib/emsdk/upstream/emscripten/cache/sysroot/include/math.h:121:16: warning: unused variable 'tmp' [-Wunused-variable]
  unsigned int tmp ;
               ^
/usr/lib/emsdk/upstream/emscripten/cache/sysroot/include/math.h:122:22: warning: unused variable 'tmp___0' [-Wunused-variable]
  unsigned long long tmp___0 ;
                     ^
/usr/lib/emsdk/upstream/emscripten/cache/sysroot/include/math.h:123:7: warning: unused variable 'tmp___1' [-Wunused-variable]
  int tmp___1 ;
      ^
/usr/lib/emsdk/upstream/emscripten/cache/sysroot/include/math.h:124:7: warning: unused variable 'tmp___2' [-Wunused-variable]
  int tmp___2 ;
      ^
/usr/lib/emsdk/upstream/emscripten/cache/sysroot/include/math.h:125:7: warning: unused variable 'tmp___3' [-Wunused-variable]
  int tmp___3 ;
      ^
/usr/lib/emsdk/upstream/emscripten/cache/sysroot/include/math.h:120:31: warning: integer literal is too large to be represented in a signed integer type, interpreting as unsigned [-Wimplicitly-unsigned-literal]
      tmp___13 = (tmp___11 & (18446744073709551615 >> 1)) > 2047ULL << 52;
                              ^
/usr/lib/emsdk/upstream/emscripten/cache/sysroot/include/math.h:120:31: warning: integer literal is too large to be represented in a signed integer type, interpreting as unsigned [-Wimplicitly-unsigned-literal]
        tmp___7 = (tmp___5 & (18446744073709551615 >> 1)) > 2047ULL << 52;
                              ^
/usr/lib/emsdk/upstream/emscripten/cache/sysroot/include/math.h:122:16: warning: unused variable 'tmp' [-Wunused-variable]
  unsigned int tmp ;
               ^
/usr/lib/emsdk/upstream/emscripten/cache/sysroot/include/math.h:123:22: warning: unused variable 'tmp___0' [-Wunused-variable]
  unsigned long long tmp___0 ;
                     ^
/usr/lib/emsdk/upstream/emscripten/cache/sysroot/include/math.h:124:7: warning: unused variable 'tmp___1' [-Wunused-variable]
  int tmp___1 ;
      ^
/usr/lib/emsdk/upstream/emscripten/cache/sysroot/include/math.h:125:7: warning: unused variable 'tmp___2' [-Wunused-variable]
  int tmp___2 ;
      ^
/usr/lib/emsdk/upstream/emscripten/cache/sysroot/include/math.h:126:7: warning: unused variable 'tmp___3' [-Wunused-variable]
  int tmp___3 ;
      ^
/usr/lib/emsdk/upstream/emscripten/cache/sysroot/include/math.h:121:31: warning: integer literal is too large to be represented in a signed integer type, interpreting as unsigned [-Wimplicitly-unsigned-literal]
      tmp___13 = (tmp___11 & (18446744073709551615 >> 1)) > 2047ULL << 52;
                              ^
/usr/lib/emsdk/upstream/emscripten/cache/sysroot/include/math.h:121:31: warning: integer literal is too large to be represented in a signed integer type, interpreting as unsigned [-Wimplicitly-unsigned-literal]
        tmp___7 = (tmp___5 & (18446744073709551615 >> 1)) > 2047ULL << 52;
                              ^
/usr/lib/emsdk/upstream/emscripten/cache/sysroot/include/math.h:123:16: warning: unused variable 'tmp' [-Wunused-variable]
  unsigned int tmp ;
               ^
/usr/lib/emsdk/upstream/emscripten/cache/sysroot/include/math.h:124:22: warning: unused variable 'tmp___0' [-Wunused-variable]
  unsigned long long tmp___0 ;
                     ^
/usr/lib/emsdk/upstream/emscripten/cache/sysroot/include/math.h:125:7: warning: unused variable 'tmp___1' [-Wunused-variable]
  int tmp___1 ;
      ^
/usr/lib/emsdk/upstream/emscripten/cache/sysroot/include/math.h:126:7: warning: unused variable 'tmp___2' [-Wunused-variable]
  int tmp___2 ;
      ^
/usr/lib/emsdk/upstream/emscripten/cache/sysroot/include/math.h:127:7: warning: unused variable 'tmp___3' [-Wunused-variable]
  int tmp___3 ;
      ^
/usr/lib/emsdk/upstream/emscripten/cache/sysroot/include/math.h:122:31: warning: integer literal is too large to be represented in a signed integer type, interpreting as unsigned [-Wimplicitly-unsigned-literal]
      tmp___13 = (tmp___11 & (18446744073709551615 >> 1)) > 2047ULL << 52;
                              ^
/usr/lib/emsdk/upstream/emscripten/cache/sysroot/include/math.h:122:31: warning: integer literal is too large to be represented in a signed integer type, interpreting as unsigned [-Wimplicitly-unsigned-literal]
        tmp___7 = (tmp___5 & (18446744073709551615 >> 1)) > 2047ULL << 52;
                              ^
/usr/lib/emsdk/upstream/emscripten/cache/sysroot/include/math.h:124:16: warning: unused variable 'tmp' [-Wunused-variable]
  unsigned int tmp ;
               ^
/usr/lib/emsdk/upstream/emscripten/cache/sysroot/include/math.h:125:22: warning: unused variable 'tmp___0' [-Wunused-variable]
  unsigned long long tmp___0 ;
                     ^
/usr/lib/emsdk/upstream/emscripten/cache/sysroot/include/math.h:126:7: warning: unused variable 'tmp___1' [-Wunused-variable]
  int tmp___1 ;
      ^
/usr/lib/emsdk/upstream/emscripten/cache/sysroot/include/math.h:127:7: warning: unused variable 'tmp___2' [-Wunused-variable]
  int tmp___2 ;
      ^
/usr/lib/emsdk/upstream/emscripten/cache/sysroot/include/math.h:128:7: warning: unused variable 'tmp___3' [-Wunused-variable]
  int tmp___3 ;
      ^
cil-gjt_KVWA.o:1:9: warning: unknown pragma ignored [-Wunknown-pragmas]
#pragma merger("0","/tmp/cil-gVFSghwW.i","")
        ^
cil-w_LMzRuV.o:1:9: warning: unknown pragma ignored [-Wunknown-pragmas]
#pragma merger("0","/tmp/cil-iSdfuK9I.i","")
        ^
cryptonight.c:113:13: warning: unused function 'xor64' [-Wunused-function]
static void xor64(uint8_t *a , uint64_t const   b ) 
            ^
/usr/lib/emsdk/upstream/emscripten/cache/sysroot/include/math.h:108:21: warning: unused function '__islessf' [-Wunused-function]
__inline static int __islessf(float_t __x , float_t __y ) 
                    ^
/usr/lib/emsdk/upstream/emscripten/cache/sysroot/include/math.h:109:21: warning: unused function '__isless' [-Wunused-function]
__inline static int __isless(double_t __x , double_t __y ) 
                    ^
/usr/lib/emsdk/upstream/emscripten/cache/sysroot/include/math.h:110:21: warning: unused function '__islessl' [-Wunused-function]
__inline static int __islessl(long double __x , long double __y ) 
                    ^
/usr/lib/emsdk/upstream/emscripten/cache/sysroot/include/math.h:111:21: warning: unused function '__islessequalf' [-Wunused-function]
__inline static int __islessequalf(float_t __x , float_t __y ) 
                    ^
/usr/lib/emsdk/upstream/emscripten/cache/sysroot/include/math.h:112:21: warning: unused function '__islessequal' [-Wunused-function]
__inline static int __islessequal(double_t __x , double_t __y ) 
                    ^
/usr/lib/emsdk/upstream/emscripten/cache/sysroot/include/math.h:113:21: warning: unused function '__islessequall' [-Wunused-function]
__inline static int __islessequall(long double __x , long double __y ) 
                    ^
/usr/lib/emsdk/upstream/emscripten/cache/sysroot/include/math.h:114:21: warning: unused function '__islessgreaterf' [-Wunused-function]
__inline static int __islessgreaterf(float_t __x , float_t __y ) 
                    ^
/usr/lib/emsdk/upstream/emscripten/cache/sysroot/include/math.h:115:21: warning: unused function '__islessgreater' [-Wunused-function]
__inline static int __islessgreater(double_t __x , double_t __y ) 
                    ^
/usr/lib/emsdk/upstream/emscripten/cache/sysroot/include/math.h:116:21: warning: unused function '__islessgreaterl' [-Wunused-function]
__inline static int __islessgreaterl(long double __x , long double __y ) 
                    ^
/usr/lib/emsdk/upstream/emscripten/cache/sysroot/include/math.h:117:21: warning: unused function '__isgreaterf' [-Wunused-function]
__inline static int __isgreaterf(float_t __x , float_t __y ) 
                    ^
/usr/lib/emsdk/upstream/emscripten/cache/sysroot/include/math.h:118:21: warning: unused function '__isgreater' [-Wunused-function]
__inline static int __isgreater(double_t __x , double_t __y ) 
                    ^
/usr/lib/emsdk/upstream/emscripten/cache/sysroot/include/math.h:119:21: warning: unused function '__isgreaterl' [-Wunused-function]
__inline static int __isgreaterl(long double __x , long double __y ) 
                    ^
/usr/lib/emsdk/upstream/emscripten/cache/sysroot/include/math.h:120:21: warning: unused function '__isgreaterequalf' [-Wunused-function]
__inline static int __isgreaterequalf(float_t __x , float_t __y ) 
                    ^
/usr/lib/emsdk/upstream/emscripten/cache/sysroot/include/math.h:121:21: warning: unused function '__isgreaterequal' [-Wunused-function]
__inline static int __isgreaterequal(double_t __x , double_t __y ) 
                    ^
/usr/lib/emsdk/upstream/emscripten/cache/sysroot/include/math.h:122:21: warning: unused function '__isgreaterequall' [-Wunused-function]
__inline static int __isgreaterequall(long double __x , long double __y ) 
                    ^
/usr/lib/emsdk/upstream/emscripten/cache/sysroot/include/endian.h:19:26: warning: unused function '__bswap16' [-Wunused-function]
__inline static uint16_t __bswap16(uint16_t __x ) 
                         ^
/usr/lib/emsdk/upstream/emscripten/cache/sysroot/include/endian.h:29:26: warning: unused function '__bswap64' [-Wunused-function]
__inline static uint64_t __bswap64(uint64_t __x ) 
                         ^
std::mt19937_64 seeded with current timestamp: 1680105196871
Initializing Hikari Core with Revision ID:dc9664d3ffbd6539efca6fbc18506fb7f8883093
Running Hikari On /llvm/dataset/cn-r/cn-r.c
Failed To Link PreCompiled AntiHooking IR From:/root/Hikari/PrecompiledAntiHooking-unknown-unknown.bc
Running Instruction Substitution On blake256_compress
Running Instruction Substitution On blake256_init
Running Instruction Substitution On blake224_init
Running Instruction Substitution On blake256_update
Running Instruction Substitution On blake224_update
Running Instruction Substitution On blake256_final_h
Running Instruction Substitution On blake256_final
Running Instruction Substitution On blake224_final
Running Instruction Substitution On blake256_hash
Running Instruction Substitution On blake
Running Instruction Substitution On blake224_hash
Running Instruction Substitution On hmac_blake256_init
Running Instruction Substitution On hmac_blake224_init
Running Instruction Substitution On hmac_blake256_update
Running Instruction Substitution On hmac_blake224_update
Running Instruction Substitution On hmac_blake256_final
Running Instruction Substitution On hmac_blake224_final
Running Instruction Substitution On hmac_blake256_hash
Running Instruction Substitution On hmac_blake224_hash
Running Instruction Substitution On do_blake_hash
Running Instruction Substitution On do_groestl_hash
Running Instruction Substitution On groestl
Running Instruction Substitution On do_jh_hash
Running Instruction Substitution On jh
Running Instruction Substitution On do_skein_hash
Running Instruction Substitution On skein
Running Instruction Substitution On xor_blocks_dst
Running Instruction Substitution On mul64to128
Running Instruction Substitution On sum_xor_dst
Running Instruction Substitution On xor_blocks
Running Instruction Substitution On SubAndShiftAndMixAddRound
Running Instruction Substitution On SubAndShiftAndMixAddRoundInPlace
Running Instruction Substitution On cryptonight_hash_ctx
Running Instruction Substitution On oaes_alloc
Running Instruction Substitution On keccak
Running Instruction Substitution On v4_random_math_init
Running Instruction Substitution On oaes_key_import_data
Running Instruction Substitution On copy_block
Running Instruction Substitution On v4_random_math
Running Instruction Substitution On oaes_free
Running Instruction Substitution On keccakf
Running Instruction Substitution On cryptonight
Running Instruction Substitution On Init
Running Instruction Substitution On Update
Running Instruction Substitution On Final
Running Instruction Substitution On Hash
Running Instruction Substitution On keccak1600
Running Instruction Substitution On hash_cn
Running Instruction Substitution On oaes_sprintf
Running Instruction Substitution On oaes_key_gen_128
Running Instruction Substitution On oaes_key_gen
Running Instruction Substitution On oaes_key_gen_192
Running Instruction Substitution On oaes_key_gen_256
Running Instruction Substitution On oaes_key_export
Running Instruction Substitution On oaes_key_export_data
Running Instruction Substitution On oaes_key_import
Running Instruction Substitution On oaes_key_destroy
Running Instruction Substitution On oaes_key_expand
Running Instruction Substitution On oaes_get_seed
Running Instruction Substitution On oaes_set_option
Running Instruction Substitution On oaes_encrypt
Running Instruction Substitution On oaes_encrypt_block
Running Instruction Substitution On oaes_decrypt
Running Instruction Substitution On oaes_decrypt_block
Running Instruction Substitution On oaes_encryption_round
Running Instruction Substitution On oaes_sub_byte
Running Instruction Substitution On oaes_shift_rows
Running Instruction Substitution On oaes_mix_cols
Running Instruction Substitution On oaes_pseudo_encrypt_ecb
Running Instruction Substitution On Skein_Put64_LSB_First
Running Instruction Substitution On Skein_Get64_LSB_First
Running Instruction Substitution On Init___1
Running Instruction Substitution On Update___1
Running Instruction Substitution On Final___1
Running Instruction Substitution On check_data
Running Instruction Substitution On Transform
Running Instruction Substitution On F512
Running Instruction Substitution On RND512Q
Running Instruction Substitution On RND512P
Running Instruction Substitution On OutputTransformation
Running Instruction Substitution On Init___0
Running Instruction Substitution On Update___0
Running Instruction Substitution On Final___0
Running Instruction Substitution On F8
Running Instruction Substitution On E8
Running Instruction Substitution On oaes_word_rot_left
Running Instruction Substitution On oaes_inv_shift_rows
Running Instruction Substitution On oaes_inv_sub_byte
Running Instruction Substitution On oaes_inv_mix_cols
Running Instruction Substitution On oaes_gf_mul
Running Instruction Substitution On Skein_512_Init
Running Instruction Substitution On Skein1024_Init
Running Instruction Substitution On Skein_512_Process_Block
Running Instruction Substitution On Skein1024_Process_Block
Running Instruction Substitution On Skein_512_Update
Running Instruction Substitution On Skein_256_Update
Running Instruction Substitution On Skein1024_Update
Running Instruction Substitution On Skein_256_Process_Block
Running Instruction Substitution On Skein_512_Final
Running Instruction Substitution On Skein_256_Final
Running Instruction Substitution On Skein1024_Final
Doing Post-Run Cleanup
Hikari Out
Spend Time: 0.0071199s
134 warnings generated.
