emcc: warning: LLVM version for clang executable "/usr/local/bin/clang" appears incorrect (seeing "16.0", expected "17") [-Wversion-check]
../asteroids/main.c:196:37: warning: '__visibility__' attribute ignored when parsing type [-Wignored-attributes]
  if (tmp___0 < (int __attribute__((__visibility__("default")))  )0) {
                                    ^~~~~~~~~~~~~~~~~~~~~~~~~
std::mt19937_64 seeded with current timestamp: 1680100466924
Initializing Hikari Core with Revision ID:dc9664d3ffbd6539efca6fbc18506fb7f8883093
Running Hikari On /llvm/dataset/wasm-asteroids/wasm-asteroids.c
Failed To Link PreCompiled AntiHooking IR From:/root/Hikari/PrecompiledAntiHooking-unknown-unknown.bc
Running ConstantEncryption On init_asteroids
Running ConstantEncryption On multiply_vector
Running ConstantEncryption On add_vector
Running ConstantEncryption On update_asteroids
Running ConstantEncryption On add_vector_new
Running ConstantEncryption On rotate_vector
Running ConstantEncryption On draw_asteroids
Running ConstantEncryption On draw_line
Running ConstantEncryption On shrink_asteroid
Running ConstantEncryption On divide_vector
Running ConstantEncryption On spawn_asteroids
Running ConstantEncryption On bounds_asteroids
Running ConstantEncryption On collision_asteroids
Running ConstantEncryption On mainloop
Running ConstantEncryption On get_direction
Running ConstantEncryption On apply_force
Running ConstantEncryption On rotate_player
Running ConstantEncryption On shoot_bullet
Running ConstantEncryption On clear_pixels
Running ConstantEncryption On update_player
Running ConstantEncryption On bounds_player
Running ConstantEncryption On draw_player
Running ConstantEncryption On __main_argc_argv
Running ConstantEncryption On init
Running ConstantEncryption On init_player
Running ConstantEncryption On normalise_vector
Running ConstantEncryption On draw_pixel
Running ConstantEncryption On limit_vector
Running ConstantEncryption On print_vector
Running ConstantEncryption On magnitude_vector
Doing Post-Run Cleanup
Hikari Out
Spend Time: 0.0010378s
1 warning generated.
