/tigress/dataset/wasm-asteroids/tigress/virtualize.c:10732:36: warning: '__visibility__' attribute ignored when parsing type [-Wignored-attributes]
    *((unsigned int __attribute__((__visibility__("default")))  *)(_1_mainloop_$locals + 12)) = SDL_GetTicks();
                                   ^~~~~~~~~~~~~~~~~~~~~~~~~
/tigress/dataset/wasm-asteroids/tigress/virtualize.c:10735:43: warning: '__visibility__' attribute ignored when parsing type [-Wignored-attributes]
    *((unsigned char const __attribute__((__visibility__("default")))  **)(_1_mainloop_$locals + 28)) = SDL_GetKeyboardState(*((int **)(_1_mainloop_$locals + 20)));
                                          ^~~~~~~~~~~~~~~~~~~~~~~~~
/tigress/dataset/wasm-asteroids/tigress/virtualize.c:10788:27: warning: '__visibility__' attribute ignored when parsing type [-Wignored-attributes]
    *((int __attribute__((__visibility__("default")))  *)(_1_mainloop_$locals + 156)) = SDL_PollEvent(*((SDL_Event **)(_1_mainloop_$locals + 88)));
                          ^~~~~~~~~~~~~~~~~~~~~~~~~
/tigress/dataset/wasm-asteroids/tigress/virtualize.c:12251:27: warning: '__visibility__' attribute ignored when parsing type [-Wignored-attributes]
    *((int __attribute__((__visibility__("default")))  *)(_1_init_$locals + 12)) = SDL_Init(32U);
                          ^~~~~~~~~~~~~~~~~~~~~~~~~
/tigress/dataset/wasm-asteroids/tigress/virtualize.c:12254:85: warning: '__visibility__' attribute ignored when parsing type [-Wignored-attributes]
    printf(*((char const   **)(_1_init_$locals + 88)), *((char const __attribute__((__visibility__("default")))  **)(_1_init_$locals + 92)));
                                                                                    ^~~~~~~~~~~~~~~~~~~~~~~~~
/tigress/dataset/wasm-asteroids/tigress/virtualize.c:12257:34: warning: '__visibility__' attribute ignored when parsing type [-Wignored-attributes]
    *((char const __attribute__((__visibility__("default")))  **)(_1_init_$locals + 20)) = SDL_GetError();
                                 ^~~~~~~~~~~~~~~~~~~~~~~~~
/tigress/dataset/wasm-asteroids/tigress/virtualize.c:12263:12: warning: format string is not a string literal (potentially insecure) [-Wformat-security]
    printf(*((char const   **)(_1_init_$locals + 96)));
           ^~~~~~~~~~~~~~~~~~~~~~~~~~~~~~~~~~~~~~~~~~
/tigress/dataset/wasm-asteroids/tigress/virtualize.c:12263:12: note: treat the string as an argument to avoid this
    printf(*((char const   **)(_1_init_$locals + 96)));
           ^
           "%s", 
/tigress/dataset/wasm-asteroids/tigress/virtualize.c:12266:34: warning: '__visibility__' attribute ignored when parsing type [-Wignored-attributes]
    *((char const __attribute__((__visibility__("default")))  **)(_1_init_$locals + 84)) = SDL_GetError();
                                 ^~~~~~~~~~~~~~~~~~~~~~~~~
/tigress/dataset/wasm-asteroids/tigress/virtualize.c:12269:34: warning: '__visibility__' attribute ignored when parsing type [-Wignored-attributes]
    *((char const __attribute__((__visibility__("default")))  **)(_1_init_$locals + 68)) = SDL_GetError();
                                 ^~~~~~~~~~~~~~~~~~~~~~~~~
/tigress/dataset/wasm-asteroids/tigress/virtualize.c:12276:85: warning: '__visibility__' attribute ignored when parsing type [-Wignored-attributes]
    printf(*((char const   **)(_1_init_$locals + 72)), *((char const __attribute__((__visibility__("default")))  **)(_1_init_$locals + 76)));
                                                                                    ^~~~~~~~~~~~~~~~~~~~~~~~~
/tigress/dataset/wasm-asteroids/tigress/virtualize.c:12279:43: warning: '__visibility__' attribute ignored when parsing type [-Wignored-attributes]
    *((struct SDL_Texture  __attribute__((__visibility__("default"))) **)(_1_init_$locals + 52)) = SDL_CreateTexture(*((SDL_Renderer **)(_1_init_$locals + 44)),
                                          ^~~~~~~~~~~~~~~~~~~~~~~~~
/tigress/dataset/wasm-asteroids/tigress/virtualize.c:12286:85: warning: '__visibility__' attribute ignored when parsing type [-Wignored-attributes]
    printf(*((char const   **)(_1_init_$locals + 24)), *((char const __attribute__((__visibility__("default")))  **)(_1_init_$locals + 28)));
                                                                                    ^~~~~~~~~~~~~~~~~~~~~~~~~
12 warnings generated.
